Compiling the C compiler identification source file "CMakeCCompilerId.c" failed.
Compiler: /Library/Developer/CommandLineTools/usr/bin/cc 
Build flags: 
Id flags:  

The output was:
1
ld: library not found for -lSystem
clang: error: linker command failed with exit code 1 (use -v to see invocation)


Determining if files sys/types.h;errno.h;inttypes.h;limits.h;regex.h;signal.h;stdarg.h;stdint.h;stdlib.h;string.h;strings.h;sys/time.h;time.h;unistd.h;pthread.h;windows.h exist failed with the following output:
Change Dir: /Users/miharek/Desktop/Magisterska/nicew-core/build/local/src/check/check-0.15.2/CMakeFiles/CMakeTmp

Run Build Command(s):/usr/bin/make -f Makefile cmTC_1ec68/fast && /Library/Developer/CommandLineTools/usr/bin/make  -f CMakeFiles/cmTC_1ec68.dir/build.make CMakeFiles/cmTC_1ec68.dir/build
Building C object CMakeFiles/cmTC_1ec68.dir/HAVE_WINDOWS_H.c.o
/Library/Developer/CommandLineTools/usr/bin/cc   -isysroot /Library/Developer/CommandLineTools/SDKs/MacOSX12.3.sdk -std=gnu99 -MD -MT CMakeFiles/cmTC_1ec68.dir/HAVE_WINDOWS_H.c.o -MF CMakeFiles/cmTC_1ec68.dir/HAVE_WINDOWS_H.c.o.d -o CMakeFiles/cmTC_1ec68.dir/HAVE_WINDOWS_H.c.o -c /Users/miharek/Desktop/Magisterska/nicew-core/build/local/src/check/check-0.15.2/CMakeFiles/CheckIncludeFiles/HAVE_WINDOWS_H.c
/Users/miharek/Desktop/Magisterska/nicew-core/build/local/src/check/check-0.15.2/CMakeFiles/CheckIncludeFiles/HAVE_WINDOWS_H.c:17:10: fatal error: 'windows.h' file not found
#include <windows.h>
         ^~~~~~~~~~~
1 error generated.
make[1]: *** [CMakeFiles/cmTC_1ec68.dir/HAVE_WINDOWS_H.c.o] Error 1
make: *** [cmTC_1ec68/fast] Error 2


Source:
/* */
#include <sys/types.h>
#include <errno.h>
#include <inttypes.h>
#include <limits.h>
#include <regex.h>
#include <signal.h>
#include <stdarg.h>
#include <stdint.h>
#include <stdlib.h>
#include <string.h>
#include <strings.h>
#include <sys/time.h>
#include <time.h>
#include <unistd.h>
#include <pthread.h>
#include <windows.h>


int main(void){return 0;}

Determining if the function _getpid exists failed with the following output:
Change Dir: /Users/miharek/Desktop/Magisterska/nicew-core/build/local/src/check/check-0.15.2/CMakeFiles/CMakeTmp

Run Build Command(s):/usr/bin/make -f Makefile cmTC_65d8f/fast && /Library/Developer/CommandLineTools/usr/bin/make  -f CMakeFiles/cmTC_65d8f.dir/build.make CMakeFiles/cmTC_65d8f.dir/build
Building C object CMakeFiles/cmTC_65d8f.dir/CheckFunctionExists.c.o
/Library/Developer/CommandLineTools/usr/bin/cc   -DCHECK_FUNCTION_EXISTS=_getpid -isysroot /Library/Developer/CommandLineTools/SDKs/MacOSX12.3.sdk -std=gnu99 -MD -MT CMakeFiles/cmTC_65d8f.dir/CheckFunctionExists.c.o -MF CMakeFiles/cmTC_65d8f.dir/CheckFunctionExists.c.o.d -o CMakeFiles/cmTC_65d8f.dir/CheckFunctionExists.c.o -c /usr/local/Cellar/cmake/3.23.3/share/cmake/Modules/CheckFunctionExists.c
Linking C executable cmTC_65d8f
/usr/local/Cellar/cmake/3.23.3/bin/cmake -E cmake_link_script CMakeFiles/cmTC_65d8f.dir/link.txt --verbose=1
/Library/Developer/CommandLineTools/usr/bin/cc  -DCHECK_FUNCTION_EXISTS=_getpid -isysroot /Library/Developer/CommandLineTools/SDKs/MacOSX12.3.sdk -Wl,-search_paths_first -Wl,-headerpad_max_install_names -L/Users/miharek/Desktop/Magisterska/nicew-core/build/local/lib  CMakeFiles/cmTC_65d8f.dir/CheckFunctionExists.c.o -o cmTC_65d8f 
Undefined symbols for architecture x86_64:
  "__getpid", referenced from:
      _main in CheckFunctionExists.c.o
ld: symbol(s) not found for architecture x86_64
clang: error: linker command failed with exit code 1 (use -v to see invocation)
make[1]: *** [cmTC_65d8f] Error 1
make: *** [cmTC_65d8f/fast] Error 2



Determining if the function _strdup exists failed with the following output:
Change Dir: /Users/miharek/Desktop/Magisterska/nicew-core/build/local/src/check/check-0.15.2/CMakeFiles/CMakeTmp

Run Build Command(s):/usr/bin/make -f Makefile cmTC_d37a7/fast && /Library/Developer/CommandLineTools/usr/bin/make  -f CMakeFiles/cmTC_d37a7.dir/build.make CMakeFiles/cmTC_d37a7.dir/build
Building C object CMakeFiles/cmTC_d37a7.dir/CheckFunctionExists.c.o
/Library/Developer/CommandLineTools/usr/bin/cc   -DCHECK_FUNCTION_EXISTS=_strdup -isysroot /Library/Developer/CommandLineTools/SDKs/MacOSX12.3.sdk -std=gnu99 -MD -MT CMakeFiles/cmTC_d37a7.dir/CheckFunctionExists.c.o -MF CMakeFiles/cmTC_d37a7.dir/CheckFunctionExists.c.o.d -o CMakeFiles/cmTC_d37a7.dir/CheckFunctionExists.c.o -c /usr/local/Cellar/cmake/3.23.3/share/cmake/Modules/CheckFunctionExists.c
Linking C executable cmTC_d37a7
/usr/local/Cellar/cmake/3.23.3/bin/cmake -E cmake_link_script CMakeFiles/cmTC_d37a7.dir/link.txt --verbose=1
/Library/Developer/CommandLineTools/usr/bin/cc  -DCHECK_FUNCTION_EXISTS=_strdup -isysroot /Library/Developer/CommandLineTools/SDKs/MacOSX12.3.sdk -Wl,-search_paths_first -Wl,-headerpad_max_install_names -L/Users/miharek/Desktop/Magisterska/nicew-core/build/local/lib  CMakeFiles/cmTC_d37a7.dir/CheckFunctionExists.c.o -o cmTC_d37a7 
Undefined symbols for architecture x86_64:
  "__strdup", referenced from:
      _main in CheckFunctionExists.c.o
ld: symbol(s) not found for architecture x86_64
clang: error: linker command failed with exit code 1 (use -v to see invocation)
make[1]: *** [cmTC_d37a7] Error 1
make: *** [cmTC_d37a7/fast] Error 2



Performing C SOURCE FILE Test HAVE_STRUCT_ITIMERSPEC_IT_VALUE failed with the following output:
Change Dir: /Users/miharek/Desktop/Magisterska/nicew-core/build/local/src/check/check-0.15.2/CMakeFiles/CMakeTmp

Run Build Command(s):/usr/bin/make -f Makefile cmTC_ce9e3/fast && /Library/Developer/CommandLineTools/usr/bin/make  -f CMakeFiles/cmTC_ce9e3.dir/build.make CMakeFiles/cmTC_ce9e3.dir/build
Building C object CMakeFiles/cmTC_ce9e3.dir/src.c.o
/Library/Developer/CommandLineTools/usr/bin/cc -DHAVE_STRUCT_ITIMERSPEC_IT_VALUE  -isysroot /Library/Developer/CommandLineTools/SDKs/MacOSX12.3.sdk -std=gnu99 -MD -MT CMakeFiles/cmTC_ce9e3.dir/src.c.o -MF CMakeFiles/cmTC_ce9e3.dir/src.c.o.d -o CMakeFiles/cmTC_ce9e3.dir/src.c.o -c /Users/miharek/Desktop/Magisterska/nicew-core/build/local/src/check/check-0.15.2/CMakeFiles/CMakeTmp/src.c
/Users/miharek/Desktop/Magisterska/nicew-core/build/local/src/check/check-0.15.2/CMakeFiles/CMakeTmp/src.c:6:29: error: variable has incomplete type 'struct itimerspec'
   static struct itimerspec tmp;
                            ^
/Users/miharek/Desktop/Magisterska/nicew-core/build/local/src/check/check-0.15.2/CMakeFiles/CMakeTmp/src.c:6:18: note: forward declaration of 'struct itimerspec'
   static struct itimerspec tmp;
                 ^
1 error generated.
make[1]: *** [CMakeFiles/cmTC_ce9e3.dir/src.c.o] Error 1
make: *** [cmTC_ce9e3/fast] Error 2


Source file was:

#include <sys/time.h>

int main()
{
   static struct itimerspec tmp;
   if (sizeof(tmp.it_value))
      return 0;
  return 0;
}

Determining size of __int64 failed with the following output:
Change Dir: /Users/miharek/Desktop/Magisterska/nicew-core/build/local/src/check/check-0.15.2/CMakeFiles/CMakeTmp

Run Build Command(s):/usr/bin/make -f Makefile cmTC_46fc6/fast && /Library/Developer/CommandLineTools/usr/bin/make  -f CMakeFiles/cmTC_46fc6.dir/build.make CMakeFiles/cmTC_46fc6.dir/build
Building C object CMakeFiles/cmTC_46fc6.dir/__INT64.c.o
/Library/Developer/CommandLineTools/usr/bin/cc   -isysroot /Library/Developer/CommandLineTools/SDKs/MacOSX12.3.sdk -std=gnu99 -MD -MT CMakeFiles/cmTC_46fc6.dir/__INT64.c.o -MF CMakeFiles/cmTC_46fc6.dir/__INT64.c.o.d -o CMakeFiles/cmTC_46fc6.dir/__INT64.c.o -c /Users/miharek/Desktop/Magisterska/nicew-core/build/local/src/check/check-0.15.2/CMakeFiles/CheckTypeSize/__INT64.c
/Users/miharek/Desktop/Magisterska/nicew-core/build/local/src/check/check-0.15.2/CMakeFiles/CheckTypeSize/__INT64.c:29:12: error: use of undeclared identifier '__int64'
  ('0' + ((SIZE / 10000)%10)),
           ^
/Users/miharek/Desktop/Magisterska/nicew-core/build/local/src/check/check-0.15.2/CMakeFiles/CheckTypeSize/__INT64.c:27:22: note: expanded from macro 'SIZE'
#define SIZE (sizeof(__int64))
                     ^
/Users/miharek/Desktop/Magisterska/nicew-core/build/local/src/check/check-0.15.2/CMakeFiles/CheckTypeSize/__INT64.c:30:12: error: use of undeclared identifier '__int64'
  ('0' + ((SIZE / 1000)%10)),
           ^
/Users/miharek/Desktop/Magisterska/nicew-core/build/local/src/check/check-0.15.2/CMakeFiles/CheckTypeSize/__INT64.c:27:22: note: expanded from macro 'SIZE'
#define SIZE (sizeof(__int64))
                     ^
/Users/miharek/Desktop/Magisterska/nicew-core/build/local/src/check/check-0.15.2/CMakeFiles/CheckTypeSize/__INT64.c:31:12: error: use of undeclared identifier '__int64'
  ('0' + ((SIZE / 100)%10)),
           ^
/Users/miharek/Desktop/Magisterska/nicew-core/build/local/src/check/check-0.15.2/CMakeFiles/CheckTypeSize/__INT64.c:27:22: note: expanded from macro 'SIZE'
#define SIZE (sizeof(__int64))
                     ^
/Users/miharek/Desktop/Magisterska/nicew-core/build/local/src/check/check-0.15.2/CMakeFiles/CheckTypeSize/__INT64.c:32:12: error: use of undeclared identifier '__int64'
  ('0' + ((SIZE / 10)%10)),
           ^
/Users/miharek/Desktop/Magisterska/nicew-core/build/local/src/check/check-0.15.2/CMakeFiles/CheckTypeSize/__INT64.c:27:22: note: expanded from macro 'SIZE'
#define SIZE (sizeof(__int64))
                     ^
/Users/miharek/Desktop/Magisterska/nicew-core/build/local/src/check/check-0.15.2/CMakeFiles/CheckTypeSize/__INT64.c:33:12: error: use of undeclared identifier '__int64'
  ('0' +  (SIZE    % 10)),
           ^
/Users/miharek/Desktop/Magisterska/nicew-core/build/local/src/check/check-0.15.2/CMakeFiles/CheckTypeSize/__INT64.c:27:22: note: expanded from macro 'SIZE'
#define SIZE (sizeof(__int64))
                     ^
5 errors generated.
make[1]: *** [CMakeFiles/cmTC_46fc6.dir/__INT64.c.o] Error 1
make: *** [cmTC_46fc6/fast] Error 2


/Users/miharek/Desktop/Magisterska/nicew-core/build/local/src/check/check-0.15.2/CMakeFiles/CheckTypeSize/__INT64.c:
#include <sys/types.h>
#include <stdint.h>
#include <stddef.h>


#undef KEY
#if defined(__i386)
# define KEY '_','_','i','3','8','6'
#elif defined(__x86_64)
# define KEY '_','_','x','8','6','_','6','4'
#elif defined(__PPC64__)
# define KEY '_','_','P','P','C','6','4','_','_'
#elif defined(__ppc64__)
# define KEY '_','_','p','p','c','6','4','_','_'
#elif defined(__PPC__)
# define KEY '_','_','P','P','C','_','_'
#elif defined(__ppc__)
# define KEY '_','_','p','p','c','_','_'
#elif defined(__aarch64__)
# define KEY '_','_','a','a','r','c','h','6','4','_','_'
#elif defined(__ARM_ARCH_7A__)
# define KEY '_','_','A','R','M','_','A','R','C','H','_','7','A','_','_'
#elif defined(__ARM_ARCH_7S__)
# define KEY '_','_','A','R','M','_','A','R','C','H','_','7','S','_','_'
#endif

#define SIZE (sizeof(__int64))
static char info_size[] =  {'I', 'N', 'F', 'O', ':', 's','i','z','e','[',
  ('0' + ((SIZE / 10000)%10)),
  ('0' + ((SIZE / 1000)%10)),
  ('0' + ((SIZE / 100)%10)),
  ('0' + ((SIZE / 10)%10)),
  ('0' +  (SIZE    % 10)),
  ']',
#ifdef KEY
  ' ','k','e','y','[', KEY, ']',
#endif
  '\0'};

#ifdef __CLASSIC_C__
int main(argc, argv) int argc; char *argv[];
#else
int main(int argc, char *argv[])
#endif
{
  int require = 0;
  require += info_size[argc];
  (void)argv;
  return require;
}


Determining size of unsigned __int64 failed with the following output:
Change Dir: /Users/miharek/Desktop/Magisterska/nicew-core/build/local/src/check/check-0.15.2/CMakeFiles/CMakeTmp

Run Build Command(s):/usr/bin/make -f Makefile cmTC_25220/fast && /Library/Developer/CommandLineTools/usr/bin/make  -f CMakeFiles/cmTC_25220.dir/build.make CMakeFiles/cmTC_25220.dir/build
Building C object CMakeFiles/cmTC_25220.dir/UNSIGNED___INT64.c.o
/Library/Developer/CommandLineTools/usr/bin/cc   -isysroot /Library/Developer/CommandLineTools/SDKs/MacOSX12.3.sdk -std=gnu99 -MD -MT CMakeFiles/cmTC_25220.dir/UNSIGNED___INT64.c.o -MF CMakeFiles/cmTC_25220.dir/UNSIGNED___INT64.c.o.d -o CMakeFiles/cmTC_25220.dir/UNSIGNED___INT64.c.o -c /Users/miharek/Desktop/Magisterska/nicew-core/build/local/src/check/check-0.15.2/CMakeFiles/CheckTypeSize/UNSIGNED___INT64.c
/Users/miharek/Desktop/Magisterska/nicew-core/build/local/src/check/check-0.15.2/CMakeFiles/CheckTypeSize/UNSIGNED___INT64.c:29:12: error: expected ')'
  ('0' + ((SIZE / 10000)%10)),
           ^
/Users/miharek/Desktop/Magisterska/nicew-core/build/local/src/check/check-0.15.2/CMakeFiles/CheckTypeSize/UNSIGNED___INT64.c:27:31: note: expanded from macro 'SIZE'
#define SIZE (sizeof(unsigned __int64))
                              ^
/Users/miharek/Desktop/Magisterska/nicew-core/build/local/src/check/check-0.15.2/CMakeFiles/CheckTypeSize/UNSIGNED___INT64.c:29:12: note: to match this '('
/Users/miharek/Desktop/Magisterska/nicew-core/build/local/src/check/check-0.15.2/CMakeFiles/CheckTypeSize/UNSIGNED___INT64.c:27:21: note: expanded from macro 'SIZE'
#define SIZE (sizeof(unsigned __int64))
                    ^
/Users/miharek/Desktop/Magisterska/nicew-core/build/local/src/check/check-0.15.2/CMakeFiles/CheckTypeSize/UNSIGNED___INT64.c:30:12: error: expected ')'
  ('0' + ((SIZE / 1000)%10)),
           ^
/Users/miharek/Desktop/Magisterska/nicew-core/build/local/src/check/check-0.15.2/CMakeFiles/CheckTypeSize/UNSIGNED___INT64.c:27:31: note: expanded from macro 'SIZE'
#define SIZE (sizeof(unsigned __int64))
                              ^
/Users/miharek/Desktop/Magisterska/nicew-core/build/local/src/check/check-0.15.2/CMakeFiles/CheckTypeSize/UNSIGNED___INT64.c:30:12: note: to match this '('
/Users/miharek/Desktop/Magisterska/nicew-core/build/local/src/check/check-0.15.2/CMakeFiles/CheckTypeSize/UNSIGNED___INT64.c:27:21: note: expanded from macro 'SIZE'
#define SIZE (sizeof(unsigned __int64))
                    ^
/Users/miharek/Desktop/Magisterska/nicew-core/build/local/src/check/check-0.15.2/CMakeFiles/CheckTypeSize/UNSIGNED___INT64.c:31:12: error: expected ')'
  ('0' + ((SIZE / 100)%10)),
           ^
/Users/miharek/Desktop/Magisterska/nicew-core/build/local/src/check/check-0.15.2/CMakeFiles/CheckTypeSize/UNSIGNED___INT64.c:27:31: note: expanded from macro 'SIZE'
#define SIZE (sizeof(unsigned __int64))
                              ^
/Users/miharek/Desktop/Magisterska/nicew-core/build/local/src/check/check-0.15.2/CMakeFiles/CheckTypeSize/UNSIGNED___INT64.c:31:12: note: to match this '('
/Users/miharek/Desktop/Magisterska/nicew-core/build/local/src/check/check-0.15.2/CMakeFiles/CheckTypeSize/UNSIGNED___INT64.c:27:21: note: expanded from macro 'SIZE'
#define SIZE (sizeof(unsigned __int64))
                    ^
/Users/miharek/Desktop/Magisterska/nicew-core/build/local/src/check/check-0.15.2/CMakeFiles/CheckTypeSize/UNSIGNED___INT64.c:32:12: error: expected ')'
  ('0' + ((SIZE / 10)%10)),
           ^
/Users/miharek/Desktop/Magisterska/nicew-core/build/local/src/check/check-0.15.2/CMakeFiles/CheckTypeSize/UNSIGNED___INT64.c:27:31: note: expanded from macro 'SIZE'
#define SIZE (sizeof(unsigned __int64))
                              ^
/Users/miharek/Desktop/Magisterska/nicew-core/build/local/src/check/check-0.15.2/CMakeFiles/CheckTypeSize/UNSIGNED___INT64.c:32:12: note: to match this '('
/Users/miharek/Desktop/Magisterska/nicew-core/build/local/src/check/check-0.15.2/CMakeFiles/CheckTypeSize/UNSIGNED___INT64.c:27:21: note: expanded from macro 'SIZE'
#define SIZE (sizeof(unsigned __int64))
                    ^
/Users/miharek/Desktop/Magisterska/nicew-core/build/local/src/check/check-0.15.2/CMakeFiles/CheckTypeSize/UNSIGNED___INT64.c:33:12: error: expected ')'
  ('0' +  (SIZE    % 10)),
           ^
/Users/miharek/Desktop/Magisterska/nicew-core/build/local/src/check/check-0.15.2/CMakeFiles/CheckTypeSize/UNSIGNED___INT64.c:27:31: note: expanded from macro 'SIZE'
#define SIZE (sizeof(unsigned __int64))
                              ^
/Users/miharek/Desktop/Magisterska/nicew-core/build/local/src/check/check-0.15.2/CMakeFiles/CheckTypeSize/UNSIGNED___INT64.c:33:12: note: to match this '('
/Users/miharek/Desktop/Magisterska/nicew-core/build/local/src/check/check-0.15.2/CMakeFiles/CheckTypeSize/UNSIGNED___INT64.c:27:21: note: expanded from macro 'SIZE'
#define SIZE (sizeof(unsigned __int64))
                    ^
5 errors generated.
make[1]: *** [CMakeFiles/cmTC_25220.dir/UNSIGNED___INT64.c.o] Error 1
make: *** [cmTC_25220/fast] Error 2


/Users/miharek/Desktop/Magisterska/nicew-core/build/local/src/check/check-0.15.2/CMakeFiles/CheckTypeSize/UNSIGNED___INT64.c:
#include <sys/types.h>
#include <stdint.h>
#include <stddef.h>


#undef KEY
#if defined(__i386)
# define KEY '_','_','i','3','8','6'
#elif defined(__x86_64)
# define KEY '_','_','x','8','6','_','6','4'
#elif defined(__PPC64__)
# define KEY '_','_','P','P','C','6','4','_','_'
#elif defined(__ppc64__)
# define KEY '_','_','p','p','c','6','4','_','_'
#elif defined(__PPC__)
# define KEY '_','_','P','P','C','_','_'
#elif defined(__ppc__)
# define KEY '_','_','p','p','c','_','_'
#elif defined(__aarch64__)
# define KEY '_','_','a','a','r','c','h','6','4','_','_'
#elif defined(__ARM_ARCH_7A__)
# define KEY '_','_','A','R','M','_','A','R','C','H','_','7','A','_','_'
#elif defined(__ARM_ARCH_7S__)
# define KEY '_','_','A','R','M','_','A','R','C','H','_','7','S','_','_'
#endif

#define SIZE (sizeof(unsigned __int64))
static char info_size[] =  {'I', 'N', 'F', 'O', ':', 's','i','z','e','[',
  ('0' + ((SIZE / 10000)%10)),
  ('0' + ((SIZE / 1000)%10)),
  ('0' + ((SIZE / 100)%10)),
  ('0' + ((SIZE / 10)%10)),
  ('0' +  (SIZE    % 10)),
  ']',
#ifdef KEY
  ' ','k','e','y','[', KEY, ']',
#endif
  '\0'};

#ifdef __CLASSIC_C__
int main(argc, argv) int argc; char *argv[];
#else
int main(int argc, char *argv[])
#endif
{
  int require = 0;
  require += info_size[argc];
  (void)argv;
  return require;
}


Determining size of timer_t failed with the following output:
Change Dir: /Users/miharek/Desktop/Magisterska/nicew-core/build/local/src/check/check-0.15.2/CMakeFiles/CMakeTmp

Run Build Command(s):/usr/bin/make -f Makefile cmTC_4d38b/fast && /Library/Developer/CommandLineTools/usr/bin/make  -f CMakeFiles/cmTC_4d38b.dir/build.make CMakeFiles/cmTC_4d38b.dir/build
Building C object CMakeFiles/cmTC_4d38b.dir/TIMER_T.c.o
/Library/Developer/CommandLineTools/usr/bin/cc   -isysroot /Library/Developer/CommandLineTools/SDKs/MacOSX12.3.sdk -std=gnu99 -MD -MT CMakeFiles/cmTC_4d38b.dir/TIMER_T.c.o -MF CMakeFiles/cmTC_4d38b.dir/TIMER_T.c.o.d -o CMakeFiles/cmTC_4d38b.dir/TIMER_T.c.o -c /Users/miharek/Desktop/Magisterska/nicew-core/build/local/src/check/check-0.15.2/CMakeFiles/CheckTypeSize/TIMER_T.c
/Users/miharek/Desktop/Magisterska/nicew-core/build/local/src/check/check-0.15.2/CMakeFiles/CheckTypeSize/TIMER_T.c:30:12: error: use of undeclared identifier 'timer_t'; did you mean 'timegm'?
  ('0' + ((SIZE / 10000)%10)),
           ^
/Users/miharek/Desktop/Magisterska/nicew-core/build/local/src/check/check-0.15.2/CMakeFiles/CheckTypeSize/TIMER_T.c:28:22: note: expanded from macro 'SIZE'
#define SIZE (sizeof(timer_t))
                     ^
/Library/Developer/CommandLineTools/SDKs/MacOSX12.3.sdk/usr/include/time.h:138:8: note: 'timegm' declared here
time_t timegm(struct tm * const);
       ^
/Users/miharek/Desktop/Magisterska/nicew-core/build/local/src/check/check-0.15.2/CMakeFiles/CheckTypeSize/TIMER_T.c:31:12: error: use of undeclared identifier 'timer_t'; did you mean 'timegm'?
  ('0' + ((SIZE / 1000)%10)),
           ^
/Users/miharek/Desktop/Magisterska/nicew-core/build/local/src/check/check-0.15.2/CMakeFiles/CheckTypeSize/TIMER_T.c:28:22: note: expanded from macro 'SIZE'
#define SIZE (sizeof(timer_t))
                     ^
/Library/Developer/CommandLineTools/SDKs/MacOSX12.3.sdk/usr/include/time.h:138:8: note: 'timegm' declared here
time_t timegm(struct tm * const);
       ^
/Users/miharek/Desktop/Magisterska/nicew-core/build/local/src/check/check-0.15.2/CMakeFiles/CheckTypeSize/TIMER_T.c:32:12: error: use of undeclared identifier 'timer_t'; did you mean 'timegm'?
  ('0' + ((SIZE / 100)%10)),
           ^
/Users/miharek/Desktop/Magisterska/nicew-core/build/local/src/check/check-0.15.2/CMakeFiles/CheckTypeSize/TIMER_T.c:28:22: note: expanded from macro 'SIZE'
#define SIZE (sizeof(timer_t))
                     ^
/Library/Developer/CommandLineTools/SDKs/MacOSX12.3.sdk/usr/include/time.h:138:8: note: 'timegm' declared here
time_t timegm(struct tm * const);
       ^
/Users/miharek/Desktop/Magisterska/nicew-core/build/local/src/check/check-0.15.2/CMakeFiles/CheckTypeSize/TIMER_T.c:33:12: error: use of undeclared identifier 'timer_t'; did you mean 'timegm'?
  ('0' + ((SIZE / 10)%10)),
           ^
/Users/miharek/Desktop/Magisterska/nicew-core/build/local/src/check/check-0.15.2/CMakeFiles/CheckTypeSize/TIMER_T.c:28:22: note: expanded from macro 'SIZE'
#define SIZE (sizeof(timer_t))
                     ^
/Library/Developer/CommandLineTools/SDKs/MacOSX12.3.sdk/usr/include/time.h:138:8: note: 'timegm' declared here
time_t timegm(struct tm * const);
       ^
/Users/miharek/Desktop/Magisterska/nicew-core/build/local/src/check/check-0.15.2/CMakeFiles/CheckTypeSize/TIMER_T.c:34:12: error: use of undeclared identifier 'timer_t'; did you mean 'timegm'?
  ('0' +  (SIZE    % 10)),
           ^
/Users/miharek/Desktop/Magisterska/nicew-core/build/local/src/check/check-0.15.2/CMakeFiles/CheckTypeSize/TIMER_T.c:28:22: note: expanded from macro 'SIZE'
#define SIZE (sizeof(timer_t))
                     ^
/Library/Developer/CommandLineTools/SDKs/MacOSX12.3.sdk/usr/include/time.h:138:8: note: 'timegm' declared here
time_t timegm(struct tm * const);
       ^
5 errors generated.
make[1]: *** [CMakeFiles/cmTC_4d38b.dir/TIMER_T.c.o] Error 1
make: *** [cmTC_4d38b/fast] Error 2


/Users/miharek/Desktop/Magisterska/nicew-core/build/local/src/check/check-0.15.2/CMakeFiles/CheckTypeSize/TIMER_T.c:
#include <sys/types.h>
#include <stdint.h>
#include <stddef.h>
#include "time.h"


#undef KEY
#if defined(__i386)
# define KEY '_','_','i','3','8','6'
#elif defined(__x86_64)
# define KEY '_','_','x','8','6','_','6','4'
#elif defined(__PPC64__)
# define KEY '_','_','P','P','C','6','4','_','_'
#elif defined(__ppc64__)
# define KEY '_','_','p','p','c','6','4','_','_'
#elif defined(__PPC__)
# define KEY '_','_','P','P','C','_','_'
#elif defined(__ppc__)
# define KEY '_','_','p','p','c','_','_'
#elif defined(__aarch64__)
# define KEY '_','_','a','a','r','c','h','6','4','_','_'
#elif defined(__ARM_ARCH_7A__)
# define KEY '_','_','A','R','M','_','A','R','C','H','_','7','A','_','_'
#elif defined(__ARM_ARCH_7S__)
# define KEY '_','_','A','R','M','_','A','R','C','H','_','7','S','_','_'
#endif

#define SIZE (sizeof(timer_t))
static char info_size[] =  {'I', 'N', 'F', 'O', ':', 's','i','z','e','[',
  ('0' + ((SIZE / 10000)%10)),
  ('0' + ((SIZE / 1000)%10)),
  ('0' + ((SIZE / 100)%10)),
  ('0' + ((SIZE / 10)%10)),
  ('0' +  (SIZE    % 10)),
  ']',
#ifdef KEY
  ' ','k','e','y','[', KEY, ']',
#endif
  '\0'};

#ifdef __CLASSIC_C__
int main(argc, argv) int argc; char *argv[];
#else
int main(int argc, char *argv[])
#endif
{
  int require = 0;
  require += info_size[argc];
  (void)argv;
  return require;
}


Determining if the function clock_gettime exists in the rt failed with the following output:
Change Dir: /Users/miharek/Desktop/Magisterska/nicew-core/build/local/src/check/check-0.15.2/CMakeFiles/CMakeTmp

Run Build Command(s):/usr/bin/make -f Makefile cmTC_90f75/fast && /Library/Developer/CommandLineTools/usr/bin/make  -f CMakeFiles/cmTC_90f75.dir/build.make CMakeFiles/cmTC_90f75.dir/build
Building C object CMakeFiles/cmTC_90f75.dir/CheckFunctionExists.c.o
/Library/Developer/CommandLineTools/usr/bin/cc   -DCHECK_FUNCTION_EXISTS=clock_gettime -isysroot /Library/Developer/CommandLineTools/SDKs/MacOSX12.3.sdk -std=gnu99 -MD -MT CMakeFiles/cmTC_90f75.dir/CheckFunctionExists.c.o -MF CMakeFiles/cmTC_90f75.dir/CheckFunctionExists.c.o.d -o CMakeFiles/cmTC_90f75.dir/CheckFunctionExists.c.o -c /usr/local/Cellar/cmake/3.23.3/share/cmake/Modules/CheckFunctionExists.c
Linking C executable cmTC_90f75
/usr/local/Cellar/cmake/3.23.3/bin/cmake -E cmake_link_script CMakeFiles/cmTC_90f75.dir/link.txt --verbose=1
/Library/Developer/CommandLineTools/usr/bin/cc  -DCHECK_FUNCTION_EXISTS=clock_gettime -isysroot /Library/Developer/CommandLineTools/SDKs/MacOSX12.3.sdk -Wl,-search_paths_first -Wl,-headerpad_max_install_names -L/Users/miharek/Desktop/Magisterska/nicew-core/build/local/lib  CMakeFiles/cmTC_90f75.dir/CheckFunctionExists.c.o -o cmTC_90f75  -lrt 
ld: library not found for -lrt
clang: error: linker command failed with exit code 1 (use -v to see invocation)
make[1]: *** [cmTC_90f75] Error 1
make: *** [cmTC_90f75/fast] Error 2



Determining if the function subunit_test_start exists in the subunit failed with the following output:
Change Dir: /Users/miharek/Desktop/Magisterska/nicew-core/build/local/src/check/check-0.15.2/CMakeFiles/CMakeTmp

Run Build Command(s):/usr/bin/make -f Makefile cmTC_feae0/fast && /Library/Developer/CommandLineTools/usr/bin/make  -f CMakeFiles/cmTC_feae0.dir/build.make CMakeFiles/cmTC_feae0.dir/build
Building C object CMakeFiles/cmTC_feae0.dir/CheckFunctionExists.c.o
/Library/Developer/CommandLineTools/usr/bin/cc   -DCHECK_FUNCTION_EXISTS=subunit_test_start -isysroot /Library/Developer/CommandLineTools/SDKs/MacOSX12.3.sdk -std=gnu99 -MD -MT CMakeFiles/cmTC_feae0.dir/CheckFunctionExists.c.o -MF CMakeFiles/cmTC_feae0.dir/CheckFunctionExists.c.o.d -o CMakeFiles/cmTC_feae0.dir/CheckFunctionExists.c.o -c /usr/local/Cellar/cmake/3.23.3/share/cmake/Modules/CheckFunctionExists.c
Linking C executable cmTC_feae0
/usr/local/Cellar/cmake/3.23.3/bin/cmake -E cmake_link_script CMakeFiles/cmTC_feae0.dir/link.txt --verbose=1
/Library/Developer/CommandLineTools/usr/bin/cc  -DCHECK_FUNCTION_EXISTS=subunit_test_start -isysroot /Library/Developer/CommandLineTools/SDKs/MacOSX12.3.sdk -Wl,-search_paths_first -Wl,-headerpad_max_install_names -L/Users/miharek/Desktop/Magisterska/nicew-core/build/local/lib  CMakeFiles/cmTC_feae0.dir/CheckFunctionExists.c.o -o cmTC_feae0  -lsubunit 
ld: library not found for -lsubunit
clang: error: linker command failed with exit code 1 (use -v to see invocation)
make[1]: *** [cmTC_feae0] Error 1
make: *** [cmTC_feae0/fast] Error 2



