This file contains any messages produced by compilers while
running configure, to aid debugging if configure makes a mistake.

It was created by Protocol Buffers configure 3.19.2, which was
generated by GNU Autoconf 2.71.  Invocation command line was

  $ ./configure --prefix=/Users/miharek/Desktop/Magisterska/nicew-core/build/local

## --------- ##
## Platform. ##
## --------- ##

hostname = Mihaels-MacBook-Pro.local
uname -m = x86_64
uname -r = 21.5.0
uname -s = Darwin
uname -v = Darwin Kernel Version 21.5.0: Tue Apr 26 21:08:22 PDT 2022; root:xnu-8020.121.3~4/RELEASE_X86_64

/usr/bin/uname -p = i386
/bin/uname -X     = unknown

/bin/arch              = unknown
/usr/bin/arch -k       = unknown
/usr/convex/getsysinfo = unknown
/usr/bin/hostinfo      = Mach kernel version:
	 Darwin Kernel Version 21.5.0: Tue Apr 26 21:08:22 PDT 2022; root:xnu-8020.121.3~4/RELEASE_X86_64
Kernel configured for up to 8 processors.
4 processors are physically available.
8 processors are logically available.
Processor type: x86_64h (Intel x86-64h Haswell)
Processors active: 0 1 2 3 4 5 6 7
Primary memory available: 16.00 gigabytes
Default processor set: 598 tasks, 2599 threads, 8 processors
Load average: 4.55, Mach factor: 3.48
/bin/machine           = unknown
/usr/bin/oslevel       = unknown
/bin/universe          = unknown

PATH: /Users/miharek/Desktop/Magisterska/nicew-core/build/local/bin/
PATH: /usr/local/bin/
PATH: /usr/bin/
PATH: /bin/
PATH: /usr/sbin/
PATH: /sbin/
PATH: /Library/Apple/usr/bin/


## ----------- ##
## Core tests. ##
## ----------- ##

configure:3058: looking for aux files: ltmain.sh ar-lib compile missing install-sh config.guess config.sub
configure:3071:  trying ./
configure:3100:   ./ltmain.sh found
configure:3100:   ./ar-lib found
configure:3100:   ./compile found
configure:3100:   ./missing found
configure:3082:   ./install-sh found
configure:3100:   ./config.guess found
configure:3100:   ./config.sub found
configure:3213: checking whether to enable maintainer-specific portions of Makefiles
configure:3223: result: yes
configure:3274: checking build system type
configure:3289: result: x86_64-apple-darwin21.5.0
configure:3309: checking host system type
configure:3323: result: x86_64-apple-darwin21.5.0
configure:3343: checking target system type
configure:3357: result: x86_64-apple-darwin21.5.0
configure:3401: checking for a BSD-compatible install
configure:3474: result: /usr/bin/install -c
configure:3485: checking whether build environment is sane
configure:3540: result: yes
configure:3699: checking for a race-free mkdir -p
configure:3743: result: ./install-sh -c -d
configure:3750: checking for gawk
configure:3785: result: no
configure:3750: checking for mawk
configure:3785: result: no
configure:3750: checking for nawk
configure:3785: result: no
configure:3750: checking for awk
configure:3771: found /usr/bin/awk
configure:3782: result: awk
configure:3793: checking whether make sets $(MAKE)
configure:3816: result: yes
configure:3846: checking whether make supports nested variables
configure:3864: result: yes
configure:3949: checking whether UID '501' is supported by ustar format
configure:3952: result: yes
configure:3959: checking whether GID '20' is supported by ustar format
configure:3962: result: yes
configure:3970: checking how to create a ustar tar archive
configure:3981: tar --version
bsdtar 3.5.1 - libarchive 3.5.1 zlib/1.2.11 liblzma/5.0.5 bz2lib/1.0.8 
configure:3984: $? = 0
configure:4024: tardir=conftest.dir && eval tar --format=ustar -chf - "$tardir" >conftest.tar
configure:4027: $? = 0
configure:4031: tar -xf - <conftest.tar
configure:4034: $? = 0
configure:4036: cat conftest.dir/file
GrepMe
configure:4039: $? = 0
configure:4053: result: gnutar
configure:4133: checking whether make supports nested variables
configure:4151: result: yes
configure:4262: checking for gcc
configure:4283: found /usr/bin/gcc
configure:4294: result: gcc
configure:4647: checking for C compiler version
configure:4656: gcc --version >&5
Apple clang version 13.1.6 (clang-1316.0.21.2.5)
Target: x86_64-apple-darwin21.5.0
Thread model: posix
InstalledDir: /Applications/Xcode.app/Contents/Developer/Toolchains/XcodeDefault.xctoolchain/usr/bin
configure:4667: $? = 0
configure:4656: gcc -v >&5
Apple clang version 13.1.6 (clang-1316.0.21.2.5)
Target: x86_64-apple-darwin21.5.0
Thread model: posix
InstalledDir: /Applications/Xcode.app/Contents/Developer/Toolchains/XcodeDefault.xctoolchain/usr/bin
configure:4667: $? = 0
configure:4656: gcc -V >&5
clang: error: argument to '-V' is missing (expected 1 value)
clang: error: no input files
configure:4667: $? = 1
configure:4656: gcc -qversion >&5
clang: error: unknown argument '-qversion'; did you mean '--version'?
clang: error: no input files
configure:4667: $? = 1
configure:4656: gcc -version >&5
clang: error: unknown argument '-version'; did you mean '--version'?
clang: error: no input files
configure:4667: $? = 1
configure:4687: checking whether the C compiler works
configure:4709: gcc   -L/Users/miharek/Desktop/Magisterska/nicew-core/build/local/lib conftest.c  >&5
configure:4713: $? = 0
configure:4763: result: yes
configure:4766: checking for C compiler default output file name
configure:4768: result: a.out
configure:4774: checking for suffix of executables
configure:4781: gcc -o conftest   -L/Users/miharek/Desktop/Magisterska/nicew-core/build/local/lib conftest.c  >&5
configure:4785: $? = 0
configure:4808: result: 
configure:4830: checking whether we are cross compiling
configure:4838: gcc -o conftest   -L/Users/miharek/Desktop/Magisterska/nicew-core/build/local/lib conftest.c  >&5
configure:4842: $? = 0
configure:4849: ./conftest
configure:4853: $? = 0
configure:4868: result: no
configure:4873: checking for suffix of object files
configure:4896: gcc -c   conftest.c >&5
configure:4900: $? = 0
configure:4922: result: o
configure:4926: checking whether the compiler supports GNU C
configure:4946: gcc -c   conftest.c >&5
configure:4946: $? = 0
configure:4956: result: yes
configure:4967: checking whether gcc accepts -g
configure:4988: gcc -c -g  conftest.c >&5
configure:4988: $? = 0
configure:5032: result: yes
configure:5052: checking for gcc option to enable C11 features
configure:5067: gcc  -c   conftest.c >&5
configure:5067: $? = 0
configure:5085: result: none needed
configure:5201: checking whether gcc understands -c and -o together
configure:5224: gcc -c conftest.c -o conftest2.o
configure:5227: $? = 0
configure:5224: gcc -c conftest.c -o conftest2.o
configure:5227: $? = 0
configure:5239: result: yes
configure:5259: checking whether make supports the include directive
configure:5274: make -f confmf.GNU && cat confinc.out
this is the am__doit target
configure:5277: $? = 0
configure:5296: result: yes (GNU style)
configure:5322: checking dependency style of gcc
configure:5434: result: gcc3
configure:5518: checking for g++
configure:5539: found /usr/bin/g++
configure:5550: result: g++
configure:5577: checking for C++ compiler version
configure:5586: g++ --version >&5
Apple clang version 13.1.6 (clang-1316.0.21.2.5)
Target: x86_64-apple-darwin21.5.0
Thread model: posix
InstalledDir: /Applications/Xcode.app/Contents/Developer/Toolchains/XcodeDefault.xctoolchain/usr/bin
configure:5597: $? = 0
configure:5586: g++ -v >&5
Apple clang version 13.1.6 (clang-1316.0.21.2.5)
Target: x86_64-apple-darwin21.5.0
Thread model: posix
InstalledDir: /Applications/Xcode.app/Contents/Developer/Toolchains/XcodeDefault.xctoolchain/usr/bin
configure:5597: $? = 0
configure:5586: g++ -V >&5
clang: error: argument to '-V' is missing (expected 1 value)
clang: error: no input files
configure:5597: $? = 1
configure:5586: g++ -qversion >&5
clang: error: unknown argument '-qversion'; did you mean '--version'?
clang: error: no input files
configure:5597: $? = 1
configure:5601: checking whether the compiler supports GNU C++
configure:5621: g++ -c   conftest.cpp >&5
configure:5621: $? = 0
configure:5631: result: yes
configure:5642: checking whether g++ accepts -g
configure:5663: g++ -c -g  conftest.cpp >&5
configure:5663: $? = 0
configure:5707: result: yes
configure:5727: checking for g++ option to enable C++11 features
configure:5742: g++  -c   conftest.cpp >&5
conftest.cpp:57:3: error: "Compiler does not advertise C++11 conformance"
# error "Compiler does not advertise C++11 conformance"
  ^
conftest.cpp:62:3: error: unknown type name 'constexpr'
  constexpr int get_val() { return 20; }
  ^
conftest.cpp:74:17: error: delegating constructors are permitted only in C++11
    delegate(): delegate(2354) {}
                ^~~~~~~~
conftest.cpp:85:26: warning: 'override' keyword is a C++11 extension [-Wc++11-extensions]
    virtual int getval() override final { return this->n * 2; }
                         ^
conftest.cpp:85:35: warning: 'final' keyword is a C++11 extension [-Wc++11-extensions]
    virtual int getval() override final { return this->n * 2; }
                                  ^
conftest.cpp:92:16: warning: defaulted function definitions are a C++11 extension [-Wc++11-extensions]
    nocopy() = default;
               ^
conftest.cpp:93:29: warning: deleted function definitions are a C++11 extension [-Wc++11-extensions]
    nocopy(const nocopy&) = delete;
                            ^
conftest.cpp:94:41: warning: deleted function definitions are a C++11 extension [-Wc++11-extensions]
    nocopy & operator=(const nocopy&) = delete;
                                        ^
conftest.cpp:106:25: warning: 'auto' type specifier is a C++11 extension [-Wc++11-extensions]
  template <typename V> auto sum(V first) -> V
                        ^
conftest.cpp:106:25: error: 'auto' not allowed in function return type
  template <typename V> auto sum(V first) -> V
                        ^~~~
conftest.cpp:106:42: error: expected ';' at end of declaration
  template <typename V> auto sum(V first) -> V
                                         ^
                                         ;
conftest.cpp:106:43: error: cannot use arrow operator on a type
  template <typename V> auto sum(V first) -> V
                                          ^
conftest.cpp:110:33: warning: variadic templates are a C++11 extension [-Wc++11-extensions]
  template <typename V, typename... Args> auto sum(V first, Args... rest) -> V
                                ^
conftest.cpp:110:43: warning: 'auto' type specifier is a C++11 extension [-Wc++11-extensions]
  template <typename V, typename... Args> auto sum(V first, Args... rest) -> V
                                          ^
conftest.cpp:110:43: error: 'auto' not allowed in function return type
  template <typename V, typename... Args> auto sum(V first, Args... rest) -> V
                                          ^~~~
conftest.cpp:110:74: error: expected ';' at end of declaration
  template <typename V, typename... Args> auto sum(V first, Args... rest) -> V
                                                                         ^
                                                                         ;
conftest.cpp:110:75: error: cannot use arrow operator on a type
  template <typename V, typename... Args> auto sum(V first, Args... rest) -> V
                                                                          ^
conftest.cpp:134:3: warning: 'auto' type specifier is a C++11 extension [-Wc++11-extensions]
  auto a1 = 6538;
  ^
conftest.cpp:135:3: warning: 'auto' type specifier is a C++11 extension [-Wc++11-extensions]
  auto a2 = 48573953.4;
  ^
conftest.cpp:136:3: warning: 'auto' type specifier is a C++11 extension [-Wc++11-extensions]
  auto a3 = "String literal";
  ^
conftest.cpp:139:8: warning: 'auto' type specifier is a C++11 extension [-Wc++11-extensions]
  for (auto i = a3; *i; ++i) { total += *i; }
       ^
conftest.cpp:155:8: warning: 'auto' type specifier is a C++11 extension [-Wc++11-extensions]
  for (auto &x : array) { x += 23; }
       ^
conftest.cpp:155:16: warning: range-based for loop is a C++11 extension [-Wc++11-extensions]
  for (auto &x : array) { x += 23; }
               ^
conftest.cpp:160:17: error: expected expression
  assert (eval ([](int x) { return x*2; }, 21) == 42);
                ^
conftest.cpp:162:17: error: expected expression
  assert (eval ([&](double x) { return d += x; }, 3.0) == 5.0);
                ^
conftest.cpp:164:17: error: expected expression
  assert (eval ([=](double x) mutable { return d += x; }, 4.0) == 9.0);
                ^
conftest.cpp:170:3: warning: 'auto' type specifier is a C++11 extension [-Wc++11-extensions]
  auto a = sum(1);
  ^
conftest.cpp:170:12: error: no matching function for call to 'sum'
  auto a = sum(1);
           ^~~
conftest.cpp:171:3: warning: 'auto' type specifier is a C++11 extension [-Wc++11-extensions]
  auto b = sum(1, 2);
  ^
conftest.cpp:171:12: error: no matching function for call to 'sum'
  auto b = sum(1, 2);
           ^~~
conftest.cpp:172:3: warning: 'auto' type specifier is a C++11 extension [-Wc++11-extensions]
  auto c = sum(1.0, 2.0, 3.0);
  ^
conftest.cpp:172:12: error: no matching function for call to 'sum'
  auto c = sum(1.0, 2.0, 3.0);
           ^~~
conftest.cpp:177:25: warning: empty parentheses interpreted as a function declaration [-Wvexing-parse]
  cxx11test::delegate d2();
                        ^~
conftest.cpp:177:25: note: remove parentheses to declare a variable
  cxx11test::delegate d2();
                        ^~
conftest.cpp:190:16: error: found '<::' after a template name which forms the digraph '<:' (aka '[') and a ':', did you mean '< ::'?
  test_template<::test_template<int>> v(test_template<int>(12));
               ^~~
               < ::
conftest.cpp:190:36: error: a space is required between consecutive right angle brackets (use '> >')
  test_template<::test_template<int>> v(test_template<int>(12));
                                   ^~
                                   > >
conftest.cpp:194:22: error: use of undeclared identifier 'u8'
  char const *utf8 = u8"UTF-8 string \u2500";
                     ^
conftest.cpp:194:24: error: expected ';' at end of declaration
  char const *utf8 = u8"UTF-8 string \u2500";
                       ^
                       ;
fatal error: too many errors emitted, stopping now [-ferror-limit=]
18 warnings and 20 errors generated.
configure:5742: $? = 1
configure: failed program was:
| /* confdefs.h */
| #define PACKAGE_NAME "Protocol Buffers"
| #define PACKAGE_TARNAME "protobuf"
| #define PACKAGE_VERSION "3.19.2"
| #define PACKAGE_STRING "Protocol Buffers 3.19.2"
| #define PACKAGE_BUGREPORT "protobuf@googlegroups.com"
| #define PACKAGE_URL ""
| #define PACKAGE "protobuf"
| #define VERSION "3.19.2"
| /* end confdefs.h.  */
| 
| // Does the compiler advertise C++98 conformance?
| #if !defined __cplusplus || __cplusplus < 199711L
| # error "Compiler does not advertise C++98 conformance"
| #endif
| 
| // These inclusions are to reject old compilers that
| // lack the unsuffixed header files.
| #include <cstdlib>
| #include <exception>
| 
| // <cassert> and <cstring> are *not* freestanding headers in C++98.
| extern void assert (int);
| namespace std {
|   extern int strcmp (const char *, const char *);
| }
| 
| // Namespaces, exceptions, and templates were all added after "C++ 2.0".
| using std::exception;
| using std::strcmp;
| 
| namespace {
| 
| void test_exception_syntax()
| {
|   try {
|     throw "test";
|   } catch (const char *s) {
|     // Extra parentheses suppress a warning when building autoconf itself,
|     // due to lint rules shared with more typical C programs.
|     assert (!(strcmp) (s, "test"));
|   }
| }
| 
| template <typename T> struct test_template
| {
|   T const val;
|   explicit test_template(T t) : val(t) {}
|   template <typename U> T add(U u) { return static_cast<T>(u) + val; }
| };
| 
| } // anonymous namespace
| 
| 
| // Does the compiler advertise C++ 2011 conformance?
| #if !defined __cplusplus || __cplusplus < 201103L
| # error "Compiler does not advertise C++11 conformance"
| #endif
| 
| namespace cxx11test
| {
|   constexpr int get_val() { return 20; }
| 
|   struct testinit
|   {
|     int i;
|     double d;
|   };
| 
|   class delegate
|   {
|   public:
|     delegate(int n) : n(n) {}
|     delegate(): delegate(2354) {}
| 
|     virtual int getval() { return this->n; };
|   protected:
|     int n;
|   };
| 
|   class overridden : public delegate
|   {
|   public:
|     overridden(int n): delegate(n) {}
|     virtual int getval() override final { return this->n * 2; }
|   };
| 
|   class nocopy
|   {
|   public:
|     nocopy(int i): i(i) {}
|     nocopy() = default;
|     nocopy(const nocopy&) = delete;
|     nocopy & operator=(const nocopy&) = delete;
|   private:
|     int i;
|   };
| 
|   // for testing lambda expressions
|   template <typename Ret, typename Fn> Ret eval(Fn f, Ret v)
|   {
|     return f(v);
|   }
| 
|   // for testing variadic templates and trailing return types
|   template <typename V> auto sum(V first) -> V
|   {
|     return first;
|   }
|   template <typename V, typename... Args> auto sum(V first, Args... rest) -> V
|   {
|     return first + sum(rest...);
|   }
| }
| 
| 
| int
| main (int argc, char **argv)
| {
|   int ok = 0;
|   
|   assert (argc);
|   assert (! argv[0]);
| {
|   test_exception_syntax ();
|   test_template<double> tt (2.0);
|   assert (tt.add (4) == 6.0);
|   assert (true && !false);
| }
| 
|   
| {
|   // Test auto and decltype
|   auto a1 = 6538;
|   auto a2 = 48573953.4;
|   auto a3 = "String literal";
| 
|   int total = 0;
|   for (auto i = a3; *i; ++i) { total += *i; }
| 
|   decltype(a2) a4 = 34895.034;
| }
| {
|   // Test constexpr
|   short sa[cxx11test::get_val()] = { 0 };
| }
| {
|   // Test initializer lists
|   cxx11test::testinit il = { 4323, 435234.23544 };
| }
| {
|   // Test range-based for
|   int array[] = {9, 7, 13, 15, 4, 18, 12, 10, 5, 3,
|                  14, 19, 17, 8, 6, 20, 16, 2, 11, 1};
|   for (auto &x : array) { x += 23; }
| }
| {
|   // Test lambda expressions
|   using cxx11test::eval;
|   assert (eval ([](int x) { return x*2; }, 21) == 42);
|   double d = 2.0;
|   assert (eval ([&](double x) { return d += x; }, 3.0) == 5.0);
|   assert (d == 5.0);
|   assert (eval ([=](double x) mutable { return d += x; }, 4.0) == 9.0);
|   assert (d == 5.0);
| }
| {
|   // Test use of variadic templates
|   using cxx11test::sum;
|   auto a = sum(1);
|   auto b = sum(1, 2);
|   auto c = sum(1.0, 2.0, 3.0);
| }
| {
|   // Test constructor delegation
|   cxx11test::delegate d1;
|   cxx11test::delegate d2();
|   cxx11test::delegate d3(45);
| }
| {
|   // Test override and final
|   cxx11test::overridden o1(55464);
| }
| {
|   // Test nullptr
|   char *c = nullptr;
| }
| {
|   // Test template brackets
|   test_template<::test_template<int>> v(test_template<int>(12));
| }
| {
|   // Unicode literals
|   char const *utf8 = u8"UTF-8 string \u2500";
|   char16_t const *utf16 = u"UTF-8 string \u2500";
|   char32_t const *utf32 = U"UTF-32 string \u2500";
| }
| 
|   return ok;
| }
| 
configure:5760: result: none needed
configure:5826: checking dependency style of g++
configure:5938: result: gcc3
configure:5958: checking how to run the C preprocessor
configure:5984: gcc -E  conftest.c
configure:5984: $? = 0
configure:5999: gcc -E  conftest.c
conftest.c:11:10: fatal error: 'ac_nonexistent.h' file not found
#include <ac_nonexistent.h>
         ^~~~~~~~~~~~~~~~~~
1 error generated.
configure:5999: $? = 1
configure: failed program was:
| /* confdefs.h */
| #define PACKAGE_NAME "Protocol Buffers"
| #define PACKAGE_TARNAME "protobuf"
| #define PACKAGE_VERSION "3.19.2"
| #define PACKAGE_STRING "Protocol Buffers 3.19.2"
| #define PACKAGE_BUGREPORT "protobuf@googlegroups.com"
| #define PACKAGE_URL ""
| #define PACKAGE "protobuf"
| #define VERSION "3.19.2"
| /* end confdefs.h.  */
| #include <ac_nonexistent.h>
configure:6026: result: gcc -E
configure:6040: gcc -E  conftest.c
configure:6040: $? = 0
configure:6055: gcc -E  conftest.c
conftest.c:11:10: fatal error: 'ac_nonexistent.h' file not found
#include <ac_nonexistent.h>
         ^~~~~~~~~~~~~~~~~~
1 error generated.
configure:6055: $? = 1
configure: failed program was:
| /* confdefs.h */
| #define PACKAGE_NAME "Protocol Buffers"
| #define PACKAGE_TARNAME "protobuf"
| #define PACKAGE_VERSION "3.19.2"
| #define PACKAGE_STRING "Protocol Buffers 3.19.2"
| #define PACKAGE_BUGREPORT "protobuf@googlegroups.com"
| #define PACKAGE_URL ""
| #define PACKAGE "protobuf"
| #define VERSION "3.19.2"
| /* end confdefs.h.  */
| #include <ac_nonexistent.h>
configure:6146: checking for gcc
configure:6167: found /usr/bin/gcc
configure:6178: result: gcc
configure:6531: checking for C compiler version
configure:6540: gcc --version >&5
Apple clang version 13.1.6 (clang-1316.0.21.2.5)
Target: x86_64-apple-darwin21.5.0
Thread model: posix
InstalledDir: /Applications/Xcode.app/Contents/Developer/Toolchains/XcodeDefault.xctoolchain/usr/bin
configure:6551: $? = 0
configure:6540: gcc -v >&5
Apple clang version 13.1.6 (clang-1316.0.21.2.5)
Target: x86_64-apple-darwin21.5.0
Thread model: posix
InstalledDir: /Applications/Xcode.app/Contents/Developer/Toolchains/XcodeDefault.xctoolchain/usr/bin
configure:6551: $? = 0
configure:6540: gcc -V >&5
clang: error: argument to '-V' is missing (expected 1 value)
clang: error: no input files
configure:6551: $? = 1
configure:6540: gcc -qversion >&5
clang: error: unknown argument '-qversion'; did you mean '--version'?
clang: error: no input files
configure:6551: $? = 1
configure:6540: gcc -version >&5
clang: error: unknown argument '-version'; did you mean '--version'?
clang: error: no input files
configure:6551: $? = 1
configure:6555: checking whether the compiler supports GNU C
configure:6585: result: yes
configure:6596: checking whether gcc accepts -g
configure:6617: gcc -c   conftest.c >&5
configure:6617: $? = 0
configure:6661: result: yes
configure:6681: checking for gcc option to enable C11 features
configure:6714: result: none needed
configure:6830: checking whether gcc understands -c and -o together
configure:6868: result: yes
configure:6887: checking dependency style of gcc
configure:6999: result: gcc3
configure:7019: checking how to run the C preprocessor
configure:7045: gcc -E  conftest.c
configure:7045: $? = 0
configure:7060: gcc -E  conftest.c
conftest.c:11:10: fatal error: 'ac_nonexistent.h' file not found
#include <ac_nonexistent.h>
         ^~~~~~~~~~~~~~~~~~
1 error generated.
configure:7060: $? = 1
configure: failed program was:
| /* confdefs.h */
| #define PACKAGE_NAME "Protocol Buffers"
| #define PACKAGE_TARNAME "protobuf"
| #define PACKAGE_VERSION "3.19.2"
| #define PACKAGE_STRING "Protocol Buffers 3.19.2"
| #define PACKAGE_BUGREPORT "protobuf@googlegroups.com"
| #define PACKAGE_URL ""
| #define PACKAGE "protobuf"
| #define VERSION "3.19.2"
| /* end confdefs.h.  */
| #include <ac_nonexistent.h>
configure:7087: result: gcc -E
configure:7101: gcc -E  conftest.c
configure:7101: $? = 0
configure:7116: gcc -E  conftest.c
conftest.c:11:10: fatal error: 'ac_nonexistent.h' file not found
#include <ac_nonexistent.h>
         ^~~~~~~~~~~~~~~~~~
1 error generated.
configure:7116: $? = 1
configure: failed program was:
| /* confdefs.h */
| #define PACKAGE_NAME "Protocol Buffers"
| #define PACKAGE_TARNAME "protobuf"
| #define PACKAGE_VERSION "3.19.2"
| #define PACKAGE_STRING "Protocol Buffers 3.19.2"
| #define PACKAGE_BUGREPORT "protobuf@googlegroups.com"
| #define PACKAGE_URL ""
| #define PACKAGE "protobuf"
| #define VERSION "3.19.2"
| /* end confdefs.h.  */
| #include <ac_nonexistent.h>
configure:7160: checking how to run the C++ preprocessor
configure:7182: g++ -E  conftest.cpp
configure:7182: $? = 0
configure:7197: g++ -E  conftest.cpp
conftest.cpp:11:10: fatal error: 'ac_nonexistent.h' file not found
#include <ac_nonexistent.h>
         ^~~~~~~~~~~~~~~~~~
1 error generated.
configure:7197: $? = 1
configure: failed program was:
| /* confdefs.h */
| #define PACKAGE_NAME "Protocol Buffers"
| #define PACKAGE_TARNAME "protobuf"
| #define PACKAGE_VERSION "3.19.2"
| #define PACKAGE_STRING "Protocol Buffers 3.19.2"
| #define PACKAGE_BUGREPORT "protobuf@googlegroups.com"
| #define PACKAGE_URL ""
| #define PACKAGE "protobuf"
| #define VERSION "3.19.2"
| /* end confdefs.h.  */
| #include <ac_nonexistent.h>
configure:7224: result: g++ -E
configure:7238: g++ -E  conftest.cpp
configure:7238: $? = 0
configure:7253: g++ -E  conftest.cpp
conftest.cpp:11:10: fatal error: 'ac_nonexistent.h' file not found
#include <ac_nonexistent.h>
         ^~~~~~~~~~~~~~~~~~
1 error generated.
configure:7253: $? = 1
configure: failed program was:
| /* confdefs.h */
| #define PACKAGE_NAME "Protocol Buffers"
| #define PACKAGE_TARNAME "protobuf"
| #define PACKAGE_VERSION "3.19.2"
| #define PACKAGE_STRING "Protocol Buffers 3.19.2"
| #define PACKAGE_BUGREPORT "protobuf@googlegroups.com"
| #define PACKAGE_URL ""
| #define PACKAGE "protobuf"
| #define VERSION "3.19.2"
| /* end confdefs.h.  */
| #include <ac_nonexistent.h>
configure:7353: checking for g++
configure:7374: found /usr/bin/g++
configure:7385: result: g++
configure:7412: checking for C++ compiler version
configure:7421: g++ --version >&5
Apple clang version 13.1.6 (clang-1316.0.21.2.5)
Target: x86_64-apple-darwin21.5.0
Thread model: posix
InstalledDir: /Applications/Xcode.app/Contents/Developer/Toolchains/XcodeDefault.xctoolchain/usr/bin
configure:7432: $? = 0
configure:7421: g++ -v >&5
Apple clang version 13.1.6 (clang-1316.0.21.2.5)
Target: x86_64-apple-darwin21.5.0
Thread model: posix
InstalledDir: /Applications/Xcode.app/Contents/Developer/Toolchains/XcodeDefault.xctoolchain/usr/bin
configure:7432: $? = 0
configure:7421: g++ -V >&5
clang: error: argument to '-V' is missing (expected 1 value)
clang: error: no input files
configure:7432: $? = 1
configure:7421: g++ -qversion >&5
clang: error: unknown argument '-qversion'; did you mean '--version'?
clang: error: no input files
configure:7432: $? = 1
configure:7436: checking whether the compiler supports GNU C++
configure:7466: result: yes
configure:7477: checking whether g++ accepts -g
configure:7498: gcc -c   conftest.cpp >&5
configure:7498: $? = 0
configure:7542: result: yes
configure:7562: checking for g++ option to enable C++11 features
configure:7595: result: none needed
configure:7661: checking dependency style of g++
configure:7773: result: gcc3
configure:7793: checking how to run the C++ preprocessor
configure:7815: g++ -E  conftest.cpp
configure:7815: $? = 0
configure:7830: g++ -E  conftest.cpp
conftest.cpp:11:10: fatal error: 'ac_nonexistent.h' file not found
#include <ac_nonexistent.h>
         ^~~~~~~~~~~~~~~~~~
1 error generated.
configure:7830: $? = 1
configure: failed program was:
| /* confdefs.h */
| #define PACKAGE_NAME "Protocol Buffers"
| #define PACKAGE_TARNAME "protobuf"
| #define PACKAGE_VERSION "3.19.2"
| #define PACKAGE_STRING "Protocol Buffers 3.19.2"
| #define PACKAGE_BUGREPORT "protobuf@googlegroups.com"
| #define PACKAGE_URL ""
| #define PACKAGE "protobuf"
| #define VERSION "3.19.2"
| /* end confdefs.h.  */
| #include <ac_nonexistent.h>
configure:7857: result: g++ -E
configure:7871: g++ -E  conftest.cpp
configure:7871: $? = 0
configure:7886: g++ -E  conftest.cpp
conftest.cpp:11:10: fatal error: 'ac_nonexistent.h' file not found
#include <ac_nonexistent.h>
         ^~~~~~~~~~~~~~~~~~
1 error generated.
configure:7886: $? = 1
configure: failed program was:
| /* confdefs.h */
| #define PACKAGE_NAME "Protocol Buffers"
| #define PACKAGE_TARNAME "protobuf"
| #define PACKAGE_VERSION "3.19.2"
| #define PACKAGE_STRING "Protocol Buffers 3.19.2"
| #define PACKAGE_BUGREPORT "protobuf@googlegroups.com"
| #define PACKAGE_URL ""
| #define PACKAGE "protobuf"
| #define VERSION "3.19.2"
| /* end confdefs.h.  */
| #include <ac_nonexistent.h>
configure:7933: checking for stdio.h
configure:7933: g++ -c   conftest.cpp >&5
configure:7933: $? = 0
configure:7933: result: yes
configure:7933: checking for stdlib.h
configure:7933: g++ -c   conftest.cpp >&5
configure:7933: $? = 0
configure:7933: result: yes
configure:7933: checking for string.h
configure:7933: g++ -c   conftest.cpp >&5
configure:7933: $? = 0
configure:7933: result: yes
configure:7933: checking for inttypes.h
configure:7933: g++ -c   conftest.cpp >&5
configure:7933: $? = 0
configure:7933: result: yes
configure:7933: checking for stdint.h
configure:7933: g++ -c   conftest.cpp >&5
configure:7933: $? = 0
configure:7933: result: yes
configure:7933: checking for strings.h
configure:7933: g++ -c   conftest.cpp >&5
configure:7933: $? = 0
configure:7933: result: yes
configure:7933: checking for sys/stat.h
configure:7933: g++ -c   conftest.cpp >&5
configure:7933: $? = 0
configure:7933: result: yes
configure:7933: checking for sys/types.h
configure:7933: g++ -c   conftest.cpp >&5
configure:7933: $? = 0
configure:7933: result: yes
configure:7933: checking for unistd.h
configure:7933: g++ -c   conftest.cpp >&5
configure:7933: $? = 0
configure:7933: result: yes
configure:7933: checking for wchar.h
configure:7933: g++ -c   conftest.cpp >&5
configure:7933: $? = 0
configure:7933: result: yes
configure:7933: checking for minix/config.h
configure:7933: g++ -c   conftest.cpp >&5
conftest.cpp:49:10: fatal error: 'minix/config.h' file not found
#include <minix/config.h>
         ^~~~~~~~~~~~~~~~
1 error generated.
configure:7933: $? = 1
configure: failed program was:
| /* confdefs.h */
| #define PACKAGE_NAME "Protocol Buffers"
| #define PACKAGE_TARNAME "protobuf"
| #define PACKAGE_VERSION "3.19.2"
| #define PACKAGE_STRING "Protocol Buffers 3.19.2"
| #define PACKAGE_BUGREPORT "protobuf@googlegroups.com"
| #define PACKAGE_URL ""
| #define PACKAGE "protobuf"
| #define VERSION "3.19.2"
| #define HAVE_STDIO_H 1
| #define HAVE_STDLIB_H 1
| #define HAVE_STRING_H 1
| #define HAVE_INTTYPES_H 1
| #define HAVE_STDINT_H 1
| #define HAVE_STRINGS_H 1
| #define HAVE_SYS_STAT_H 1
| #define HAVE_SYS_TYPES_H 1
| #define HAVE_UNISTD_H 1
| #define HAVE_WCHAR_H 1
| /* end confdefs.h.  */
| #include <stddef.h>
| #ifdef HAVE_STDIO_H
| # include <stdio.h>
| #endif
| #ifdef HAVE_STDLIB_H
| # include <stdlib.h>
| #endif
| #ifdef HAVE_STRING_H
| # include <string.h>
| #endif
| #ifdef HAVE_INTTYPES_H
| # include <inttypes.h>
| #endif
| #ifdef HAVE_STDINT_H
| # include <stdint.h>
| #endif
| #ifdef HAVE_STRINGS_H
| # include <strings.h>
| #endif
| #ifdef HAVE_SYS_TYPES_H
| # include <sys/types.h>
| #endif
| #ifdef HAVE_SYS_STAT_H
| # include <sys/stat.h>
| #endif
| #ifdef HAVE_UNISTD_H
| # include <unistd.h>
| #endif
| #include <minix/config.h>
configure:7933: result: no
configure:7964: checking whether it is safe to define __EXTENSIONS__
configure:7983: g++ -c   conftest.cpp >&5
configure:7983: $? = 0
configure:7991: result: yes
configure:7994: checking whether _XOPEN_SOURCE should be defined
configure:8016: g++ -c   conftest.cpp >&5
configure:8016: $? = 0
configure:8043: result: no
configure:8160: checking for ar
configure:8181: found /usr/bin/ar
configure:8192: result: ar
configure:8218: checking the archiver (ar) interface
configure:8235: gcc -c   conftest.c >&5
configure:8235: $? = 0
configure:8238: ar cru libconftest.a conftest.o >&5
configure:8241: $? = 0
configure:8269: result: ar
configure:8356: checking for gcc
configure:8377: found /usr/bin/gcc
configure:8388: result: gcc
configure:8413: checking for Objective C compiler version
configure:8422: gcc --version >&5
Apple clang version 13.1.6 (clang-1316.0.21.2.5)
Target: x86_64-apple-darwin21.5.0
Thread model: posix
InstalledDir: /Applications/Xcode.app/Contents/Developer/Toolchains/XcodeDefault.xctoolchain/usr/bin
configure:8433: $? = 0
configure:8422: gcc -v >&5
Apple clang version 13.1.6 (clang-1316.0.21.2.5)
Target: x86_64-apple-darwin21.5.0
Thread model: posix
InstalledDir: /Applications/Xcode.app/Contents/Developer/Toolchains/XcodeDefault.xctoolchain/usr/bin
configure:8433: $? = 0
configure:8422: gcc -V >&5
clang: error: argument to '-V' is missing (expected 1 value)
clang: error: no input files
configure:8433: $? = 1
configure:8422: gcc -qversion >&5
clang: error: unknown argument '-qversion'; did you mean '--version'?
clang: error: no input files
configure:8433: $? = 1
configure:8437: checking whether the compiler supports GNU Objective C
configure:8457: gcc -c   conftest.m >&5
configure:8457: $? = 0
configure:8467: result: yes
configure:8478: checking whether gcc accepts -g
configure:8499: gcc -c -g  conftest.m >&5
configure:8499: $? = 0
configure:8543: result: yes
configure:8568: checking dependency style of gcc
configure:8678: result: gcc3
configure:8695: checking C++ compiler flags...
configure:8713: result: use default: -O2  -g -std=c++11 -DNDEBUG
configure:8725: checking for g++ options needed to detect all undeclared functions
configure:8747: g++ -c  -g -std=c++11 -DNDEBUG  conftest.cpp >&5
conftest.cpp:42:8: error: use of undeclared identifier 'strchr'
(void) strchr;
       ^
1 error generated.
configure:8747: $? = 1
configure: failed program was:
| /* confdefs.h */
| #define PACKAGE_NAME "Protocol Buffers"
| #define PACKAGE_TARNAME "protobuf"
| #define PACKAGE_VERSION "3.19.2"
| #define PACKAGE_STRING "Protocol Buffers 3.19.2"
| #define PACKAGE_BUGREPORT "protobuf@googlegroups.com"
| #define PACKAGE_URL ""
| #define PACKAGE "protobuf"
| #define VERSION "3.19.2"
| #define HAVE_STDIO_H 1
| #define HAVE_STDLIB_H 1
| #define HAVE_STRING_H 1
| #define HAVE_INTTYPES_H 1
| #define HAVE_STDINT_H 1
| #define HAVE_STRINGS_H 1
| #define HAVE_SYS_STAT_H 1
| #define HAVE_SYS_TYPES_H 1
| #define HAVE_UNISTD_H 1
| #define HAVE_WCHAR_H 1
| #define STDC_HEADERS 1
| #define _ALL_SOURCE 1
| #define _DARWIN_C_SOURCE 1
| #define _GNU_SOURCE 1
| #define _HPUX_ALT_XOPEN_SOCKET_API 1
| #define _NETBSD_SOURCE 1
| #define _OPENBSD_SOURCE 1
| #define _POSIX_PTHREAD_SEMANTICS 1
| #define __STDC_WANT_IEC_60559_ATTRIBS_EXT__ 1
| #define __STDC_WANT_IEC_60559_BFP_EXT__ 1
| #define __STDC_WANT_IEC_60559_DFP_EXT__ 1
| #define __STDC_WANT_IEC_60559_FUNCS_EXT__ 1
| #define __STDC_WANT_IEC_60559_TYPES_EXT__ 1
| #define __STDC_WANT_LIB_EXT2__ 1
| #define __STDC_WANT_MATH_SPEC_FUNCS__ 1
| #define _TANDEM_SOURCE 1
| #define __EXTENSIONS__ 1
| /* end confdefs.h.  */
| 
| int
| main (void)
| {
| (void) strchr;
|   ;
|   return 0;
| }
configure:8774: g++ -c  -g -std=c++11 -DNDEBUG  conftest.cpp >&5
configure:8774: $? = 0
configure:8791: result: none needed
configure:8813: checking whether __SUNPRO_CC is declared
configure:8813: g++ -c  -g -std=c++11 -DNDEBUG   conftest.cpp >&5
conftest.cpp:71:10: error: use of undeclared identifier '__SUNPRO_CC'
  (void) __SUNPRO_CC;
         ^
1 error generated.
configure:8813: $? = 1
configure: failed program was:
| /* confdefs.h */
| #define PACKAGE_NAME "Protocol Buffers"
| #define PACKAGE_TARNAME "protobuf"
| #define PACKAGE_VERSION "3.19.2"
| #define PACKAGE_STRING "Protocol Buffers 3.19.2"
| #define PACKAGE_BUGREPORT "protobuf@googlegroups.com"
| #define PACKAGE_URL ""
| #define PACKAGE "protobuf"
| #define VERSION "3.19.2"
| #define HAVE_STDIO_H 1
| #define HAVE_STDLIB_H 1
| #define HAVE_STRING_H 1
| #define HAVE_INTTYPES_H 1
| #define HAVE_STDINT_H 1
| #define HAVE_STRINGS_H 1
| #define HAVE_SYS_STAT_H 1
| #define HAVE_SYS_TYPES_H 1
| #define HAVE_UNISTD_H 1
| #define HAVE_WCHAR_H 1
| #define STDC_HEADERS 1
| #define _ALL_SOURCE 1
| #define _DARWIN_C_SOURCE 1
| #define _GNU_SOURCE 1
| #define _HPUX_ALT_XOPEN_SOCKET_API 1
| #define _NETBSD_SOURCE 1
| #define _OPENBSD_SOURCE 1
| #define _POSIX_PTHREAD_SEMANTICS 1
| #define __STDC_WANT_IEC_60559_ATTRIBS_EXT__ 1
| #define __STDC_WANT_IEC_60559_BFP_EXT__ 1
| #define __STDC_WANT_IEC_60559_DFP_EXT__ 1
| #define __STDC_WANT_IEC_60559_FUNCS_EXT__ 1
| #define __STDC_WANT_IEC_60559_TYPES_EXT__ 1
| #define __STDC_WANT_LIB_EXT2__ 1
| #define __STDC_WANT_MATH_SPEC_FUNCS__ 1
| #define _TANDEM_SOURCE 1
| #define __EXTENSIONS__ 1
| /* end confdefs.h.  */
| #include <stddef.h>
| #ifdef HAVE_STDIO_H
| # include <stdio.h>
| #endif
| #ifdef HAVE_STDLIB_H
| # include <stdlib.h>
| #endif
| #ifdef HAVE_STRING_H
| # include <string.h>
| #endif
| #ifdef HAVE_INTTYPES_H
| # include <inttypes.h>
| #endif
| #ifdef HAVE_STDINT_H
| # include <stdint.h>
| #endif
| #ifdef HAVE_STRINGS_H
| # include <strings.h>
| #endif
| #ifdef HAVE_SYS_TYPES_H
| # include <sys/types.h>
| #endif
| #ifdef HAVE_SYS_STAT_H
| # include <sys/stat.h>
| #endif
| #ifdef HAVE_UNISTD_H
| # include <unistd.h>
| #endif
| int
| main (void)
| {
| #ifndef __SUNPRO_CC
| #ifdef __cplusplus
|   (void) __SUNPRO_CC;
| #else
|   (void) __SUNPRO_CC;
| #endif
| #endif
| 
|   ;
|   return 0;
| }
configure:8813: result: no
configure:8996: checking how to print strings
configure:9023: result: printf
configure:9044: checking for a sed that does not truncate output
configure:9114: result: /usr/bin/sed
configure:9132: checking for grep that handles long lines and -e
configure:9196: result: /usr/bin/grep
configure:9201: checking for egrep
configure:9269: result: /usr/bin/grep -E
configure:9274: checking for fgrep
configure:9342: result: /usr/bin/grep -F
configure:9378: checking for ld used by gcc
configure:9446: result: /Applications/Xcode.app/Contents/Developer/Toolchains/XcodeDefault.xctoolchain/usr/bin/ld
configure:9453: checking if the linker (/Applications/Xcode.app/Contents/Developer/Toolchains/XcodeDefault.xctoolchain/usr/bin/ld) is GNU ld
configure:9469: result: no
configure:9481: checking for BSD- or MS-compatible name lister (nm)
configure:9536: result: /usr/bin/nm -B
configure:9676: checking the name lister (/usr/bin/nm -B) interface
configure:9684: g++ -c  -g -std=c++11 -DNDEBUG  conftest.cpp >&5
configure:9687: /usr/bin/nm -B "conftest.o"
configure:9690: output
0000000000000280 S _some_variable
configure:9697: result: BSD nm
configure:9700: checking whether ln -s works
configure:9704: result: yes
configure:9712: checking the maximum length of command line arguments
configure:9844: result: 786432
configure:9892: checking how to convert x86_64-apple-darwin21.5.0 file names to x86_64-apple-darwin21.5.0 format
configure:9933: result: func_convert_file_noop
configure:9940: checking how to convert x86_64-apple-darwin21.5.0 file names to toolchain format
configure:9961: result: func_convert_file_noop
configure:9968: checking for /Applications/Xcode.app/Contents/Developer/Toolchains/XcodeDefault.xctoolchain/usr/bin/ld option to reload object files
configure:9976: result: -r
configure:10055: checking for objdump
configure:10076: found /usr/bin/objdump
configure:10087: result: objdump
configure:10119: checking how to recognize dependent libraries
configure:10320: result: pass_all
configure:10410: checking for dlltool
configure:10445: result: no
configure:10475: checking how to associate runtime and link libraries
configure:10503: result: printf %s\n
configure:10637: checking for archiver @FILE support
configure:10655: g++ -c  -g -std=c++11 -DNDEBUG  conftest.cpp >&5
configure:10655: $? = 0
configure:10659: ar cr libconftest.a @conftest.lst >&5
ar: @conftest.lst: No such file or directory
configure:10662: $? = 1
configure:10682: result: no
configure:10745: checking for strip
configure:10766: found /usr/bin/strip
configure:10777: result: strip
configure:10854: checking for ranlib
configure:10875: found /usr/bin/ranlib
configure:10886: result: ranlib
configure:10988: checking command to parse /usr/bin/nm -B output from gcc object
configure:11142: g++ -c  -g -std=c++11 -DNDEBUG  conftest.cpp >&5
configure:11145: $? = 0
configure:11149: /usr/bin/nm -B conftest.o | sed -n -e 's/^.*[	 ]\([ABCDGIRSTW][ABCDGIRSTW]*\)[	 ][	 ]*\([_A-Za-z][_A-Za-z0-9]*\)$/\1 \2 \2/p' | sed '/ __gnu_lto/d' > conftest.nm
cannot find nm_test_var in conftest.nm
configure:11142: g++ -c  -g -std=c++11 -DNDEBUG  conftest.cpp >&5
configure:11145: $? = 0
configure:11149: /usr/bin/nm -B conftest.o | sed -n -e 's/^.*[	 ]\([ABCDGIRSTW][ABCDGIRSTW]*\)[	 ][	 ]*_\([_A-Za-z][_A-Za-z0-9]*\)$/\1 _\2 \2/p' | sed '/ __gnu_lto/d' > conftest.nm
configure:11215: g++ -o conftest  -g -std=c++11 -DNDEBUG  -L/Users/miharek/Desktop/Magisterska/nicew-core/build/local/lib conftest.cpp conftstm.o >&5
configure:11218: $? = 0
configure:11256: result: ok
configure:11303: checking for sysroot
configure:11334: result: no
configure:11341: checking for a working dd
configure:11385: result: /bin/dd
configure:11389: checking how to truncate binary pipes
configure:11405: result: /bin/dd bs=4096 count=1
configure:11742: checking for mt
configure:11777: result: no
configure:11797: checking if : is a manifest tool
configure:11804: : '-?'
configure:11812: result: no
configure:11873: checking for dsymutil
configure:11894: found /usr/bin/dsymutil
configure:11905: result: dsymutil
configure:11975: checking for nmedit
configure:11996: found /usr/bin/nmedit
configure:12007: result: nmedit
configure:12077: checking for lipo
configure:12098: found /usr/bin/lipo
configure:12109: result: lipo
configure:12179: checking for otool
configure:12200: found /usr/bin/otool
configure:12211: result: otool
configure:12281: checking for otool64
configure:12316: result: no
configure:12361: checking for -single_module linker flag
gcc  -L/Users/miharek/Desktop/Magisterska/nicew-core/build/local/lib -o libconftest.dylib -dynamiclib -Wl,-single_module conftest.c
configure:12395: result: yes
configure:12398: checking for -exported_symbols_list linker flag
configure:12419: g++ -o conftest  -g -std=c++11 -DNDEBUG  -L/Users/miharek/Desktop/Magisterska/nicew-core/build/local/lib -Wl,-exported_symbols_list,conftest.sym conftest.cpp  >&5
configure:12419: $? = 0
configure:12430: result: yes
configure:12433: checking for -force_load linker flag
gcc  -c -o conftest.o conftest.c
ar cr libconftest.a conftest.o
ranlib libconftest.a
gcc  -L/Users/miharek/Desktop/Magisterska/nicew-core/build/local/lib -o conftest conftest.c -Wl,-force_load,./libconftest.a
configure:12466: result: yes
configure:12538: checking for dlfcn.h
configure:12538: g++ -c  -g -std=c++11 -DNDEBUG  conftest.cpp >&5
configure:12538: $? = 0
configure:12538: result: yes
configure:12807: checking for objdir
configure:12823: result: .libs
configure:13087: checking if gcc supports -fno-rtti -fno-exceptions
configure:13106: gcc -c   -fno-rtti -fno-exceptions conftest.c >&5
configure:13110: $? = 0
configure:13123: result: yes
configure:13487: checking for gcc option to produce PIC
configure:13495: result: -fno-common -DPIC
configure:13503: checking if gcc PIC flag -fno-common -DPIC works
configure:13522: gcc -c   -fno-common -DPIC -DPIC conftest.c >&5
configure:13526: $? = 0
configure:13539: result: yes
configure:13568: checking if gcc static flag -static works
configure:13597: result: no
configure:13612: checking if gcc supports -c -o file.o
configure:13634: gcc -c   -o out/conftest2.o conftest.c >&5
configure:13638: $? = 0
configure:13660: result: yes
configure:13668: checking if gcc supports -c -o file.o
configure:13716: result: yes
configure:13749: checking whether the gcc linker (/Applications/Xcode.app/Contents/Developer/Toolchains/XcodeDefault.xctoolchain/usr/bin/ld) supports shared libraries
configure:15019: result: yes
configure:15260: checking dynamic linker characteristics
configure:16093: result: darwin21.5.0 dyld
configure:16215: checking how to hardcode library paths into programs
configure:16240: result: immediate
configure:16792: checking whether stripping libraries is possible
configure:16806: result: yes
configure:16832: checking if libtool supports shared libraries
configure:16834: result: yes
configure:16837: checking whether to build shared libraries
configure:16862: result: yes
configure:16865: checking whether to build static libraries
configure:16869: result: yes
configure:16892: checking how to run the C++ preprocessor
configure:16956: result: g++ -E
configure:16970: g++ -E  conftest.cpp
configure:16970: $? = 0
configure:16985: g++ -E  conftest.cpp
conftest.cpp:40:10: fatal error: 'ac_nonexistent.h' file not found
#include <ac_nonexistent.h>
         ^~~~~~~~~~~~~~~~~~
1 error generated.
configure:16985: $? = 1
configure: failed program was:
| /* confdefs.h */
| #define PACKAGE_NAME "Protocol Buffers"
| #define PACKAGE_TARNAME "protobuf"
| #define PACKAGE_VERSION "3.19.2"
| #define PACKAGE_STRING "Protocol Buffers 3.19.2"
| #define PACKAGE_BUGREPORT "protobuf@googlegroups.com"
| #define PACKAGE_URL ""
| #define PACKAGE "protobuf"
| #define VERSION "3.19.2"
| #define HAVE_STDIO_H 1
| #define HAVE_STDLIB_H 1
| #define HAVE_STRING_H 1
| #define HAVE_INTTYPES_H 1
| #define HAVE_STDINT_H 1
| #define HAVE_STRINGS_H 1
| #define HAVE_SYS_STAT_H 1
| #define HAVE_SYS_TYPES_H 1
| #define HAVE_UNISTD_H 1
| #define HAVE_WCHAR_H 1
| #define STDC_HEADERS 1
| #define _ALL_SOURCE 1
| #define _DARWIN_C_SOURCE 1
| #define _GNU_SOURCE 1
| #define _HPUX_ALT_XOPEN_SOCKET_API 1
| #define _NETBSD_SOURCE 1
| #define _OPENBSD_SOURCE 1
| #define _POSIX_PTHREAD_SEMANTICS 1
| #define __STDC_WANT_IEC_60559_ATTRIBS_EXT__ 1
| #define __STDC_WANT_IEC_60559_BFP_EXT__ 1
| #define __STDC_WANT_IEC_60559_DFP_EXT__ 1
| #define __STDC_WANT_IEC_60559_FUNCS_EXT__ 1
| #define __STDC_WANT_IEC_60559_TYPES_EXT__ 1
| #define __STDC_WANT_LIB_EXT2__ 1
| #define __STDC_WANT_MATH_SPEC_FUNCS__ 1
| #define _TANDEM_SOURCE 1
| #define __EXTENSIONS__ 1
| #define HAVE_DLFCN_H 1
| #define LT_OBJDIR ".libs/"
| /* end confdefs.h.  */
| #include <ac_nonexistent.h>
configure:17150: checking for ld used by g++
configure:17218: result: /Applications/Xcode.app/Contents/Developer/Toolchains/XcodeDefault.xctoolchain/usr/bin/ld
configure:17225: checking if the linker (/Applications/Xcode.app/Contents/Developer/Toolchains/XcodeDefault.xctoolchain/usr/bin/ld) is GNU ld
configure:17241: result: no
configure:17296: checking whether the g++ linker (/Applications/Xcode.app/Contents/Developer/Toolchains/XcodeDefault.xctoolchain/usr/bin/ld) supports shared libraries
configure:18373: result: yes
configure:18409: g++ -c  -g -std=c++11 -DNDEBUG  conftest.cpp >&5
configure:18412: $? = 0
configure:18893: checking for g++ option to produce PIC
configure:18901: result: -fno-common -DPIC
configure:18909: checking if g++ PIC flag -fno-common -DPIC works
configure:18928: g++ -c  -g -std=c++11 -DNDEBUG  -fno-common -DPIC -DPIC conftest.cpp >&5
configure:18932: $? = 0
configure:18945: result: yes
configure:18968: checking if g++ static flag -static works
configure:18997: result: no
configure:19009: checking if g++ supports -c -o file.o
configure:19031: g++ -c  -g -std=c++11 -DNDEBUG  -o out/conftest2.o conftest.cpp >&5
configure:19035: $? = 0
configure:19057: result: yes
configure:19062: checking if g++ supports -c -o file.o
configure:19110: result: yes
configure:19140: checking whether the g++ linker (/Applications/Xcode.app/Contents/Developer/Toolchains/XcodeDefault.xctoolchain/usr/bin/ld) supports shared libraries
configure:19183: result: yes
configure:19325: checking dynamic linker characteristics
configure:20085: result: darwin21.5.0 dyld
configure:20150: checking how to hardcode library paths into programs
configure:20175: result: immediate
configure:20238: checking whether the linker supports version scripts
configure:20254: g++ -o conftest  -g -std=c++11 -DNDEBUG  -L/Users/miharek/Desktop/Magisterska/nicew-core/build/local/lib -Wl,--version-script=conftest.map conftest.cpp  >&5
ld: unknown option: --version-script=conftest.map
clang: error: linker command failed with exit code 1 (use -v to see invocation)
configure:20254: $? = 1
configure: failed program was:
| /* confdefs.h */
| #define PACKAGE_NAME "Protocol Buffers"
| #define PACKAGE_TARNAME "protobuf"
| #define PACKAGE_VERSION "3.19.2"
| #define PACKAGE_STRING "Protocol Buffers 3.19.2"
| #define PACKAGE_BUGREPORT "protobuf@googlegroups.com"
| #define PACKAGE_URL ""
| #define PACKAGE "protobuf"
| #define VERSION "3.19.2"
| #define HAVE_STDIO_H 1
| #define HAVE_STDLIB_H 1
| #define HAVE_STRING_H 1
| #define HAVE_INTTYPES_H 1
| #define HAVE_STDINT_H 1
| #define HAVE_STRINGS_H 1
| #define HAVE_SYS_STAT_H 1
| #define HAVE_SYS_TYPES_H 1
| #define HAVE_UNISTD_H 1
| #define HAVE_WCHAR_H 1
| #define STDC_HEADERS 1
| #define _ALL_SOURCE 1
| #define _DARWIN_C_SOURCE 1
| #define _GNU_SOURCE 1
| #define _HPUX_ALT_XOPEN_SOCKET_API 1
| #define _NETBSD_SOURCE 1
| #define _OPENBSD_SOURCE 1
| #define _POSIX_PTHREAD_SEMANTICS 1
| #define __STDC_WANT_IEC_60559_ATTRIBS_EXT__ 1
| #define __STDC_WANT_IEC_60559_BFP_EXT__ 1
| #define __STDC_WANT_IEC_60559_DFP_EXT__ 1
| #define __STDC_WANT_IEC_60559_FUNCS_EXT__ 1
| #define __STDC_WANT_IEC_60559_TYPES_EXT__ 1
| #define __STDC_WANT_LIB_EXT2__ 1
| #define __STDC_WANT_MATH_SPEC_FUNCS__ 1
| #define _TANDEM_SOURCE 1
| #define __EXTENSIONS__ 1
| #define HAVE_DLFCN_H 1
| #define LT_OBJDIR ".libs/"
| /* end confdefs.h.  */
| int main() { return 0; }
configure:20259: result: no
configure:20278: checking for egrep
configure:20346: result: /usr/bin/grep -E
configure:20352: checking for fcntl.h
configure:20352: g++ -c  -g -std=c++11 -DNDEBUG  conftest.cpp >&5
configure:20352: $? = 0
configure:20352: result: yes
configure:20358: checking for inttypes.h
configure:20358: result: yes
configure:20364: checking for limits.h
configure:20364: g++ -c  -g -std=c++11 -DNDEBUG  conftest.cpp >&5
configure:20364: $? = 0
configure:20364: result: yes
configure:20370: checking for stdlib.h
configure:20370: result: yes
configure:20376: checking for unistd.h
configure:20376: result: yes
configure:20385: checking for working memcmp
configure:20430: g++ -o conftest  -g -std=c++11 -DNDEBUG  -L/Users/miharek/Desktop/Magisterska/nicew-core/build/local/lib conftest.cpp  >&5
configure:20430: $? = 0
configure:20430: ./conftest
configure:20430: $? = 0
configure:20441: result: yes
configure:20450: checking for working strtod
configure:20493: g++ -o conftest  -g -std=c++11 -DNDEBUG  -L/Users/miharek/Desktop/Magisterska/nicew-core/build/local/lib conftest.cpp  >&5
conftest.cpp:82:20: warning: ISO C++11 does not allow conversion from string literal to 'char *' [-Wwritable-strings]
    char *string = " +69";
                   ^
conftest.cpp:93:20: warning: ISO C++11 does not allow conversion from string literal to 'char *' [-Wwritable-strings]
    char *string = "NaN";
                   ^
2 warnings generated.
configure:20493: $? = 0
configure:20493: ./conftest
configure:20493: $? = 0
configure:20504: result: yes
configure:20566: checking for ftruncate
configure:20566: g++ -o conftest  -g -std=c++11 -DNDEBUG  -L/Users/miharek/Desktop/Magisterska/nicew-core/build/local/lib conftest.cpp  >&5
configure:20566: $? = 0
configure:20566: result: yes
configure:20572: checking for memset
configure:20572: g++ -o conftest  -g -std=c++11 -DNDEBUG  -L/Users/miharek/Desktop/Magisterska/nicew-core/build/local/lib conftest.cpp  >&5
configure:20572: $? = 0
configure:20572: result: yes
configure:20578: checking for mkdir
configure:20578: g++ -o conftest  -g -std=c++11 -DNDEBUG  -L/Users/miharek/Desktop/Magisterska/nicew-core/build/local/lib conftest.cpp  >&5
configure:20578: $? = 0
configure:20578: result: yes
configure:20584: checking for strchr
configure:20584: g++ -o conftest  -g -std=c++11 -DNDEBUG  -L/Users/miharek/Desktop/Magisterska/nicew-core/build/local/lib conftest.cpp  >&5
configure:20584: $? = 0
configure:20584: result: yes
configure:20590: checking for strerror
configure:20590: g++ -o conftest  -g -std=c++11 -DNDEBUG  -L/Users/miharek/Desktop/Magisterska/nicew-core/build/local/lib conftest.cpp  >&5
configure:20590: $? = 0
configure:20590: result: yes
configure:20596: checking for strtol
configure:20596: g++ -o conftest  -g -std=c++11 -DNDEBUG  -L/Users/miharek/Desktop/Magisterska/nicew-core/build/local/lib conftest.cpp  >&5
configure:20596: $? = 0
configure:20596: result: yes
configure:20609: checking zlib version
configure:20629: g++ -c  -g -std=c++11 -DNDEBUG  conftest.cpp >&5
configure:20629: $? = 0
configure:20632: result: ok (1.2.0.4 or later)
configure:20636: checking for library containing zlibVersion
configure:20665: g++ -o conftest  -g -std=c++11 -DNDEBUG  -L/Users/miharek/Desktop/Magisterska/nicew-core/build/local/lib conftest.cpp  >&5
Undefined symbols for architecture x86_64:
  "_zlibVersion", referenced from:
      _main in conftest-7d4ff9.o
ld: symbol(s) not found for architecture x86_64
clang: error: linker command failed with exit code 1 (use -v to see invocation)
configure:20665: $? = 1
configure: failed program was:
| /* confdefs.h */
| #define PACKAGE_NAME "Protocol Buffers"
| #define PACKAGE_TARNAME "protobuf"
| #define PACKAGE_VERSION "3.19.2"
| #define PACKAGE_STRING "Protocol Buffers 3.19.2"
| #define PACKAGE_BUGREPORT "protobuf@googlegroups.com"
| #define PACKAGE_URL ""
| #define PACKAGE "protobuf"
| #define VERSION "3.19.2"
| #define HAVE_STDIO_H 1
| #define HAVE_STDLIB_H 1
| #define HAVE_STRING_H 1
| #define HAVE_INTTYPES_H 1
| #define HAVE_STDINT_H 1
| #define HAVE_STRINGS_H 1
| #define HAVE_SYS_STAT_H 1
| #define HAVE_SYS_TYPES_H 1
| #define HAVE_UNISTD_H 1
| #define HAVE_WCHAR_H 1
| #define STDC_HEADERS 1
| #define _ALL_SOURCE 1
| #define _DARWIN_C_SOURCE 1
| #define _GNU_SOURCE 1
| #define _HPUX_ALT_XOPEN_SOCKET_API 1
| #define _NETBSD_SOURCE 1
| #define _OPENBSD_SOURCE 1
| #define _POSIX_PTHREAD_SEMANTICS 1
| #define __STDC_WANT_IEC_60559_ATTRIBS_EXT__ 1
| #define __STDC_WANT_IEC_60559_BFP_EXT__ 1
| #define __STDC_WANT_IEC_60559_DFP_EXT__ 1
| #define __STDC_WANT_IEC_60559_FUNCS_EXT__ 1
| #define __STDC_WANT_IEC_60559_TYPES_EXT__ 1
| #define __STDC_WANT_LIB_EXT2__ 1
| #define __STDC_WANT_MATH_SPEC_FUNCS__ 1
| #define _TANDEM_SOURCE 1
| #define __EXTENSIONS__ 1
| #define HAVE_DLFCN_H 1
| #define LT_OBJDIR ".libs/"
| #define HAVE_FCNTL_H 1
| #define HAVE_INTTYPES_H 1
| #define HAVE_LIMITS_H 1
| #define HAVE_STDLIB_H 1
| #define HAVE_UNISTD_H 1
| #define HAVE_FTRUNCATE 1
| #define HAVE_MEMSET 1
| #define HAVE_MKDIR 1
| #define HAVE_STRCHR 1
| #define HAVE_STRERROR 1
| #define HAVE_STRTOL 1
| /* end confdefs.h.  */
| 
| namespace conftest {
|   extern "C" int zlibVersion ();
| }
| int
| main (void)
| {
| return conftest::zlibVersion ();
|   ;
|   return 0;
| }
configure:20665: g++ -o conftest  -g -std=c++11 -DNDEBUG  -L/Users/miharek/Desktop/Magisterska/nicew-core/build/local/lib conftest.cpp -lz   >&5
configure:20665: $? = 0
configure:20685: result: -lz
configure:20751: checking whether g++ supports C++11 features by default
configure:21065: g++ -c  -g -std=c++11 -DNDEBUG  conftest.cpp >&5
configure:21065: $? = 0
configure:21073: result: yes
configure:21452: checking whether -latomic is needed
configure:21465: g++ -o conftest  -g -std=c++11 -DNDEBUG  -L/Users/miharek/Desktop/Magisterska/nicew-core/build/local/lib conftest.cpp -lz  >&5
configure:21465: $? = 0
configure:21473: result: no
configure:21672: checking whether gcc is Clang
configure:21699: result: yes
configure:21764: checking whether pthreads work with "-pthread" and "-lpthread"
configure:21875: gcc -o conftest  -pthread  -L/Users/miharek/Desktop/Magisterska/nicew-core/build/local/lib conftest.c -lpthread -lz  >&5
configure:21875: $? = 0
configure:21885: result: yes
configure:21934: checking whether Clang needs flag to prevent "argument unused" warning when linking with -pthread
configure:21961: gcc -o conftest -Werror -Wunknown-warning-option  -pthread   -L/Users/miharek/Desktop/Magisterska/nicew-core/build/local/lib conftest.c -lz  >&5
configure:21961: $? = 0
configure:21968: (gcc -c -Werror -Wunknown-warning-option  -pthread   conftest.c >&5) && (echo ==== >&5) && (gcc -o conftest -Werror -Wunknown-warning-option  -pthread   -L/Users/miharek/Desktop/Magisterska/nicew-core/build/local/lib conftest.o -lz  >&5)
====
configure:21968: $? = 0
configure:21988: result: no
configure:22008: checking for joinable pthread attribute
configure:22027: gcc -o conftest  -pthread  -L/Users/miharek/Desktop/Magisterska/nicew-core/build/local/lib conftest.c -lpthread -lz  >&5
configure:22027: $? = 0
configure:22036: result: PTHREAD_CREATE_JOINABLE
configure:22049: checking whether more special flags are required for pthreads
configure:22063: result: no
configure:22072: checking for PTHREAD_PRIO_INHERIT
configure:22090: gcc -o conftest  -pthread  -L/Users/miharek/Desktop/Magisterska/nicew-core/build/local/lib conftest.c -lpthread -lz  >&5
configure:22090: $? = 0
configure:22100: result: yes
configure:22219: checking the location of hash_map
configure:22245: g++ -c  -g -std=c++11 -DNDEBUG  conftest.cpp >&5
configure:22245: $? = 0
configure:22268: g++ -c  -g -std=c++11 -DNDEBUG  conftest.cpp >&5
configure:22268: $? = 0
configure:22327: result: <unordered_map>
configure:22353: checking whether -llog is needed
configure:22361: result: no
configure:22493: checking that generated files are newer than configure
configure:22499: result: done
configure:22562: creating ./config.status

## ---------------------- ##
## Running config.status. ##
## ---------------------- ##

This file was extended by Protocol Buffers config.status 3.19.2, which was
generated by GNU Autoconf 2.71.  Invocation command line was

  CONFIG_FILES    = 
  CONFIG_HEADERS  = 
  CONFIG_LINKS    = 
  CONFIG_COMMANDS = 
  $ ./config.status 

on Mihaels-MacBook-Pro.local

config.status:1235: creating Makefile
config.status:1235: creating src/Makefile
config.status:1235: creating benchmarks/Makefile
config.status:1235: creating conformance/Makefile
config.status:1235: creating protobuf.pc
config.status:1235: creating protobuf-lite.pc
config.status:1235: creating config.h
config.status:1416: config.h is unchanged
config.status:1464: executing depfiles commands
config.status:1541: cd src       && sed -e '/# am--include-marker/d' Makefile         | make -f - am--depfiles
make: Nothing to be done for `am--depfiles'.
config.status:1546: $? = 0
config.status:1541: cd benchmarks       && sed -e '/# am--include-marker/d' Makefile         | make -f - am--depfiles
make: Nothing to be done for `am--depfiles'.
config.status:1546: $? = 0
config.status:1541: cd conformance       && sed -e '/# am--include-marker/d' Makefile         | make -f - am--depfiles
make: Nothing to be done for `am--depfiles'.
config.status:1546: $? = 0
config.status:1464: executing libtool commands
configure:25039: === configuring in third_party/googletest (/Users/miharek/Desktop/Magisterska/nicew-core/build/local/src/protobuf/protobuf-3.19.2/third_party/googletest)
configure:25100: running /bin/sh ./configure --disable-option-checking '--prefix=/Users/miharek/Desktop/Magisterska/nicew-core/build/local'  'LDFLAGS=-L/Users/miharek/Desktop/Magisterska/nicew-core/build/local/lib' 'LT_SYS_LIBRARY_PATH=/Users/miharek/Desktop/Magisterska/nicew-core/build/local/lib' --cache-file=/dev/null --srcdir=.

## ---------------- ##
## Cache variables. ##
## ---------------- ##

ac_cv_build=x86_64-apple-darwin21.5.0
ac_cv_build_prog_CPP='gcc -E'
ac_cv_build_prog_CXXCPP='g++ -E'
ac_cv_build_prog_cc_g=yes
ac_cv_build_prog_cxx_g=yes
ac_cv_c_compiler_gnu=yes
ac_cv_cxx_compiler_gnu=yes
ac_cv_cxx_hash_map='<unordered_map>'
ac_cv_cxx_hash_map_class=unordered_map
ac_cv_cxx_hash_namespace=std
ac_cv_cxx_hash_set='<unordered_set>'
ac_cv_cxx_hash_set_class=unordered_set
ac_cv_cxx_undeclared_builtin_options='none needed'
ac_cv_env_CCC_set=
ac_cv_env_CCC_value=
ac_cv_env_CC_set=
ac_cv_env_CC_value=
ac_cv_env_CFLAGS_set=
ac_cv_env_CFLAGS_value=
ac_cv_env_CPPFLAGS_set=
ac_cv_env_CPPFLAGS_value=
ac_cv_env_CPP_set=
ac_cv_env_CPP_value=
ac_cv_env_CXXCPP_set=
ac_cv_env_CXXCPP_value=
ac_cv_env_CXXFLAGS_set=
ac_cv_env_CXXFLAGS_value=
ac_cv_env_CXX_set=
ac_cv_env_CXX_value=
ac_cv_env_DIST_LANG_set=
ac_cv_env_DIST_LANG_value=
ac_cv_env_LDFLAGS_set=set
ac_cv_env_LDFLAGS_value=-L/Users/miharek/Desktop/Magisterska/nicew-core/build/local/lib
ac_cv_env_LIBS_set=
ac_cv_env_LIBS_value=
ac_cv_env_LT_SYS_LIBRARY_PATH_set=set
ac_cv_env_LT_SYS_LIBRARY_PATH_value=/Users/miharek/Desktop/Magisterska/nicew-core/build/local/lib
ac_cv_env_OBJCFLAGS_set=
ac_cv_env_OBJCFLAGS_value=
ac_cv_env_OBJC_set=
ac_cv_env_OBJC_value=
ac_cv_env_build_alias_set=
ac_cv_env_build_alias_value=
ac_cv_env_host_alias_set=
ac_cv_env_host_alias_value=
ac_cv_env_target_alias_set=
ac_cv_env_target_alias_value=
ac_cv_func_ftruncate=yes
ac_cv_func_memcmp_working=yes
ac_cv_func_memset=yes
ac_cv_func_mkdir=yes
ac_cv_func_strchr=yes
ac_cv_func_strerror=yes
ac_cv_func_strtod=yes
ac_cv_func_strtol=yes
ac_cv_have_decl___SUNPRO_CC=no
ac_cv_header_dlfcn_h=yes
ac_cv_header_fcntl_h=yes
ac_cv_header_inttypes_h=yes
ac_cv_header_limits_h=yes
ac_cv_header_minix_config_h=no
ac_cv_header_stdint_h=yes
ac_cv_header_stdio_h=yes
ac_cv_header_stdlib_h=yes
ac_cv_header_string_h=yes
ac_cv_header_strings_h=yes
ac_cv_header_sys_stat_h=yes
ac_cv_header_sys_types_h=yes
ac_cv_header_unistd_h=yes
ac_cv_header_wchar_h=yes
ac_cv_host=x86_64-apple-darwin21.5.0
ac_cv_objc_compiler_gnu=yes
ac_cv_objext=o
ac_cv_path_EGREP='/usr/bin/grep -E'
ac_cv_path_FGREP='/usr/bin/grep -F'
ac_cv_path_GREP=/usr/bin/grep
ac_cv_path_SED=/usr/bin/sed
ac_cv_path_install='/usr/bin/install -c'
ac_cv_path_lt_DD=/bin/dd
ac_cv_prog_AWK=awk
ac_cv_prog_CPP='gcc -E'
ac_cv_prog_CXXCPP='g++ -E'
ac_cv_prog_ac_ct_AR=ar
ac_cv_prog_ac_ct_CC=gcc
ac_cv_prog_ac_ct_CC_FOR_BUILD=gcc
ac_cv_prog_ac_ct_CXX=g++
ac_cv_prog_ac_ct_CXX_FOR_BUILD=g++
ac_cv_prog_ac_ct_DSYMUTIL=dsymutil
ac_cv_prog_ac_ct_LIPO=lipo
ac_cv_prog_ac_ct_NMEDIT=nmedit
ac_cv_prog_ac_ct_OBJC=gcc
ac_cv_prog_ac_ct_OBJDUMP=objdump
ac_cv_prog_ac_ct_OTOOL=otool
ac_cv_prog_ac_ct_RANLIB=ranlib
ac_cv_prog_ac_ct_STRIP=strip
ac_cv_prog_cc_c11=
ac_cv_prog_cc_g=yes
ac_cv_prog_cc_stdc=
ac_cv_prog_cxx_11=no
ac_cv_prog_cxx_g=yes
ac_cv_prog_cxx_stdcxx=
ac_cv_prog_make_make_set=yes
ac_cv_prog_objc_g=yes
ac_cv_safe_to_define___extensions__=yes
ac_cv_search_zlibVersion=-lz
ac_cv_should_define__xopen_source=no
ac_cv_target=x86_64-apple-darwin21.5.0
am_cv_CC_dependencies_compiler_type=gcc3
am_cv_CXX_dependencies_compiler_type=gcc3
am_cv_OBJC_dependencies_compiler_type=gcc3
am_cv_ar_interface=ar
am_cv_make_support_nested_variables=yes
am_cv_prog_cc_c_o=yes
am_cv_prog_tar_ustar=gnutar
ax_cv_PTHREAD_CLANG=yes
ax_cv_PTHREAD_CLANG_NO_WARN_FLAG=no
ax_cv_PTHREAD_JOINABLE_ATTR=PTHREAD_CREATE_JOINABLE
ax_cv_PTHREAD_PRIO_INHERIT=yes
ax_cv_PTHREAD_SPECIAL_FLAGS=no
ax_cv_cxx_compile_cxx11=yes
lt_cv_apple_cc_single_mod=yes
lt_cv_ar_at_file=no
lt_cv_deplibs_check_method=pass_all
lt_cv_file_magic_cmd='$MAGIC_CMD'
lt_cv_file_magic_test_file=
lt_cv_ld_exported_symbols_list=yes
lt_cv_ld_force_load=yes
lt_cv_ld_reload_flag=-r
lt_cv_nm_interface='BSD nm'
lt_cv_objdir=.libs
lt_cv_path_LD=/Applications/Xcode.app/Contents/Developer/Toolchains/XcodeDefault.xctoolchain/usr/bin/ld
lt_cv_path_LDCXX=/Applications/Xcode.app/Contents/Developer/Toolchains/XcodeDefault.xctoolchain/usr/bin/ld
lt_cv_path_NM='/usr/bin/nm -B'
lt_cv_path_mainfest_tool=no
lt_cv_prog_compiler_c_o=yes
lt_cv_prog_compiler_c_o_CXX=yes
lt_cv_prog_compiler_pic='-fno-common -DPIC'
lt_cv_prog_compiler_pic_CXX='-fno-common -DPIC'
lt_cv_prog_compiler_pic_works=yes
lt_cv_prog_compiler_pic_works_CXX=yes
lt_cv_prog_compiler_rtti_exceptions=yes
lt_cv_prog_compiler_static_works=no
lt_cv_prog_compiler_static_works_CXX=no
lt_cv_prog_gnu_ld=no
lt_cv_prog_gnu_ldcxx=no
lt_cv_sharedlib_from_linklib_cmd='printf %s\n'
lt_cv_sys_global_symbol_pipe='sed -n -e '\''s/^.*[	 ]\([ABCDGIRSTW][ABCDGIRSTW]*\)[	 ][	 ]*_\([_A-Za-z][_A-Za-z0-9]*\)$/\1 _\2 \2/p'\'' | sed '\''/ __gnu_lto/d'\'''
lt_cv_sys_global_symbol_to_c_name_address='sed -n -e '\''s/^: \(.*\) .*$/  {"\1", (void *) 0},/p'\'' -e '\''s/^[ABCDGIRSTW][ABCDGIRSTW]* .* \(.*\)$/  {"\1", (void *) \&\1},/p'\'''
lt_cv_sys_global_symbol_to_c_name_address_lib_prefix='sed -n -e '\''s/^: \(.*\) .*$/  {"\1", (void *) 0},/p'\'' -e '\''s/^[ABCDGIRSTW][ABCDGIRSTW]* .* \(lib.*\)$/  {"\1", (void *) \&\1},/p'\'' -e '\''s/^[ABCDGIRSTW][ABCDGIRSTW]* .* \(.*\)$/  {"lib\1", (void *) \&\1},/p'\'''
lt_cv_sys_global_symbol_to_cdecl='sed -n -e '\''s/^T .* \(.*\)$/extern int \1();/p'\'' -e '\''s/^[ABCDGIRSTW][ABCDGIRSTW]* .* \(.*\)$/extern char \1;/p'\'''
lt_cv_sys_global_symbol_to_import=
lt_cv_sys_max_cmd_len=786432
lt_cv_to_host_file_cmd=func_convert_file_noop
lt_cv_to_tool_file_cmd=func_convert_file_noop
lt_cv_truncate_bin='/bin/dd bs=4096 count=1'

## ----------------- ##
## Output variables. ##
## ----------------- ##

ACLOCAL='${SHELL} '\''/Users/miharek/Desktop/Magisterska/nicew-core/build/local/src/protobuf/protobuf-3.19.2/missing'\'' aclocal-1.16'
AMDEPBACKSLASH='\'
AMDEP_FALSE='#'
AMDEP_TRUE=''
AMTAR='$${TAR-tar}'
AM_BACKSLASH='\'
AM_DEFAULT_V='$(AM_DEFAULT_VERBOSITY)'
AM_DEFAULT_VERBOSITY='0'
AM_V='$(V)'
AR='ar'
AUTOCONF='${SHELL} '\''/Users/miharek/Desktop/Magisterska/nicew-core/build/local/src/protobuf/protobuf-3.19.2/missing'\'' autoconf'
AUTOHEADER='${SHELL} '\''/Users/miharek/Desktop/Magisterska/nicew-core/build/local/src/protobuf/protobuf-3.19.2/missing'\'' autoheader'
AUTOMAKE='${SHELL} '\''/Users/miharek/Desktop/Magisterska/nicew-core/build/local/src/protobuf/protobuf-3.19.2/missing'\'' automake-1.16'
AWK='awk'
BUILD_EXEEXT=''
BUILD_OBJEXT=''
CC='gcc'
CCDEPMODE='depmode=gcc3'
CC_FOR_BUILD='gcc'
CFLAGS=''
CFLAGS_FOR_BUILD='-g -O2'
CPP='gcc -E'
CPPFLAGS=''
CPPFLAGS_FOR_BUILD=''
CPP_FOR_BUILD='gcc -E'
CSCOPE='cscope'
CTAGS='ctags'
CXX='g++'
CXXCPP='g++ -E'
CXXCPPFLAGS_FOR_BUILD=''
CXXCPP_FOR_BUILD='g++ -E'
CXXDEPMODE='depmode=gcc3'
CXXFLAGS=' -g -std=c++11 -DNDEBUG'
CXXFLAGS_FOR_BUILD='-g -O2'
CXX_FOR_BUILD='g++'
CYGPATH_W='echo'
DEFS='-DHAVE_CONFIG_H'
DEPDIR='.deps'
DIST_LANG='all'
DLLTOOL='false'
DSYMUTIL='dsymutil'
DUMPBIN=''
ECHO_C='\c'
ECHO_N=''
ECHO_T=''
EGREP='/usr/bin/grep -E'
ETAGS='etags'
EXEEXT=''
FGREP='/usr/bin/grep -F'
GCC_FALSE='#'
GCC_TRUE=''
GREP='/usr/bin/grep'
HAVE_CXX11='1'
HAVE_LD_VERSION_SCRIPT_FALSE=''
HAVE_LD_VERSION_SCRIPT_TRUE='#'
HAVE_PTHREAD_FALSE='#'
HAVE_PTHREAD_TRUE=''
HAVE_ZLIB_FALSE='#'
HAVE_ZLIB_TRUE=''
INSTALL_DATA='${INSTALL} -m 644'
INSTALL_PROGRAM='${INSTALL}'
INSTALL_SCRIPT='${INSTALL}'
INSTALL_STRIP_PROGRAM='$(install_sh) -c -s'
ISAINFO=''
LD='/Applications/Xcode.app/Contents/Developer/Toolchains/XcodeDefault.xctoolchain/usr/bin/ld'
LDFLAGS='-L/Users/miharek/Desktop/Magisterska/nicew-core/build/local/lib'
LDFLAGS_FOR_BUILD=''
LIBATOMIC_LIBS=''
LIBLOG_LIBS=''
LIBOBJS=''
LIBS='-lz '
LIBTOOL='$(SHELL) $(top_builddir)/libtool'
LIPO='lipo'
LN_S='ln -s'
LTLIBOBJS=''
LT_SYS_LIBRARY_PATH='/Users/miharek/Desktop/Magisterska/nicew-core/build/local/lib'
MAINT=''
MAINTAINER_MODE_FALSE='#'
MAINTAINER_MODE_TRUE=''
MAKEINFO='${SHELL} '\''/Users/miharek/Desktop/Magisterska/nicew-core/build/local/src/protobuf/protobuf-3.19.2/missing'\'' makeinfo'
MANIFEST_TOOL=':'
MKDIR_P='./install-sh -c -d'
NM='/usr/bin/nm -B'
NMEDIT='nmedit'
OBJC='gcc'
OBJCDEPMODE='depmode=gcc3'
OBJCFLAGS='-g -O2'
OBJC_CONFORMANCE_TEST_FALSE='#'
OBJC_CONFORMANCE_TEST_TRUE=''
OBJDUMP='objdump'
OBJEXT='o'
OTOOL64=':'
OTOOL='otool'
PACKAGE='protobuf'
PACKAGE_BUGREPORT='protobuf@googlegroups.com'
PACKAGE_NAME='Protocol Buffers'
PACKAGE_STRING='Protocol Buffers 3.19.2'
PACKAGE_TARNAME='protobuf'
PACKAGE_URL=''
PACKAGE_VERSION='3.19.2'
PATH_SEPARATOR=':'
POW_LIB=''
PROTOBUF_OPT_FLAG='-O2'
PROTOC=''
PTHREAD_CC='gcc'
PTHREAD_CFLAGS='-pthread'
PTHREAD_LIBS='-lpthread'
RANLIB='ranlib'
SED='/usr/bin/sed'
SET_MAKE=''
SHELL='/bin/sh'
STRIP='strip'
USE_EXTERNAL_PROTOC_FALSE=''
USE_EXTERNAL_PROTOC_TRUE='#'
VERSION='3.19.2'
ac_ct_AR='ar'
ac_ct_CC='gcc'
ac_ct_CC_FOR_BUILD='gcc'
ac_ct_CXX='g++'
ac_ct_CXX_FOR_BUILD='g++'
ac_ct_DUMPBIN=''
ac_ct_OBJC='gcc'
am__EXEEXT_FALSE=''
am__EXEEXT_TRUE='#'
am__fastdepCC_FALSE='#'
am__fastdepCC_TRUE=''
am__fastdepCXX_FALSE='#'
am__fastdepCXX_TRUE=''
am__fastdepOBJC_FALSE='#'
am__fastdepOBJC_TRUE=''
am__include='include'
am__isrc=''
am__leading_dot='.'
am__nodep='_no'
am__quote=''
am__tar='tar --format=ustar -chf - "$$tardir"'
am__untar='tar -xf -'
ax_pthread_config=''
bindir='${exec_prefix}/bin'
build='x86_64-apple-darwin21.5.0'
build_alias=''
build_cpu='x86_64'
build_os='darwin21.5.0'
build_vendor='apple'
datadir='${datarootdir}'
datarootdir='${prefix}/share'
docdir='${datarootdir}/doc/${PACKAGE_TARNAME}'
dvidir='${docdir}'
exec_prefix='${prefix}'
host='x86_64-apple-darwin21.5.0'
host_alias=''
host_cpu='x86_64'
host_os='darwin21.5.0'
host_vendor='apple'
htmldir='${docdir}'
includedir='${prefix}/include'
infodir='${datarootdir}/info'
install_sh='${SHELL} /Users/miharek/Desktop/Magisterska/nicew-core/build/local/src/protobuf/protobuf-3.19.2/install-sh'
libdir='${exec_prefix}/lib'
libexecdir='${exec_prefix}/libexec'
localedir='${datarootdir}/locale'
localstatedir='${prefix}/var'
mandir='${datarootdir}/man'
mkdir_p='$(MKDIR_P)'
oldincludedir='/usr/include'
pdfdir='${docdir}'
prefix='/Users/miharek/Desktop/Magisterska/nicew-core/build/local'
program_transform_name='s,x,x,'
psdir='${docdir}'
runstatedir='${localstatedir}/run'
sbindir='${exec_prefix}/sbin'
sharedstatedir='${prefix}/com'
subdirs=' third_party/googletest'
sysconfdir='${prefix}/etc'
target='x86_64-apple-darwin21.5.0'
target_alias=''
target_cpu='x86_64'
target_os='darwin21.5.0'
target_vendor='apple'

## ----------- ##
## confdefs.h. ##
## ----------- ##

/* confdefs.h */
#define PACKAGE_NAME "Protocol Buffers"
#define PACKAGE_TARNAME "protobuf"
#define PACKAGE_VERSION "3.19.2"
#define PACKAGE_STRING "Protocol Buffers 3.19.2"
#define PACKAGE_BUGREPORT "protobuf@googlegroups.com"
#define PACKAGE_URL ""
#define PACKAGE "protobuf"
#define VERSION "3.19.2"
#define HAVE_STDIO_H 1
#define HAVE_STDLIB_H 1
#define HAVE_STRING_H 1
#define HAVE_INTTYPES_H 1
#define HAVE_STDINT_H 1
#define HAVE_STRINGS_H 1
#define HAVE_SYS_STAT_H 1
#define HAVE_SYS_TYPES_H 1
#define HAVE_UNISTD_H 1
#define HAVE_WCHAR_H 1
#define STDC_HEADERS 1
#define _ALL_SOURCE 1
#define _DARWIN_C_SOURCE 1
#define _GNU_SOURCE 1
#define _HPUX_ALT_XOPEN_SOCKET_API 1
#define _NETBSD_SOURCE 1
#define _OPENBSD_SOURCE 1
#define _POSIX_PTHREAD_SEMANTICS 1
#define __STDC_WANT_IEC_60559_ATTRIBS_EXT__ 1
#define __STDC_WANT_IEC_60559_BFP_EXT__ 1
#define __STDC_WANT_IEC_60559_DFP_EXT__ 1
#define __STDC_WANT_IEC_60559_FUNCS_EXT__ 1
#define __STDC_WANT_IEC_60559_TYPES_EXT__ 1
#define __STDC_WANT_LIB_EXT2__ 1
#define __STDC_WANT_MATH_SPEC_FUNCS__ 1
#define _TANDEM_SOURCE 1
#define __EXTENSIONS__ 1
#define HAVE_DLFCN_H 1
#define LT_OBJDIR ".libs/"
#define HAVE_FCNTL_H 1
#define HAVE_INTTYPES_H 1
#define HAVE_LIMITS_H 1
#define HAVE_STDLIB_H 1
#define HAVE_UNISTD_H 1
#define HAVE_FTRUNCATE 1
#define HAVE_MEMSET 1
#define HAVE_MKDIR 1
#define HAVE_STRCHR 1
#define HAVE_STRERROR 1
#define HAVE_STRTOL 1
#define HAVE_ZLIB 1
#define HAVE_CXX11 1
#define HAVE_PTHREAD_PRIO_INHERIT 1
#define HAVE_PTHREAD 1
#define HAVE_HASH_MAP 1
#define HAVE_HASH_SET 1
#define HASH_MAP_H <unordered_map>
#define HASH_SET_H <unordered_set>
#define HASH_NAMESPACE std
#define HASH_MAP_CLASS unordered_map
#define HASH_SET_CLASS unordered_set

configure: exit 0
