This file contains any messages produced by compilers while
running configure, to aid debugging if configure makes a mistake.

It was created by Google C++ Mocking Framework configure 1.8.0, which was
generated by GNU Autoconf 2.71.  Invocation command line was

  $ ./configure --disable-option-checking --prefix=/Users/miharek/Desktop/Magisterska/nicew-core/build/local LDFLAGS=-L/Users/miharek/Desktop/Magisterska/nicew-core/build/local/lib LT_SYS_LIBRARY_PATH=/Users/miharek/Desktop/Magisterska/nicew-core/build/local/lib --cache-file=/dev/null --srcdir=.

## --------- ##
## Platform. ##
## --------- ##

hostname = Mihaels-MacBook-Pro.local
uname -m = x86_64
uname -r = 21.5.0
uname -s = Darwin
uname -v = Darwin Kernel Version 21.5.0: Tue Apr 26 21:08:22 PDT 2022; root:xnu-8020.121.3~4/RELEASE_X86_64

/usr/bin/uname -p = i386
/bin/uname -X     = unknown

/bin/arch              = unknown
/usr/bin/arch -k       = unknown
/usr/convex/getsysinfo = unknown
/usr/bin/hostinfo      = Mach kernel version:
	 Darwin Kernel Version 21.5.0: Tue Apr 26 21:08:22 PDT 2022; root:xnu-8020.121.3~4/RELEASE_X86_64
Kernel configured for up to 8 processors.
4 processors are physically available.
8 processors are logically available.
Processor type: x86_64h (Intel x86-64h Haswell)
Processors active: 0 1 2 3 4 5 6 7
Primary memory available: 16.00 gigabytes
Default processor set: 588 tasks, 2390 threads, 8 processors
Load average: 5.31, Mach factor: 2.70
/bin/machine           = unknown
/usr/bin/oslevel       = unknown
/bin/universe          = unknown

PATH: /Users/miharek/Desktop/Magisterska/nicew-core/build/local/bin/
PATH: /usr/local/bin/
PATH: /usr/bin/
PATH: /bin/
PATH: /usr/sbin/
PATH: /sbin/
PATH: /Library/Apple/usr/bin/


## ----------- ##
## Core tests. ##
## ----------- ##

configure:2755: looking for aux files: config.guess config.sub ltmain.sh compile missing install-sh
configure:2768:  trying ./build-aux/
configure:2797:   ./build-aux/config.guess found
configure:2797:   ./build-aux/config.sub found
configure:2797:   ./build-aux/ltmain.sh found
configure:2797:   ./build-aux/compile found
configure:2797:   ./build-aux/missing found
configure:2779:   ./build-aux/install-sh found
configure:2941: checking for a BSD-compatible install
configure:3014: result: /usr/bin/install -c
configure:3025: checking whether build environment is sane
configure:3080: result: yes
configure:3239: checking for a race-free mkdir -p
configure:3283: result: ./build-aux/install-sh -c -d
configure:3290: checking for gawk
configure:3325: result: no
configure:3290: checking for mawk
configure:3325: result: no
configure:3290: checking for nawk
configure:3325: result: no
configure:3290: checking for awk
configure:3311: found /usr/bin/awk
configure:3322: result: awk
configure:3333: checking whether make sets $(MAKE)
configure:3356: result: yes
configure:3386: checking whether make supports nested variables
configure:3404: result: yes
configure:3604: checking for gcc
configure:3625: found /usr/bin/gcc
configure:3636: result: gcc
configure:3989: checking for C compiler version
configure:3998: gcc --version >&5
Apple clang version 13.1.6 (clang-1316.0.21.2.5)
Target: x86_64-apple-darwin21.5.0
Thread model: posix
InstalledDir: /Applications/Xcode.app/Contents/Developer/Toolchains/XcodeDefault.xctoolchain/usr/bin
configure:4009: $? = 0
configure:3998: gcc -v >&5
Apple clang version 13.1.6 (clang-1316.0.21.2.5)
Target: x86_64-apple-darwin21.5.0
Thread model: posix
InstalledDir: /Applications/Xcode.app/Contents/Developer/Toolchains/XcodeDefault.xctoolchain/usr/bin
configure:4009: $? = 0
configure:3998: gcc -V >&5
clang: error: argument to '-V' is missing (expected 1 value)
clang: error: no input files
configure:4009: $? = 1
configure:3998: gcc -qversion >&5
clang: error: unknown argument '-qversion'; did you mean '--version'?
clang: error: no input files
configure:4009: $? = 1
configure:3998: gcc -version >&5
clang: error: unknown argument '-version'; did you mean '--version'?
clang: error: no input files
configure:4009: $? = 1
configure:4029: checking whether the C compiler works
configure:4051: gcc   -L/Users/miharek/Desktop/Magisterska/nicew-core/build/local/lib conftest.c  >&5
configure:4055: $? = 0
configure:4105: result: yes
configure:4108: checking for C compiler default output file name
configure:4110: result: a.out
configure:4116: checking for suffix of executables
configure:4123: gcc -o conftest   -L/Users/miharek/Desktop/Magisterska/nicew-core/build/local/lib conftest.c  >&5
configure:4127: $? = 0
configure:4150: result: 
configure:4172: checking whether we are cross compiling
configure:4180: gcc -o conftest   -L/Users/miharek/Desktop/Magisterska/nicew-core/build/local/lib conftest.c  >&5
configure:4184: $? = 0
configure:4191: ./conftest
configure:4195: $? = 0
configure:4210: result: no
configure:4215: checking for suffix of object files
configure:4238: gcc -c   conftest.c >&5
configure:4242: $? = 0
configure:4264: result: o
configure:4268: checking whether the compiler supports GNU C
configure:4288: gcc -c   conftest.c >&5
configure:4288: $? = 0
configure:4298: result: yes
configure:4309: checking whether gcc accepts -g
configure:4330: gcc -c -g  conftest.c >&5
configure:4330: $? = 0
configure:4374: result: yes
configure:4394: checking for gcc option to enable C11 features
configure:4409: gcc  -c   conftest.c >&5
configure:4409: $? = 0
configure:4427: result: none needed
configure:4543: checking whether gcc understands -c and -o together
configure:4566: gcc -c conftest.c -o conftest2.o
configure:4569: $? = 0
configure:4566: gcc -c conftest.c -o conftest2.o
configure:4569: $? = 0
configure:4581: result: yes
configure:4601: checking whether make supports the include directive
configure:4616: make -f confmf.GNU && cat confinc.out
this is the am__doit target
configure:4619: $? = 0
configure:4638: result: yes (GNU style)
configure:4664: checking dependency style of gcc
configure:4776: result: gcc3
configure:4860: checking for g++
configure:4881: found /usr/bin/g++
configure:4892: result: g++
configure:4919: checking for C++ compiler version
configure:4928: g++ --version >&5
Apple clang version 13.1.6 (clang-1316.0.21.2.5)
Target: x86_64-apple-darwin21.5.0
Thread model: posix
InstalledDir: /Applications/Xcode.app/Contents/Developer/Toolchains/XcodeDefault.xctoolchain/usr/bin
configure:4939: $? = 0
configure:4928: g++ -v >&5
Apple clang version 13.1.6 (clang-1316.0.21.2.5)
Target: x86_64-apple-darwin21.5.0
Thread model: posix
InstalledDir: /Applications/Xcode.app/Contents/Developer/Toolchains/XcodeDefault.xctoolchain/usr/bin
configure:4939: $? = 0
configure:4928: g++ -V >&5
clang: error: argument to '-V' is missing (expected 1 value)
clang: error: no input files
configure:4939: $? = 1
configure:4928: g++ -qversion >&5
clang: error: unknown argument '-qversion'; did you mean '--version'?
clang: error: no input files
configure:4939: $? = 1
configure:4943: checking whether the compiler supports GNU C++
configure:4963: g++ -c  -g -std=c++11 -DNDEBUG  conftest.cpp >&5
configure:4963: $? = 0
configure:4973: result: yes
configure:4984: checking whether g++ accepts -g
configure:5005: g++ -c -g  conftest.cpp >&5
configure:5005: $? = 0
configure:5049: result: yes
configure:5069: checking for g++ option to enable C++11 features
configure:5084: g++  -c  -g -std=c++11 -DNDEBUG  conftest.cpp >&5
conftest.cpp:177:25: warning: empty parentheses interpreted as a function declaration [-Wvexing-parse]
  cxx11test::delegate d2();
                        ^~
conftest.cpp:177:25: note: remove parentheses to declare a variable
  cxx11test::delegate d2();
                        ^~
1 warning generated.
configure:5084: $? = 0
configure:5102: result: none needed
configure:5168: checking dependency style of g++
configure:5280: result: gcc3
configure:5333: checking build system type
configure:5348: result: x86_64-apple-darwin21.5.0
configure:5368: checking host system type
configure:5382: result: x86_64-apple-darwin21.5.0
configure:5423: checking how to print strings
configure:5450: result: printf
configure:5471: checking for a sed that does not truncate output
configure:5541: result: /usr/bin/sed
configure:5559: checking for grep that handles long lines and -e
configure:5623: result: /usr/bin/grep
configure:5628: checking for egrep
configure:5696: result: /usr/bin/grep -E
configure:5701: checking for fgrep
configure:5769: result: /usr/bin/grep -F
configure:5805: checking for ld used by gcc
configure:5873: result: /Applications/Xcode.app/Contents/Developer/Toolchains/XcodeDefault.xctoolchain/usr/bin/ld
configure:5880: checking if the linker (/Applications/Xcode.app/Contents/Developer/Toolchains/XcodeDefault.xctoolchain/usr/bin/ld) is GNU ld
configure:5896: result: no
configure:5908: checking for BSD- or MS-compatible name lister (nm)
configure:5963: result: /usr/bin/nm -B
configure:6103: checking the name lister (/usr/bin/nm -B) interface
configure:6111: g++ -c  -g -std=c++11 -DNDEBUG  conftest.cpp >&5
configure:6114: /usr/bin/nm -B "conftest.o"
configure:6117: output
00000000000002a4 S _some_variable
configure:6124: result: BSD nm
configure:6127: checking whether ln -s works
configure:6131: result: yes
configure:6139: checking the maximum length of command line arguments
configure:6271: result: 786432
configure:6319: checking how to convert x86_64-apple-darwin21.5.0 file names to x86_64-apple-darwin21.5.0 format
configure:6360: result: func_convert_file_noop
configure:6367: checking how to convert x86_64-apple-darwin21.5.0 file names to toolchain format
configure:6388: result: func_convert_file_noop
configure:6395: checking for /Applications/Xcode.app/Contents/Developer/Toolchains/XcodeDefault.xctoolchain/usr/bin/ld option to reload object files
configure:6403: result: -r
configure:6482: checking for objdump
configure:6503: found /usr/bin/objdump
configure:6514: result: objdump
configure:6546: checking how to recognize dependent libraries
configure:6747: result: pass_all
configure:6837: checking for dlltool
configure:6872: result: no
configure:6902: checking how to associate runtime and link libraries
configure:6930: result: printf %s\n
configure:6996: checking for ar
configure:7017: found /usr/bin/ar
configure:7028: result: ar
configure:7065: checking for archiver @FILE support
configure:7083: g++ -c  -g -std=c++11 -DNDEBUG  conftest.cpp >&5
configure:7083: $? = 0
configure:7087: ar cr libconftest.a @conftest.lst >&5
ar: @conftest.lst: No such file or directory
configure:7090: $? = 1
configure:7110: result: no
configure:7173: checking for strip
configure:7194: found /usr/bin/strip
configure:7205: result: strip
configure:7282: checking for ranlib
configure:7303: found /usr/bin/ranlib
configure:7314: result: ranlib
configure:7416: checking command to parse /usr/bin/nm -B output from gcc object
configure:7570: g++ -c  -g -std=c++11 -DNDEBUG  conftest.cpp >&5
configure:7573: $? = 0
configure:7577: /usr/bin/nm -B conftest.o | sed -n -e 's/^.*[	 ]\([ABCDGIRSTW][ABCDGIRSTW]*\)[	 ][	 ]*\([_A-Za-z][_A-Za-z0-9]*\)$/\1 \2 \2/p' | sed '/ __gnu_lto/d' > conftest.nm
cannot find nm_test_var in conftest.nm
configure:7570: g++ -c  -g -std=c++11 -DNDEBUG  conftest.cpp >&5
configure:7573: $? = 0
configure:7577: /usr/bin/nm -B conftest.o | sed -n -e 's/^.*[	 ]\([ABCDGIRSTW][ABCDGIRSTW]*\)[	 ][	 ]*_\([_A-Za-z][_A-Za-z0-9]*\)$/\1 _\2 \2/p' | sed '/ __gnu_lto/d' > conftest.nm
configure:7643: g++ -o conftest  -g -std=c++11 -DNDEBUG  -L/Users/miharek/Desktop/Magisterska/nicew-core/build/local/lib conftest.cpp conftstm.o >&5
configure:7646: $? = 0
configure:7684: result: ok
configure:7731: checking for sysroot
configure:7762: result: no
configure:7769: checking for a working dd
configure:7813: result: /bin/dd
configure:7817: checking how to truncate binary pipes
configure:7833: result: /bin/dd bs=4096 count=1
configure:8171: checking for mt
configure:8206: result: no
configure:8226: checking if : is a manifest tool
configure:8233: : '-?'
configure:8241: result: no
configure:8302: checking for dsymutil
configure:8323: found /usr/bin/dsymutil
configure:8334: result: dsymutil
configure:8404: checking for nmedit
configure:8425: found /usr/bin/nmedit
configure:8436: result: nmedit
configure:8506: checking for lipo
configure:8527: found /usr/bin/lipo
configure:8538: result: lipo
configure:8608: checking for otool
configure:8629: found /usr/bin/otool
configure:8640: result: otool
configure:8710: checking for otool64
configure:8745: result: no
configure:8790: checking for -single_module linker flag
gcc  -L/Users/miharek/Desktop/Magisterska/nicew-core/build/local/lib -o libconftest.dylib -dynamiclib -Wl,-single_module conftest.c
configure:8824: result: yes
configure:8827: checking for -exported_symbols_list linker flag
configure:8848: g++ -o conftest  -g -std=c++11 -DNDEBUG  -L/Users/miharek/Desktop/Magisterska/nicew-core/build/local/lib -Wl,-exported_symbols_list,conftest.sym conftest.cpp  >&5
configure:8848: $? = 0
configure:8859: result: yes
configure:8862: checking for -force_load linker flag
gcc  -c -o conftest.o conftest.c
ar cr libconftest.a conftest.o
ranlib libconftest.a
gcc  -L/Users/miharek/Desktop/Magisterska/nicew-core/build/local/lib -o conftest conftest.c -Wl,-force_load,./libconftest.a
configure:8895: result: yes
configure:8971: checking for stdio.h
configure:8971: g++ -c  -g -std=c++11 -DNDEBUG  conftest.cpp >&5
configure:8971: $? = 0
configure:8971: result: yes
configure:8971: checking for stdlib.h
configure:8971: g++ -c  -g -std=c++11 -DNDEBUG  conftest.cpp >&5
configure:8971: $? = 0
configure:8971: result: yes
configure:8971: checking for string.h
configure:8971: g++ -c  -g -std=c++11 -DNDEBUG  conftest.cpp >&5
configure:8971: $? = 0
configure:8971: result: yes
configure:8971: checking for inttypes.h
configure:8971: g++ -c  -g -std=c++11 -DNDEBUG  conftest.cpp >&5
configure:8971: $? = 0
configure:8971: result: yes
configure:8971: checking for stdint.h
configure:8971: g++ -c  -g -std=c++11 -DNDEBUG  conftest.cpp >&5
configure:8971: $? = 0
configure:8971: result: yes
configure:8971: checking for strings.h
configure:8971: g++ -c  -g -std=c++11 -DNDEBUG  conftest.cpp >&5
configure:8971: $? = 0
configure:8971: result: yes
configure:8971: checking for sys/stat.h
configure:8971: g++ -c  -g -std=c++11 -DNDEBUG  conftest.cpp >&5
configure:8971: $? = 0
configure:8971: result: yes
configure:8971: checking for sys/types.h
configure:8971: g++ -c  -g -std=c++11 -DNDEBUG  conftest.cpp >&5
configure:8971: $? = 0
configure:8971: result: yes
configure:8971: checking for unistd.h
configure:8971: g++ -c  -g -std=c++11 -DNDEBUG  conftest.cpp >&5
configure:8971: $? = 0
configure:8971: result: yes
configure:8996: checking for dlfcn.h
configure:8996: g++ -c  -g -std=c++11 -DNDEBUG  conftest.cpp >&5
configure:8996: $? = 0
configure:8996: result: yes
configure:9265: checking for objdir
configure:9281: result: .libs
configure:9541: checking if gcc supports -fno-rtti -fno-exceptions
configure:9560: gcc -c   -fno-rtti -fno-exceptions conftest.c >&5
configure:9564: $? = 0
configure:9577: result: yes
configure:9941: checking for gcc option to produce PIC
configure:9949: result: -fno-common -DPIC
configure:9957: checking if gcc PIC flag -fno-common -DPIC works
configure:9976: gcc -c   -fno-common -DPIC -DPIC conftest.c >&5
configure:9980: $? = 0
configure:9993: result: yes
configure:10022: checking if gcc static flag -static works
configure:10051: result: no
configure:10066: checking if gcc supports -c -o file.o
configure:10088: gcc -c   -o out/conftest2.o conftest.c >&5
configure:10092: $? = 0
configure:10114: result: yes
configure:10122: checking if gcc supports -c -o file.o
configure:10170: result: yes
configure:10203: checking whether the gcc linker (/Applications/Xcode.app/Contents/Developer/Toolchains/XcodeDefault.xctoolchain/usr/bin/ld) supports shared libraries
configure:11473: result: yes
configure:11714: checking dynamic linker characteristics
configure:12547: result: darwin21.5.0 dyld
configure:12669: checking how to hardcode library paths into programs
configure:12694: result: immediate
configure:13246: checking whether stripping libraries is possible
configure:13260: result: yes
configure:13286: checking if libtool supports shared libraries
configure:13288: result: yes
configure:13291: checking whether to build shared libraries
configure:13316: result: yes
configure:13319: checking whether to build static libraries
configure:13323: result: yes
configure:13346: checking how to run the C++ preprocessor
configure:13368: g++ -E  conftest.cpp
configure:13368: $? = 0
configure:13383: g++ -E  conftest.cpp
conftest.cpp:23:10: fatal error: 'ac_nonexistent.h' file not found
#include <ac_nonexistent.h>
         ^~~~~~~~~~~~~~~~~~
1 error generated.
configure:13383: $? = 1
configure: failed program was:
| /* confdefs.h */
| #define PACKAGE_NAME "Google C++ Mocking Framework"
| #define PACKAGE_TARNAME "gmock"
| #define PACKAGE_VERSION "1.8.0"
| #define PACKAGE_STRING "Google C++ Mocking Framework 1.8.0"
| #define PACKAGE_BUGREPORT "googlemock@googlegroups.com"
| #define PACKAGE_URL ""
| #define PACKAGE "gmock"
| #define VERSION "1.8.0"
| #define HAVE_STDIO_H 1
| #define HAVE_STDLIB_H 1
| #define HAVE_STRING_H 1
| #define HAVE_INTTYPES_H 1
| #define HAVE_STDINT_H 1
| #define HAVE_STRINGS_H 1
| #define HAVE_SYS_STAT_H 1
| #define HAVE_SYS_TYPES_H 1
| #define HAVE_UNISTD_H 1
| #define STDC_HEADERS 1
| #define HAVE_DLFCN_H 1
| #define LT_OBJDIR ".libs/"
| /* end confdefs.h.  */
| #include <ac_nonexistent.h>
configure:13410: result: g++ -E
configure:13424: g++ -E  conftest.cpp
configure:13424: $? = 0
configure:13439: g++ -E  conftest.cpp
conftest.cpp:23:10: fatal error: 'ac_nonexistent.h' file not found
#include <ac_nonexistent.h>
         ^~~~~~~~~~~~~~~~~~
1 error generated.
configure:13439: $? = 1
configure: failed program was:
| /* confdefs.h */
| #define PACKAGE_NAME "Google C++ Mocking Framework"
| #define PACKAGE_TARNAME "gmock"
| #define PACKAGE_VERSION "1.8.0"
| #define PACKAGE_STRING "Google C++ Mocking Framework 1.8.0"
| #define PACKAGE_BUGREPORT "googlemock@googlegroups.com"
| #define PACKAGE_URL ""
| #define PACKAGE "gmock"
| #define VERSION "1.8.0"
| #define HAVE_STDIO_H 1
| #define HAVE_STDLIB_H 1
| #define HAVE_STRING_H 1
| #define HAVE_INTTYPES_H 1
| #define HAVE_STDINT_H 1
| #define HAVE_STRINGS_H 1
| #define HAVE_SYS_STAT_H 1
| #define HAVE_SYS_TYPES_H 1
| #define HAVE_UNISTD_H 1
| #define STDC_HEADERS 1
| #define HAVE_DLFCN_H 1
| #define LT_OBJDIR ".libs/"
| /* end confdefs.h.  */
| #include <ac_nonexistent.h>
configure:13604: checking for ld used by g++
configure:13672: result: /Applications/Xcode.app/Contents/Developer/Toolchains/XcodeDefault.xctoolchain/usr/bin/ld
configure:13679: checking if the linker (/Applications/Xcode.app/Contents/Developer/Toolchains/XcodeDefault.xctoolchain/usr/bin/ld) is GNU ld
configure:13695: result: no
configure:13750: checking whether the g++ linker (/Applications/Xcode.app/Contents/Developer/Toolchains/XcodeDefault.xctoolchain/usr/bin/ld) supports shared libraries
configure:14827: result: yes
configure:14863: g++ -c  -g -std=c++11 -DNDEBUG  conftest.cpp >&5
configure:14866: $? = 0
configure:15347: checking for g++ option to produce PIC
configure:15355: result: -fno-common -DPIC
configure:15363: checking if g++ PIC flag -fno-common -DPIC works
configure:15382: g++ -c  -g -std=c++11 -DNDEBUG  -fno-common -DPIC -DPIC conftest.cpp >&5
configure:15386: $? = 0
configure:15399: result: yes
configure:15422: checking if g++ static flag -static works
configure:15451: result: no
configure:15463: checking if g++ supports -c -o file.o
configure:15485: g++ -c  -g -std=c++11 -DNDEBUG  -o out/conftest2.o conftest.cpp >&5
configure:15489: $? = 0
configure:15511: result: yes
configure:15516: checking if g++ supports -c -o file.o
configure:15564: result: yes
configure:15594: checking whether the g++ linker (/Applications/Xcode.app/Contents/Developer/Toolchains/XcodeDefault.xctoolchain/usr/bin/ld) supports shared libraries
configure:15637: result: yes
configure:15779: checking dynamic linker characteristics
configure:16539: result: darwin21.5.0 dyld
configure:16604: checking how to hardcode library paths into programs
configure:16629: result: immediate
configure:16699: checking for python
configure:16735: result: :
configure:16958: checking for the pthreads library -lpthreads
configure:16991: gcc -o conftest    -L/Users/miharek/Desktop/Magisterska/nicew-core/build/local/lib conftest.c -lpthreads  >&5
conftest.c:28:41: warning: null passed to a callee that requires a non-null argument [-Wnonnull]
                     pthread_attr_init(0); pthread_cleanup_push(0, 0);
                                       ~^
conftest.c:29:44: warning: null passed to a callee that requires a non-null argument [-Wnonnull]
                     pthread_create(0,0,0,0); pthread_cleanup_pop(0);
                                    ~      ^
conftest.c:29:44: warning: null passed to a callee that requires a non-null argument [-Wnonnull]
                     pthread_create(0,0,0,0); pthread_cleanup_pop(0);
                                        ~  ^
3 warnings generated.
ld: library not found for -lpthreads
clang: error: linker command failed with exit code 1 (use -v to see invocation)
configure:16991: $? = 1
configure: failed program was:
| /* confdefs.h */
| #define PACKAGE_NAME "Google C++ Mocking Framework"
| #define PACKAGE_TARNAME "gmock"
| #define PACKAGE_VERSION "1.8.0"
| #define PACKAGE_STRING "Google C++ Mocking Framework 1.8.0"
| #define PACKAGE_BUGREPORT "googlemock@googlegroups.com"
| #define PACKAGE_URL ""
| #define PACKAGE "gmock"
| #define VERSION "1.8.0"
| #define HAVE_STDIO_H 1
| #define HAVE_STDLIB_H 1
| #define HAVE_STRING_H 1
| #define HAVE_INTTYPES_H 1
| #define HAVE_STDINT_H 1
| #define HAVE_STRINGS_H 1
| #define HAVE_SYS_STAT_H 1
| #define HAVE_SYS_TYPES_H 1
| #define HAVE_UNISTD_H 1
| #define STDC_HEADERS 1
| #define HAVE_DLFCN_H 1
| #define LT_OBJDIR ".libs/"
| /* end confdefs.h.  */
| #include <pthread.h>
| int
| main (void)
| {
| pthread_t th; pthread_join(th, 0);
|                      pthread_attr_init(0); pthread_cleanup_push(0, 0);
|                      pthread_create(0,0,0,0); pthread_cleanup_pop(0);
|   ;
|   return 0;
| }
configure:17001: result: no
configure:16898: checking whether pthreads work without any flags
configure:16991: gcc -o conftest    -L/Users/miharek/Desktop/Magisterska/nicew-core/build/local/lib conftest.c   >&5
conftest.c:28:41: warning: null passed to a callee that requires a non-null argument [-Wnonnull]
                     pthread_attr_init(0); pthread_cleanup_push(0, 0);
                                       ~^
conftest.c:29:44: warning: null passed to a callee that requires a non-null argument [-Wnonnull]
                     pthread_create(0,0,0,0); pthread_cleanup_pop(0);
                                    ~      ^
conftest.c:29:44: warning: null passed to a callee that requires a non-null argument [-Wnonnull]
                     pthread_create(0,0,0,0); pthread_cleanup_pop(0);
                                        ~  ^
3 warnings generated.
configure:16991: $? = 0
configure:17001: result: yes
configure:17020: checking for joinable pthread attribute
configure:17035: gcc -o conftest    -L/Users/miharek/Desktop/Magisterska/nicew-core/build/local/lib conftest.c   >&5
configure:17035: $? = 0
configure:17042: result: PTHREAD_CREATE_JOINABLE
configure:17050: checking if more special flags are required for pthreads
configure:17057: result: -D_THREAD_SAFE
configure:17151: checking whether to check for GCC pthread/shared inconsistencies
configure:17164: gcc -o conftest -shared -fPIC -Wl,-z,defs  -D_THREAD_SAFE   -L/Users/miharek/Desktop/Magisterska/nicew-core/build/local/lib conftest.c   >&5
ld: unknown option: -z
clang: error: linker command failed with exit code 1 (use -v to see invocation)
configure:17164: $? = 1
configure: failed program was:
| /* confdefs.h */
| #define PACKAGE_NAME "Google C++ Mocking Framework"
| #define PACKAGE_TARNAME "gmock"
| #define PACKAGE_VERSION "1.8.0"
| #define PACKAGE_STRING "Google C++ Mocking Framework 1.8.0"
| #define PACKAGE_BUGREPORT "googlemock@googlegroups.com"
| #define PACKAGE_URL ""
| #define PACKAGE "gmock"
| #define VERSION "1.8.0"
| #define HAVE_STDIO_H 1
| #define HAVE_STDLIB_H 1
| #define HAVE_STRING_H 1
| #define HAVE_INTTYPES_H 1
| #define HAVE_STDINT_H 1
| #define HAVE_STRINGS_H 1
| #define HAVE_SYS_STAT_H 1
| #define HAVE_SYS_TYPES_H 1
| #define HAVE_UNISTD_H 1
| #define STDC_HEADERS 1
| #define HAVE_DLFCN_H 1
| #define LT_OBJDIR ".libs/"
| /* end confdefs.h.  */
| 
| int
| main (void)
| {
| 
|   ;
|   return 0;
| }
configure:17174: result: no
configure:17412: checking for gtest-config
configure:17450: result: no
configure:17604: checking that generated files are newer than configure
configure:17610: result: done
configure:17645: creating ./config.status

## ---------------------- ##
## Running config.status. ##
## ---------------------- ##

This file was extended by Google C++ Mocking Framework config.status 1.8.0, which was
generated by GNU Autoconf 2.71.  Invocation command line was

  CONFIG_FILES    = 
  CONFIG_HEADERS  = 
  CONFIG_LINKS    = 
  CONFIG_COMMANDS = 
  $ ./config.status 

on Mihaels-MacBook-Pro.local

config.status:1163: creating Makefile
config.status:1163: creating scripts/gmock-config
config.status:1163: creating build-aux/config.h
config.status:1344: build-aux/config.h is unchanged
config.status:1392: executing depfiles commands
config.status:1470: cd .       && sed -e '/# am--include-marker/d' Makefile         | make -f - am--depfiles
make: Nothing to be done for `am--depfiles'.
config.status:1475: $? = 0
config.status:1392: executing libtool commands

## ---------------- ##
## Cache variables. ##
## ---------------- ##

ac_cv_build=x86_64-apple-darwin21.5.0
ac_cv_c_compiler_gnu=yes
ac_cv_cxx_compiler_gnu=yes
ac_cv_env_CCC_set=
ac_cv_env_CCC_value=
ac_cv_env_CC_set=
ac_cv_env_CC_value=
ac_cv_env_CFLAGS_set=set
ac_cv_env_CFLAGS_value=
ac_cv_env_CPPFLAGS_set=
ac_cv_env_CPPFLAGS_value=
ac_cv_env_CXXCPP_set=
ac_cv_env_CXXCPP_value=
ac_cv_env_CXXFLAGS_set=set
ac_cv_env_CXXFLAGS_value=' -g -std=c++11 -DNDEBUG'
ac_cv_env_CXX_set=
ac_cv_env_CXX_value=
ac_cv_env_GTEST_CONFIG_set=
ac_cv_env_GTEST_CONFIG_value=
ac_cv_env_GTEST_CPPFLAGS_set=
ac_cv_env_GTEST_CPPFLAGS_value=
ac_cv_env_GTEST_CXXFLAGS_set=
ac_cv_env_GTEST_CXXFLAGS_value=
ac_cv_env_GTEST_LDFLAGS_set=
ac_cv_env_GTEST_LDFLAGS_value=
ac_cv_env_GTEST_LIBS_set=
ac_cv_env_GTEST_LIBS_value=
ac_cv_env_GTEST_VERSION_set=set
ac_cv_env_GTEST_VERSION_value=1.11.0
ac_cv_env_LDFLAGS_set=set
ac_cv_env_LDFLAGS_value=-L/Users/miharek/Desktop/Magisterska/nicew-core/build/local/lib
ac_cv_env_LIBS_set=
ac_cv_env_LIBS_value=
ac_cv_env_LT_SYS_LIBRARY_PATH_set=set
ac_cv_env_LT_SYS_LIBRARY_PATH_value=/Users/miharek/Desktop/Magisterska/nicew-core/build/local/lib
ac_cv_env_build_alias_set=
ac_cv_env_build_alias_value=
ac_cv_env_host_alias_set=
ac_cv_env_host_alias_value=
ac_cv_env_target_alias_set=
ac_cv_env_target_alias_value=
ac_cv_header_dlfcn_h=yes
ac_cv_header_inttypes_h=yes
ac_cv_header_stdint_h=yes
ac_cv_header_stdio_h=yes
ac_cv_header_stdlib_h=yes
ac_cv_header_string_h=yes
ac_cv_header_strings_h=yes
ac_cv_header_sys_stat_h=yes
ac_cv_header_sys_types_h=yes
ac_cv_header_unistd_h=yes
ac_cv_host=x86_64-apple-darwin21.5.0
ac_cv_objext=o
ac_cv_path_EGREP='/usr/bin/grep -E'
ac_cv_path_FGREP='/usr/bin/grep -F'
ac_cv_path_GREP=/usr/bin/grep
ac_cv_path_PYTHON=:
ac_cv_path_SED=/usr/bin/sed
ac_cv_path_install='/usr/bin/install -c'
ac_cv_path_lt_DD=/bin/dd
ac_cv_prog_AWK=awk
ac_cv_prog_CXXCPP='g++ -E'
ac_cv_prog_ac_ct_AR=ar
ac_cv_prog_ac_ct_CC=gcc
ac_cv_prog_ac_ct_CXX=g++
ac_cv_prog_ac_ct_DSYMUTIL=dsymutil
ac_cv_prog_ac_ct_LIPO=lipo
ac_cv_prog_ac_ct_NMEDIT=nmedit
ac_cv_prog_ac_ct_OBJDUMP=objdump
ac_cv_prog_ac_ct_OTOOL=otool
ac_cv_prog_ac_ct_RANLIB=ranlib
ac_cv_prog_ac_ct_STRIP=strip
ac_cv_prog_cc_c11=
ac_cv_prog_cc_g=yes
ac_cv_prog_cc_stdc=
ac_cv_prog_cxx_11=no
ac_cv_prog_cxx_cxx11=
ac_cv_prog_cxx_g=yes
ac_cv_prog_cxx_stdcxx=
ac_cv_prog_make_make_set=yes
am_cv_CC_dependencies_compiler_type=gcc3
am_cv_CXX_dependencies_compiler_type=gcc3
am_cv_make_support_nested_variables=yes
am_cv_prog_cc_c_o=yes
lt_cv_apple_cc_single_mod=yes
lt_cv_ar_at_file=no
lt_cv_deplibs_check_method=pass_all
lt_cv_file_magic_cmd='$MAGIC_CMD'
lt_cv_file_magic_test_file=
lt_cv_ld_exported_symbols_list=yes
lt_cv_ld_force_load=yes
lt_cv_ld_reload_flag=-r
lt_cv_nm_interface='BSD nm'
lt_cv_objdir=.libs
lt_cv_path_LD=/Applications/Xcode.app/Contents/Developer/Toolchains/XcodeDefault.xctoolchain/usr/bin/ld
lt_cv_path_LDCXX=/Applications/Xcode.app/Contents/Developer/Toolchains/XcodeDefault.xctoolchain/usr/bin/ld
lt_cv_path_NM='/usr/bin/nm -B'
lt_cv_path_mainfest_tool=no
lt_cv_prog_compiler_c_o=yes
lt_cv_prog_compiler_c_o_CXX=yes
lt_cv_prog_compiler_pic='-fno-common -DPIC'
lt_cv_prog_compiler_pic_CXX='-fno-common -DPIC'
lt_cv_prog_compiler_pic_works=yes
lt_cv_prog_compiler_pic_works_CXX=yes
lt_cv_prog_compiler_rtti_exceptions=yes
lt_cv_prog_compiler_static_works=no
lt_cv_prog_compiler_static_works_CXX=no
lt_cv_prog_gnu_ld=no
lt_cv_prog_gnu_ldcxx=no
lt_cv_sharedlib_from_linklib_cmd='printf %s\n'
lt_cv_sys_global_symbol_pipe='sed -n -e '\''s/^.*[	 ]\([ABCDGIRSTW][ABCDGIRSTW]*\)[	 ][	 ]*_\([_A-Za-z][_A-Za-z0-9]*\)$/\1 _\2 \2/p'\'' | sed '\''/ __gnu_lto/d'\'''
lt_cv_sys_global_symbol_to_c_name_address='sed -n -e '\''s/^: \(.*\) .*$/  {"\1", (void *) 0},/p'\'' -e '\''s/^[ABCDGIRSTW][ABCDGIRSTW]* .* \(.*\)$/  {"\1", (void *) \&\1},/p'\'''
lt_cv_sys_global_symbol_to_c_name_address_lib_prefix='sed -n -e '\''s/^: \(.*\) .*$/  {"\1", (void *) 0},/p'\'' -e '\''s/^[ABCDGIRSTW][ABCDGIRSTW]* .* \(lib.*\)$/  {"\1", (void *) \&\1},/p'\'' -e '\''s/^[ABCDGIRSTW][ABCDGIRSTW]* .* \(.*\)$/  {"lib\1", (void *) \&\1},/p'\'''
lt_cv_sys_global_symbol_to_cdecl='sed -n -e '\''s/^T .* \(.*\)$/extern int \1();/p'\'' -e '\''s/^[ABCDGIRSTW][ABCDGIRSTW]* .* \(.*\)$/extern char \1;/p'\'''
lt_cv_sys_global_symbol_to_import=
lt_cv_sys_max_cmd_len=786432
lt_cv_to_host_file_cmd=func_convert_file_noop
lt_cv_to_tool_file_cmd=func_convert_file_noop
lt_cv_truncate_bin='/bin/dd bs=4096 count=1'

## ----------------- ##
## Output variables. ##
## ----------------- ##

ACLOCAL='${SHELL} '\''/Users/miharek/Desktop/Magisterska/nicew-core/build/local/src/protobuf/protobuf-3.19.2/third_party/googletest/googlemock/build-aux/missing'\'' aclocal-1.16'
AMDEPBACKSLASH='\'
AMDEP_FALSE='#'
AMDEP_TRUE=''
AMTAR='$${TAR-tar}'
AM_BACKSLASH='\'
AM_DEFAULT_V='$(AM_DEFAULT_VERBOSITY)'
AM_DEFAULT_VERBOSITY='1'
AM_V='$(V)'
AR='ar'
AUTOCONF='${SHELL} '\''/Users/miharek/Desktop/Magisterska/nicew-core/build/local/src/protobuf/protobuf-3.19.2/third_party/googletest/googlemock/build-aux/missing'\'' autoconf'
AUTOHEADER='${SHELL} '\''/Users/miharek/Desktop/Magisterska/nicew-core/build/local/src/protobuf/protobuf-3.19.2/third_party/googletest/googlemock/build-aux/missing'\'' autoheader'
AUTOMAKE='${SHELL} '\''/Users/miharek/Desktop/Magisterska/nicew-core/build/local/src/protobuf/protobuf-3.19.2/third_party/googletest/googlemock/build-aux/missing'\'' automake-1.16'
AWK='awk'
CC='gcc'
CCDEPMODE='depmode=gcc3'
CFLAGS=''
CPPFLAGS=''
CSCOPE='cscope'
CTAGS='ctags'
CXX='g++'
CXXCPP='g++ -E'
CXXDEPMODE='depmode=gcc3'
CXXFLAGS=' -g -std=c++11 -DNDEBUG'
CYGPATH_W='echo'
DEFS='-DHAVE_CONFIG_H'
DEPDIR='.deps'
DLLTOOL='false'
DSYMUTIL='dsymutil'
DUMPBIN=''
ECHO_C='\c'
ECHO_N=''
ECHO_T=''
EGREP='/usr/bin/grep -E'
ETAGS='etags'
EXEEXT=''
FGREP='/usr/bin/grep -F'
GREP='/usr/bin/grep'
GTEST_CONFIG='/Users/miharek/Desktop/Magisterska/nicew-core/build/local/src/protobuf/protobuf-3.19.2/third_party/googletest/googlemock/../googletest/scripts/gtest-config'
GTEST_CPPFLAGS='-I$(top_srcdir)/../googletest/include'
GTEST_CXXFLAGS='-g'
GTEST_LDFLAGS=''
GTEST_LIBS='$(top_builddir)/../googletest/lib/libgtest.la'
GTEST_VERSION='1.8.0'
HAVE_PTHREADS_FALSE='#'
HAVE_PTHREADS_TRUE=''
HAVE_PYTHON_FALSE=''
HAVE_PYTHON_TRUE='#'
INSTALL_DATA='${INSTALL} -m 644'
INSTALL_PROGRAM='${INSTALL}'
INSTALL_SCRIPT='${INSTALL}'
INSTALL_STRIP_PROGRAM='$(install_sh) -c -s'
LD='/Applications/Xcode.app/Contents/Developer/Toolchains/XcodeDefault.xctoolchain/usr/bin/ld'
LDFLAGS='-L/Users/miharek/Desktop/Magisterska/nicew-core/build/local/lib'
LIBOBJS=''
LIBS=''
LIBTOOL='$(SHELL) $(top_builddir)/libtool'
LIPO='lipo'
LN_S='ln -s'
LTLIBOBJS=''
LT_SYS_LIBRARY_PATH='/Users/miharek/Desktop/Magisterska/nicew-core/build/local/lib'
MAKEINFO='${SHELL} '\''/Users/miharek/Desktop/Magisterska/nicew-core/build/local/src/protobuf/protobuf-3.19.2/third_party/googletest/googlemock/build-aux/missing'\'' makeinfo'
MANIFEST_TOOL=':'
MKDIR_P='./build-aux/install-sh -c -d'
NM='/usr/bin/nm -B'
NMEDIT='nmedit'
OBJDUMP='objdump'
OBJEXT='o'
OTOOL64=':'
OTOOL='otool'
PACKAGE='gmock'
PACKAGE_BUGREPORT='googlemock@googlegroups.com'
PACKAGE_NAME='Google C++ Mocking Framework'
PACKAGE_STRING='Google C++ Mocking Framework 1.8.0'
PACKAGE_TARNAME='gmock'
PACKAGE_URL=''
PACKAGE_VERSION='1.8.0'
PATH_SEPARATOR=':'
PTHREAD_CC='gcc'
PTHREAD_CFLAGS='-D_THREAD_SAFE '
PTHREAD_LIBS=''
PYTHON=':'
RANLIB='ranlib'
SED='/usr/bin/sed'
SET_MAKE=''
SHELL='/bin/sh'
STRIP='strip'
VERSION='1.8.0'
ac_ct_AR='ar'
ac_ct_CC='gcc'
ac_ct_CXX='g++'
ac_ct_DUMPBIN=''
acx_pthread_config=''
am__EXEEXT_FALSE=''
am__EXEEXT_TRUE='#'
am__fastdepCC_FALSE='#'
am__fastdepCC_TRUE=''
am__fastdepCXX_FALSE='#'
am__fastdepCXX_TRUE=''
am__include='include'
am__isrc=''
am__leading_dot='.'
am__nodep='_no'
am__quote=''
am__tar='$${TAR-tar} chof - "$$tardir"'
am__untar='$${TAR-tar} xf -'
bindir='${exec_prefix}/bin'
build='x86_64-apple-darwin21.5.0'
build_alias=''
build_cpu='x86_64'
build_os='darwin21.5.0'
build_vendor='apple'
datadir='${datarootdir}'
datarootdir='${prefix}/share'
docdir='${datarootdir}/doc/${PACKAGE_TARNAME}'
dvidir='${docdir}'
exec_prefix='${prefix}'
host='x86_64-apple-darwin21.5.0'
host_alias=''
host_cpu='x86_64'
host_os='darwin21.5.0'
host_vendor='apple'
htmldir='${docdir}'
includedir='${prefix}/include'
infodir='${datarootdir}/info'
install_sh='${SHELL} /Users/miharek/Desktop/Magisterska/nicew-core/build/local/src/protobuf/protobuf-3.19.2/third_party/googletest/googlemock/build-aux/install-sh'
libdir='${exec_prefix}/lib'
libexecdir='${exec_prefix}/libexec'
localedir='${datarootdir}/locale'
localstatedir='${prefix}/var'
mandir='${datarootdir}/man'
mkdir_p='$(MKDIR_P)'
oldincludedir='/usr/include'
pdfdir='${docdir}'
prefix='/Users/miharek/Desktop/Magisterska/nicew-core/build/local'
program_transform_name='s,x,x,'
psdir='${docdir}'
runstatedir='${localstatedir}/run'
sbindir='${exec_prefix}/sbin'
sharedstatedir='${prefix}/com'
sysconfdir='${prefix}/etc'
target_alias=''

## ----------- ##
## confdefs.h. ##
## ----------- ##

/* confdefs.h */
#define PACKAGE_NAME "Google C++ Mocking Framework"
#define PACKAGE_TARNAME "gmock"
#define PACKAGE_VERSION "1.8.0"
#define PACKAGE_STRING "Google C++ Mocking Framework 1.8.0"
#define PACKAGE_BUGREPORT "googlemock@googlegroups.com"
#define PACKAGE_URL ""
#define PACKAGE "gmock"
#define VERSION "1.8.0"
#define HAVE_STDIO_H 1
#define HAVE_STDLIB_H 1
#define HAVE_STRING_H 1
#define HAVE_INTTYPES_H 1
#define HAVE_STDINT_H 1
#define HAVE_STRINGS_H 1
#define HAVE_SYS_STAT_H 1
#define HAVE_SYS_TYPES_H 1
#define HAVE_UNISTD_H 1
#define STDC_HEADERS 1
#define HAVE_DLFCN_H 1
#define LT_OBJDIR ".libs/"
#define HAVE_PTHREAD 1

configure: exit 0
