This file contains any messages produced by compilers while
running configure, to aid debugging if configure makes a mistake.

It was created by Google C++ Testing Framework configure 1.8.0, which was
generated by GNU Autoconf 2.71.  Invocation command line was

  $ ./configure --disable-option-checking --prefix=/Users/miharek/Desktop/Magisterska/nicew-core/build/local LDFLAGS=-L/Users/miharek/Desktop/Magisterska/nicew-core/build/local/lib LT_SYS_LIBRARY_PATH=/Users/miharek/Desktop/Magisterska/nicew-core/build/local/lib --cache-file=/dev/null --srcdir=.

## --------- ##
## Platform. ##
## --------- ##

hostname = Mihaels-MacBook-Pro.local
uname -m = x86_64
uname -r = 21.5.0
uname -s = Darwin
uname -v = Darwin Kernel Version 21.5.0: Tue Apr 26 21:08:22 PDT 2022; root:xnu-8020.121.3~4/RELEASE_X86_64

/usr/bin/uname -p = i386
/bin/uname -X     = unknown

/bin/arch              = unknown
/usr/bin/arch -k       = unknown
/usr/convex/getsysinfo = unknown
/usr/bin/hostinfo      = Mach kernel version:
	 Darwin Kernel Version 21.5.0: Tue Apr 26 21:08:22 PDT 2022; root:xnu-8020.121.3~4/RELEASE_X86_64
Kernel configured for up to 8 processors.
4 processors are physically available.
8 processors are logically available.
Processor type: x86_64h (Intel x86-64h Haswell)
Processors active: 0 1 2 3 4 5 6 7
Primary memory available: 16.00 gigabytes
Default processor set: 603 tasks, 2602 threads, 8 processors
Load average: 13.73, Mach factor: 2.18
/bin/machine           = unknown
/usr/bin/oslevel       = unknown
/bin/universe          = unknown

PATH: /Users/miharek/Desktop/Magisterska/nicew-core/build/local/bin/
PATH: /usr/local/bin/
PATH: /usr/bin/
PATH: /bin/
PATH: /usr/sbin/
PATH: /sbin/
PATH: /Library/Apple/usr/bin/


## ----------- ##
## Core tests. ##
## ----------- ##

configure:2719: looking for aux files: config.guess config.sub ltmain.sh compile missing install-sh
configure:2732:  trying ./build-aux/
configure:2761:   ./build-aux/config.guess found
configure:2761:   ./build-aux/config.sub found
configure:2761:   ./build-aux/ltmain.sh found
configure:2761:   ./build-aux/compile found
configure:2761:   ./build-aux/missing found
configure:2743:   ./build-aux/install-sh found
configure:2906: checking for a BSD-compatible install
configure:2979: result: /usr/bin/install -c
configure:2990: checking whether build environment is sane
configure:3045: result: yes
configure:3204: checking for a race-free mkdir -p
configure:3248: result: ./build-aux/install-sh -c -d
configure:3255: checking for gawk
configure:3290: result: no
configure:3255: checking for mawk
configure:3290: result: no
configure:3255: checking for nawk
configure:3290: result: no
configure:3255: checking for awk
configure:3276: found /usr/bin/awk
configure:3287: result: awk
configure:3298: checking whether make sets $(MAKE)
configure:3321: result: yes
configure:3351: checking whether make supports nested variables
configure:3369: result: yes
configure:3569: checking for gcc
configure:3590: found /usr/bin/gcc
configure:3601: result: gcc
configure:3954: checking for C compiler version
configure:3963: gcc --version >&5
Apple clang version 13.1.6 (clang-1316.0.21.2.5)
Target: x86_64-apple-darwin21.5.0
Thread model: posix
InstalledDir: /Applications/Xcode.app/Contents/Developer/Toolchains/XcodeDefault.xctoolchain/usr/bin
configure:3974: $? = 0
configure:3963: gcc -v >&5
Apple clang version 13.1.6 (clang-1316.0.21.2.5)
Target: x86_64-apple-darwin21.5.0
Thread model: posix
InstalledDir: /Applications/Xcode.app/Contents/Developer/Toolchains/XcodeDefault.xctoolchain/usr/bin
configure:3974: $? = 0
configure:3963: gcc -V >&5
clang: error: argument to '-V' is missing (expected 1 value)
clang: error: no input files
configure:3974: $? = 1
configure:3963: gcc -qversion >&5
clang: error: unknown argument '-qversion'; did you mean '--version'?
clang: error: no input files
configure:3974: $? = 1
configure:3963: gcc -version >&5
clang: error: unknown argument '-version'; did you mean '--version'?
clang: error: no input files
configure:3974: $? = 1
configure:3994: checking whether the C compiler works
configure:4016: gcc   -L/Users/miharek/Desktop/Magisterska/nicew-core/build/local/lib conftest.c  >&5
configure:4020: $? = 0
configure:4070: result: yes
configure:4073: checking for C compiler default output file name
configure:4075: result: a.out
configure:4081: checking for suffix of executables
configure:4088: gcc -o conftest   -L/Users/miharek/Desktop/Magisterska/nicew-core/build/local/lib conftest.c  >&5
configure:4092: $? = 0
configure:4115: result: 
configure:4137: checking whether we are cross compiling
configure:4145: gcc -o conftest   -L/Users/miharek/Desktop/Magisterska/nicew-core/build/local/lib conftest.c  >&5
configure:4149: $? = 0
configure:4156: ./conftest
configure:4160: $? = 0
configure:4175: result: no
configure:4180: checking for suffix of object files
configure:4203: gcc -c   conftest.c >&5
configure:4207: $? = 0
configure:4229: result: o
configure:4233: checking whether the compiler supports GNU C
configure:4253: gcc -c   conftest.c >&5
configure:4253: $? = 0
configure:4263: result: yes
configure:4274: checking whether gcc accepts -g
configure:4295: gcc -c -g  conftest.c >&5
configure:4295: $? = 0
configure:4339: result: yes
configure:4359: checking for gcc option to enable C11 features
configure:4374: gcc  -c   conftest.c >&5
configure:4374: $? = 0
configure:4392: result: none needed
configure:4508: checking whether gcc understands -c and -o together
configure:4531: gcc -c conftest.c -o conftest2.o
configure:4534: $? = 0
configure:4531: gcc -c conftest.c -o conftest2.o
configure:4534: $? = 0
configure:4546: result: yes
configure:4566: checking whether make supports the include directive
configure:4581: make -f confmf.GNU && cat confinc.out
this is the am__doit target
configure:4584: $? = 0
configure:4603: result: yes (GNU style)
configure:4629: checking dependency style of gcc
configure:4741: result: gcc3
configure:4825: checking for g++
configure:4846: found /usr/bin/g++
configure:4857: result: g++
configure:4884: checking for C++ compiler version
configure:4893: g++ --version >&5
Apple clang version 13.1.6 (clang-1316.0.21.2.5)
Target: x86_64-apple-darwin21.5.0
Thread model: posix
InstalledDir: /Applications/Xcode.app/Contents/Developer/Toolchains/XcodeDefault.xctoolchain/usr/bin
configure:4904: $? = 0
configure:4893: g++ -v >&5
Apple clang version 13.1.6 (clang-1316.0.21.2.5)
Target: x86_64-apple-darwin21.5.0
Thread model: posix
InstalledDir: /Applications/Xcode.app/Contents/Developer/Toolchains/XcodeDefault.xctoolchain/usr/bin
configure:4904: $? = 0
configure:4893: g++ -V >&5
clang: error: argument to '-V' is missing (expected 1 value)
clang: error: no input files
configure:4904: $? = 1
configure:4893: g++ -qversion >&5
clang: error: unknown argument '-qversion'; did you mean '--version'?
clang: error: no input files
configure:4904: $? = 1
configure:4908: checking whether the compiler supports GNU C++
configure:4928: g++ -c  -g -std=c++11 -DNDEBUG  conftest.cpp >&5
configure:4928: $? = 0
configure:4938: result: yes
configure:4949: checking whether g++ accepts -g
configure:4970: g++ -c -g  conftest.cpp >&5
configure:4970: $? = 0
configure:5014: result: yes
configure:5034: checking for g++ option to enable C++11 features
configure:5049: g++  -c  -g -std=c++11 -DNDEBUG  conftest.cpp >&5
conftest.cpp:177:25: warning: empty parentheses interpreted as a function declaration [-Wvexing-parse]
  cxx11test::delegate d2();
                        ^~
conftest.cpp:177:25: note: remove parentheses to declare a variable
  cxx11test::delegate d2();
                        ^~
1 warning generated.
configure:5049: $? = 0
configure:5067: result: none needed
configure:5133: checking dependency style of g++
configure:5245: result: gcc3
configure:5298: checking build system type
configure:5313: result: x86_64-apple-darwin21.5.0
configure:5333: checking host system type
configure:5347: result: x86_64-apple-darwin21.5.0
configure:5388: checking how to print strings
configure:5415: result: printf
configure:5436: checking for a sed that does not truncate output
configure:5506: result: /usr/bin/sed
configure:5524: checking for grep that handles long lines and -e
configure:5588: result: /usr/bin/grep
configure:5593: checking for egrep
configure:5661: result: /usr/bin/grep -E
configure:5666: checking for fgrep
configure:5734: result: /usr/bin/grep -F
configure:5770: checking for ld used by gcc
configure:5838: result: /Applications/Xcode.app/Contents/Developer/Toolchains/XcodeDefault.xctoolchain/usr/bin/ld
configure:5845: checking if the linker (/Applications/Xcode.app/Contents/Developer/Toolchains/XcodeDefault.xctoolchain/usr/bin/ld) is GNU ld
configure:5861: result: no
configure:5873: checking for BSD- or MS-compatible name lister (nm)
configure:5928: result: /usr/bin/nm -B
configure:6068: checking the name lister (/usr/bin/nm -B) interface
configure:6076: g++ -c  -g -std=c++11 -DNDEBUG  conftest.cpp >&5
configure:6079: /usr/bin/nm -B "conftest.o"
configure:6082: output
00000000000002a4 S _some_variable
configure:6089: result: BSD nm
configure:6092: checking whether ln -s works
configure:6096: result: yes
configure:6104: checking the maximum length of command line arguments
configure:6236: result: 786432
configure:6284: checking how to convert x86_64-apple-darwin21.5.0 file names to x86_64-apple-darwin21.5.0 format
configure:6325: result: func_convert_file_noop
configure:6332: checking how to convert x86_64-apple-darwin21.5.0 file names to toolchain format
configure:6353: result: func_convert_file_noop
configure:6360: checking for /Applications/Xcode.app/Contents/Developer/Toolchains/XcodeDefault.xctoolchain/usr/bin/ld option to reload object files
configure:6368: result: -r
configure:6447: checking for objdump
configure:6468: found /usr/bin/objdump
configure:6479: result: objdump
configure:6511: checking how to recognize dependent libraries
configure:6712: result: pass_all
configure:6802: checking for dlltool
configure:6837: result: no
configure:6867: checking how to associate runtime and link libraries
configure:6895: result: printf %s\n
configure:6961: checking for ar
configure:6982: found /usr/bin/ar
configure:6993: result: ar
configure:7030: checking for archiver @FILE support
configure:7048: g++ -c  -g -std=c++11 -DNDEBUG  conftest.cpp >&5
configure:7048: $? = 0
configure:7052: ar cr libconftest.a @conftest.lst >&5
ar: @conftest.lst: No such file or directory
configure:7055: $? = 1
configure:7075: result: no
configure:7138: checking for strip
configure:7159: found /usr/bin/strip
configure:7170: result: strip
configure:7247: checking for ranlib
configure:7268: found /usr/bin/ranlib
configure:7279: result: ranlib
configure:7381: checking command to parse /usr/bin/nm -B output from gcc object
configure:7535: g++ -c  -g -std=c++11 -DNDEBUG  conftest.cpp >&5
configure:7538: $? = 0
configure:7542: /usr/bin/nm -B conftest.o | sed -n -e 's/^.*[	 ]\([ABCDGIRSTW][ABCDGIRSTW]*\)[	 ][	 ]*\([_A-Za-z][_A-Za-z0-9]*\)$/\1 \2 \2/p' | sed '/ __gnu_lto/d' > conftest.nm
cannot find nm_test_var in conftest.nm
configure:7535: g++ -c  -g -std=c++11 -DNDEBUG  conftest.cpp >&5
configure:7538: $? = 0
configure:7542: /usr/bin/nm -B conftest.o | sed -n -e 's/^.*[	 ]\([ABCDGIRSTW][ABCDGIRSTW]*\)[	 ][	 ]*_\([_A-Za-z][_A-Za-z0-9]*\)$/\1 _\2 \2/p' | sed '/ __gnu_lto/d' > conftest.nm
configure:7608: g++ -o conftest  -g -std=c++11 -DNDEBUG  -L/Users/miharek/Desktop/Magisterska/nicew-core/build/local/lib conftest.cpp conftstm.o >&5
configure:7611: $? = 0
configure:7649: result: ok
configure:7696: checking for sysroot
configure:7727: result: no
configure:7734: checking for a working dd
configure:7778: result: /bin/dd
configure:7782: checking how to truncate binary pipes
configure:7798: result: /bin/dd bs=4096 count=1
configure:8136: checking for mt
configure:8171: result: no
configure:8191: checking if : is a manifest tool
configure:8198: : '-?'
configure:8206: result: no
configure:8267: checking for dsymutil
configure:8288: found /usr/bin/dsymutil
configure:8299: result: dsymutil
configure:8369: checking for nmedit
configure:8390: found /usr/bin/nmedit
configure:8401: result: nmedit
configure:8471: checking for lipo
configure:8492: found /usr/bin/lipo
configure:8503: result: lipo
configure:8573: checking for otool
configure:8594: found /usr/bin/otool
configure:8605: result: otool
configure:8675: checking for otool64
configure:8710: result: no
configure:8755: checking for -single_module linker flag
gcc  -L/Users/miharek/Desktop/Magisterska/nicew-core/build/local/lib -o libconftest.dylib -dynamiclib -Wl,-single_module conftest.c
configure:8789: result: yes
configure:8792: checking for -exported_symbols_list linker flag
configure:8813: g++ -o conftest  -g -std=c++11 -DNDEBUG  -L/Users/miharek/Desktop/Magisterska/nicew-core/build/local/lib -Wl,-exported_symbols_list,conftest.sym conftest.cpp  >&5
configure:8813: $? = 0
configure:8824: result: yes
configure:8827: checking for -force_load linker flag
gcc  -c -o conftest.o conftest.c
ar cr libconftest.a conftest.o
ranlib libconftest.a
gcc  -L/Users/miharek/Desktop/Magisterska/nicew-core/build/local/lib -o conftest conftest.c -Wl,-force_load,./libconftest.a
configure:8860: result: yes
configure:8936: checking for stdio.h
configure:8936: g++ -c  -g -std=c++11 -DNDEBUG  conftest.cpp >&5
configure:8936: $? = 0
configure:8936: result: yes
configure:8936: checking for stdlib.h
configure:8936: g++ -c  -g -std=c++11 -DNDEBUG  conftest.cpp >&5
configure:8936: $? = 0
configure:8936: result: yes
configure:8936: checking for string.h
configure:8936: g++ -c  -g -std=c++11 -DNDEBUG  conftest.cpp >&5
configure:8936: $? = 0
configure:8936: result: yes
configure:8936: checking for inttypes.h
configure:8936: g++ -c  -g -std=c++11 -DNDEBUG  conftest.cpp >&5
configure:8936: $? = 0
configure:8936: result: yes
configure:8936: checking for stdint.h
configure:8936: g++ -c  -g -std=c++11 -DNDEBUG  conftest.cpp >&5
configure:8936: $? = 0
configure:8936: result: yes
configure:8936: checking for strings.h
configure:8936: g++ -c  -g -std=c++11 -DNDEBUG  conftest.cpp >&5
configure:8936: $? = 0
configure:8936: result: yes
configure:8936: checking for sys/stat.h
configure:8936: g++ -c  -g -std=c++11 -DNDEBUG  conftest.cpp >&5
configure:8936: $? = 0
configure:8936: result: yes
configure:8936: checking for sys/types.h
configure:8936: g++ -c  -g -std=c++11 -DNDEBUG  conftest.cpp >&5
configure:8936: $? = 0
configure:8936: result: yes
configure:8936: checking for unistd.h
configure:8936: g++ -c  -g -std=c++11 -DNDEBUG  conftest.cpp >&5
configure:8936: $? = 0
configure:8936: result: yes
configure:8961: checking for dlfcn.h
configure:8961: g++ -c  -g -std=c++11 -DNDEBUG  conftest.cpp >&5
configure:8961: $? = 0
configure:8961: result: yes
configure:9230: checking for objdir
configure:9246: result: .libs
configure:9510: checking if gcc supports -fno-rtti -fno-exceptions
configure:9529: gcc -c   -fno-rtti -fno-exceptions conftest.c >&5
configure:9533: $? = 0
configure:9546: result: yes
configure:9910: checking for gcc option to produce PIC
configure:9918: result: -fno-common -DPIC
configure:9926: checking if gcc PIC flag -fno-common -DPIC works
configure:9945: gcc -c   -fno-common -DPIC -DPIC conftest.c >&5
configure:9949: $? = 0
configure:9962: result: yes
configure:9991: checking if gcc static flag -static works
configure:10020: result: no
configure:10035: checking if gcc supports -c -o file.o
configure:10057: gcc -c   -o out/conftest2.o conftest.c >&5
configure:10061: $? = 0
configure:10083: result: yes
configure:10091: checking if gcc supports -c -o file.o
configure:10139: result: yes
configure:10172: checking whether the gcc linker (/Applications/Xcode.app/Contents/Developer/Toolchains/XcodeDefault.xctoolchain/usr/bin/ld) supports shared libraries
configure:11442: result: yes
configure:11683: checking dynamic linker characteristics
configure:12516: result: darwin21.5.0 dyld
configure:12638: checking how to hardcode library paths into programs
configure:12663: result: immediate
configure:13215: checking whether stripping libraries is possible
configure:13229: result: yes
configure:13255: checking if libtool supports shared libraries
configure:13257: result: yes
configure:13260: checking whether to build shared libraries
configure:13285: result: yes
configure:13288: checking whether to build static libraries
configure:13292: result: yes
configure:13315: checking how to run the C++ preprocessor
configure:13337: g++ -E  conftest.cpp
configure:13337: $? = 0
configure:13352: g++ -E  conftest.cpp
conftest.cpp:23:10: fatal error: 'ac_nonexistent.h' file not found
#include <ac_nonexistent.h>
         ^~~~~~~~~~~~~~~~~~
1 error generated.
configure:13352: $? = 1
configure: failed program was:
| /* confdefs.h */
| #define PACKAGE_NAME "Google C++ Testing Framework"
| #define PACKAGE_TARNAME "gtest"
| #define PACKAGE_VERSION "1.8.0"
| #define PACKAGE_STRING "Google C++ Testing Framework 1.8.0"
| #define PACKAGE_BUGREPORT "googletestframework@googlegroups.com"
| #define PACKAGE_URL ""
| #define PACKAGE "gtest"
| #define VERSION "1.8.0"
| #define HAVE_STDIO_H 1
| #define HAVE_STDLIB_H 1
| #define HAVE_STRING_H 1
| #define HAVE_INTTYPES_H 1
| #define HAVE_STDINT_H 1
| #define HAVE_STRINGS_H 1
| #define HAVE_SYS_STAT_H 1
| #define HAVE_SYS_TYPES_H 1
| #define HAVE_UNISTD_H 1
| #define STDC_HEADERS 1
| #define HAVE_DLFCN_H 1
| #define LT_OBJDIR ".libs/"
| /* end confdefs.h.  */
| #include <ac_nonexistent.h>
configure:13379: result: g++ -E
configure:13393: g++ -E  conftest.cpp
configure:13393: $? = 0
configure:13408: g++ -E  conftest.cpp
conftest.cpp:23:10: fatal error: 'ac_nonexistent.h' file not found
#include <ac_nonexistent.h>
         ^~~~~~~~~~~~~~~~~~
1 error generated.
configure:13408: $? = 1
configure: failed program was:
| /* confdefs.h */
| #define PACKAGE_NAME "Google C++ Testing Framework"
| #define PACKAGE_TARNAME "gtest"
| #define PACKAGE_VERSION "1.8.0"
| #define PACKAGE_STRING "Google C++ Testing Framework 1.8.0"
| #define PACKAGE_BUGREPORT "googletestframework@googlegroups.com"
| #define PACKAGE_URL ""
| #define PACKAGE "gtest"
| #define VERSION "1.8.0"
| #define HAVE_STDIO_H 1
| #define HAVE_STDLIB_H 1
| #define HAVE_STRING_H 1
| #define HAVE_INTTYPES_H 1
| #define HAVE_STDINT_H 1
| #define HAVE_STRINGS_H 1
| #define HAVE_SYS_STAT_H 1
| #define HAVE_SYS_TYPES_H 1
| #define HAVE_UNISTD_H 1
| #define STDC_HEADERS 1
| #define HAVE_DLFCN_H 1
| #define LT_OBJDIR ".libs/"
| /* end confdefs.h.  */
| #include <ac_nonexistent.h>
configure:13573: checking for ld used by g++
configure:13641: result: /Applications/Xcode.app/Contents/Developer/Toolchains/XcodeDefault.xctoolchain/usr/bin/ld
configure:13648: checking if the linker (/Applications/Xcode.app/Contents/Developer/Toolchains/XcodeDefault.xctoolchain/usr/bin/ld) is GNU ld
configure:13664: result: no
configure:13719: checking whether the g++ linker (/Applications/Xcode.app/Contents/Developer/Toolchains/XcodeDefault.xctoolchain/usr/bin/ld) supports shared libraries
configure:14796: result: yes
configure:14832: g++ -c  -g -std=c++11 -DNDEBUG  conftest.cpp >&5
configure:14835: $? = 0
configure:15316: checking for g++ option to produce PIC
configure:15324: result: -fno-common -DPIC
configure:15332: checking if g++ PIC flag -fno-common -DPIC works
configure:15351: g++ -c  -g -std=c++11 -DNDEBUG  -fno-common -DPIC -DPIC conftest.cpp >&5
configure:15355: $? = 0
configure:15368: result: yes
configure:15391: checking if g++ static flag -static works
configure:15420: result: no
configure:15432: checking if g++ supports -c -o file.o
configure:15454: g++ -c  -g -std=c++11 -DNDEBUG  -o out/conftest2.o conftest.cpp >&5
configure:15458: $? = 0
configure:15480: result: yes
configure:15485: checking if g++ supports -c -o file.o
configure:15533: result: yes
configure:15563: checking whether the g++ linker (/Applications/Xcode.app/Contents/Developer/Toolchains/XcodeDefault.xctoolchain/usr/bin/ld) supports shared libraries
configure:15606: result: yes
configure:15748: checking dynamic linker characteristics
configure:16508: result: darwin21.5.0 dyld
configure:16573: checking how to hardcode library paths into programs
configure:16598: result: immediate
configure:16668: checking for python
configure:16704: result: :
configure:16925: checking for the pthreads library -lpthreads
configure:16958: gcc -o conftest    -L/Users/miharek/Desktop/Magisterska/nicew-core/build/local/lib conftest.c -lpthreads  >&5
conftest.c:28:41: warning: null passed to a callee that requires a non-null argument [-Wnonnull]
                     pthread_attr_init(0); pthread_cleanup_push(0, 0);
                                       ~^
conftest.c:29:44: warning: null passed to a callee that requires a non-null argument [-Wnonnull]
                     pthread_create(0,0,0,0); pthread_cleanup_pop(0);
                                    ~      ^
conftest.c:29:44: warning: null passed to a callee that requires a non-null argument [-Wnonnull]
                     pthread_create(0,0,0,0); pthread_cleanup_pop(0);
                                        ~  ^
3 warnings generated.
ld: library not found for -lpthreads
clang: error: linker command failed with exit code 1 (use -v to see invocation)
configure:16958: $? = 1
configure: failed program was:
| /* confdefs.h */
| #define PACKAGE_NAME "Google C++ Testing Framework"
| #define PACKAGE_TARNAME "gtest"
| #define PACKAGE_VERSION "1.8.0"
| #define PACKAGE_STRING "Google C++ Testing Framework 1.8.0"
| #define PACKAGE_BUGREPORT "googletestframework@googlegroups.com"
| #define PACKAGE_URL ""
| #define PACKAGE "gtest"
| #define VERSION "1.8.0"
| #define HAVE_STDIO_H 1
| #define HAVE_STDLIB_H 1
| #define HAVE_STRING_H 1
| #define HAVE_INTTYPES_H 1
| #define HAVE_STDINT_H 1
| #define HAVE_STRINGS_H 1
| #define HAVE_SYS_STAT_H 1
| #define HAVE_SYS_TYPES_H 1
| #define HAVE_UNISTD_H 1
| #define STDC_HEADERS 1
| #define HAVE_DLFCN_H 1
| #define LT_OBJDIR ".libs/"
| /* end confdefs.h.  */
| #include <pthread.h>
| int
| main (void)
| {
| pthread_t th; pthread_join(th, 0);
|                      pthread_attr_init(0); pthread_cleanup_push(0, 0);
|                      pthread_create(0,0,0,0); pthread_cleanup_pop(0);
|   ;
|   return 0;
| }
configure:16968: result: no
configure:16865: checking whether pthreads work without any flags
configure:16958: gcc -o conftest    -L/Users/miharek/Desktop/Magisterska/nicew-core/build/local/lib conftest.c   >&5
conftest.c:28:41: warning: null passed to a callee that requires a non-null argument [-Wnonnull]
                     pthread_attr_init(0); pthread_cleanup_push(0, 0);
                                       ~^
conftest.c:29:44: warning: null passed to a callee that requires a non-null argument [-Wnonnull]
                     pthread_create(0,0,0,0); pthread_cleanup_pop(0);
                                    ~      ^
conftest.c:29:44: warning: null passed to a callee that requires a non-null argument [-Wnonnull]
                     pthread_create(0,0,0,0); pthread_cleanup_pop(0);
                                        ~  ^
3 warnings generated.
configure:16958: $? = 0
configure:16968: result: yes
configure:16987: checking for joinable pthread attribute
configure:17002: gcc -o conftest    -L/Users/miharek/Desktop/Magisterska/nicew-core/build/local/lib conftest.c   >&5
configure:17002: $? = 0
configure:17009: result: PTHREAD_CREATE_JOINABLE
configure:17017: checking if more special flags are required for pthreads
configure:17024: result: -D_THREAD_SAFE
configure:17118: checking whether to check for GCC pthread/shared inconsistencies
configure:17131: gcc -o conftest -shared -fPIC -Wl,-z,defs  -D_THREAD_SAFE   -L/Users/miharek/Desktop/Magisterska/nicew-core/build/local/lib conftest.c   >&5
ld: unknown option: -z
clang: error: linker command failed with exit code 1 (use -v to see invocation)
configure:17131: $? = 1
configure: failed program was:
| /* confdefs.h */
| #define PACKAGE_NAME "Google C++ Testing Framework"
| #define PACKAGE_TARNAME "gtest"
| #define PACKAGE_VERSION "1.8.0"
| #define PACKAGE_STRING "Google C++ Testing Framework 1.8.0"
| #define PACKAGE_BUGREPORT "googletestframework@googlegroups.com"
| #define PACKAGE_URL ""
| #define PACKAGE "gtest"
| #define VERSION "1.8.0"
| #define HAVE_STDIO_H 1
| #define HAVE_STDLIB_H 1
| #define HAVE_STRING_H 1
| #define HAVE_INTTYPES_H 1
| #define HAVE_STDINT_H 1
| #define HAVE_STRINGS_H 1
| #define HAVE_SYS_STAT_H 1
| #define HAVE_SYS_TYPES_H 1
| #define HAVE_UNISTD_H 1
| #define STDC_HEADERS 1
| #define HAVE_DLFCN_H 1
| #define LT_OBJDIR ".libs/"
| /* end confdefs.h.  */
| 
| int
| main (void)
| {
| 
|   ;
|   return 0;
| }
configure:17141: result: no
configure:17425: checking that generated files are newer than configure
configure:17431: result: done
configure:17466: creating ./config.status

## ---------------------- ##
## Running config.status. ##
## ---------------------- ##

This file was extended by Google C++ Testing Framework config.status 1.8.0, which was
generated by GNU Autoconf 2.71.  Invocation command line was

  CONFIG_FILES    = 
  CONFIG_HEADERS  = 
  CONFIG_LINKS    = 
  CONFIG_COMMANDS = 
  $ ./config.status 

on Mihaels-MacBook-Pro.local

config.status:1156: creating Makefile
config.status:1156: creating scripts/gtest-config
config.status:1156: creating build-aux/config.h
config.status:1337: build-aux/config.h is unchanged
config.status:1385: executing depfiles commands
config.status:1463: cd .       && sed -e '/# am--include-marker/d' Makefile         | make -f - am--depfiles
make: Nothing to be done for `am--depfiles'.
config.status:1468: $? = 0
config.status:1385: executing libtool commands

## ---------------- ##
## Cache variables. ##
## ---------------- ##

ac_cv_build=x86_64-apple-darwin21.5.0
ac_cv_c_compiler_gnu=yes
ac_cv_cxx_compiler_gnu=yes
ac_cv_env_CCC_set=
ac_cv_env_CCC_value=
ac_cv_env_CC_set=
ac_cv_env_CC_value=
ac_cv_env_CFLAGS_set=set
ac_cv_env_CFLAGS_value=
ac_cv_env_CPPFLAGS_set=
ac_cv_env_CPPFLAGS_value=
ac_cv_env_CXXCPP_set=
ac_cv_env_CXXCPP_value=
ac_cv_env_CXXFLAGS_set=set
ac_cv_env_CXXFLAGS_value=' -g -std=c++11 -DNDEBUG'
ac_cv_env_CXX_set=
ac_cv_env_CXX_value=
ac_cv_env_LDFLAGS_set=set
ac_cv_env_LDFLAGS_value=-L/Users/miharek/Desktop/Magisterska/nicew-core/build/local/lib
ac_cv_env_LIBS_set=
ac_cv_env_LIBS_value=
ac_cv_env_LT_SYS_LIBRARY_PATH_set=set
ac_cv_env_LT_SYS_LIBRARY_PATH_value=/Users/miharek/Desktop/Magisterska/nicew-core/build/local/lib
ac_cv_env_build_alias_set=
ac_cv_env_build_alias_value=
ac_cv_env_host_alias_set=
ac_cv_env_host_alias_value=
ac_cv_env_target_alias_set=
ac_cv_env_target_alias_value=
ac_cv_header_dlfcn_h=yes
ac_cv_header_inttypes_h=yes
ac_cv_header_stdint_h=yes
ac_cv_header_stdio_h=yes
ac_cv_header_stdlib_h=yes
ac_cv_header_string_h=yes
ac_cv_header_strings_h=yes
ac_cv_header_sys_stat_h=yes
ac_cv_header_sys_types_h=yes
ac_cv_header_unistd_h=yes
ac_cv_host=x86_64-apple-darwin21.5.0
ac_cv_objext=o
ac_cv_path_EGREP='/usr/bin/grep -E'
ac_cv_path_FGREP='/usr/bin/grep -F'
ac_cv_path_GREP=/usr/bin/grep
ac_cv_path_PYTHON=:
ac_cv_path_SED=/usr/bin/sed
ac_cv_path_install='/usr/bin/install -c'
ac_cv_path_lt_DD=/bin/dd
ac_cv_prog_AWK=awk
ac_cv_prog_CXXCPP='g++ -E'
ac_cv_prog_ac_ct_AR=ar
ac_cv_prog_ac_ct_CC=gcc
ac_cv_prog_ac_ct_CXX=g++
ac_cv_prog_ac_ct_DSYMUTIL=dsymutil
ac_cv_prog_ac_ct_LIPO=lipo
ac_cv_prog_ac_ct_NMEDIT=nmedit
ac_cv_prog_ac_ct_OBJDUMP=objdump
ac_cv_prog_ac_ct_OTOOL=otool
ac_cv_prog_ac_ct_RANLIB=ranlib
ac_cv_prog_ac_ct_STRIP=strip
ac_cv_prog_cc_c11=
ac_cv_prog_cc_g=yes
ac_cv_prog_cc_stdc=
ac_cv_prog_cxx_11=no
ac_cv_prog_cxx_cxx11=
ac_cv_prog_cxx_g=yes
ac_cv_prog_cxx_stdcxx=
ac_cv_prog_make_make_set=yes
am_cv_CC_dependencies_compiler_type=gcc3
am_cv_CXX_dependencies_compiler_type=gcc3
am_cv_make_support_nested_variables=yes
am_cv_prog_cc_c_o=yes
lt_cv_apple_cc_single_mod=yes
lt_cv_ar_at_file=no
lt_cv_deplibs_check_method=pass_all
lt_cv_file_magic_cmd='$MAGIC_CMD'
lt_cv_file_magic_test_file=
lt_cv_ld_exported_symbols_list=yes
lt_cv_ld_force_load=yes
lt_cv_ld_reload_flag=-r
lt_cv_nm_interface='BSD nm'
lt_cv_objdir=.libs
lt_cv_path_LD=/Applications/Xcode.app/Contents/Developer/Toolchains/XcodeDefault.xctoolchain/usr/bin/ld
lt_cv_path_LDCXX=/Applications/Xcode.app/Contents/Developer/Toolchains/XcodeDefault.xctoolchain/usr/bin/ld
lt_cv_path_NM='/usr/bin/nm -B'
lt_cv_path_mainfest_tool=no
lt_cv_prog_compiler_c_o=yes
lt_cv_prog_compiler_c_o_CXX=yes
lt_cv_prog_compiler_pic='-fno-common -DPIC'
lt_cv_prog_compiler_pic_CXX='-fno-common -DPIC'
lt_cv_prog_compiler_pic_works=yes
lt_cv_prog_compiler_pic_works_CXX=yes
lt_cv_prog_compiler_rtti_exceptions=yes
lt_cv_prog_compiler_static_works=no
lt_cv_prog_compiler_static_works_CXX=no
lt_cv_prog_gnu_ld=no
lt_cv_prog_gnu_ldcxx=no
lt_cv_sharedlib_from_linklib_cmd='printf %s\n'
lt_cv_sys_global_symbol_pipe='sed -n -e '\''s/^.*[	 ]\([ABCDGIRSTW][ABCDGIRSTW]*\)[	 ][	 ]*_\([_A-Za-z][_A-Za-z0-9]*\)$/\1 _\2 \2/p'\'' | sed '\''/ __gnu_lto/d'\'''
lt_cv_sys_global_symbol_to_c_name_address='sed -n -e '\''s/^: \(.*\) .*$/  {"\1", (void *) 0},/p'\'' -e '\''s/^[ABCDGIRSTW][ABCDGIRSTW]* .* \(.*\)$/  {"\1", (void *) \&\1},/p'\'''
lt_cv_sys_global_symbol_to_c_name_address_lib_prefix='sed -n -e '\''s/^: \(.*\) .*$/  {"\1", (void *) 0},/p'\'' -e '\''s/^[ABCDGIRSTW][ABCDGIRSTW]* .* \(lib.*\)$/  {"\1", (void *) \&\1},/p'\'' -e '\''s/^[ABCDGIRSTW][ABCDGIRSTW]* .* \(.*\)$/  {"lib\1", (void *) \&\1},/p'\'''
lt_cv_sys_global_symbol_to_cdecl='sed -n -e '\''s/^T .* \(.*\)$/extern int \1();/p'\'' -e '\''s/^[ABCDGIRSTW][ABCDGIRSTW]* .* \(.*\)$/extern char \1;/p'\'''
lt_cv_sys_global_symbol_to_import=
lt_cv_sys_max_cmd_len=786432
lt_cv_to_host_file_cmd=func_convert_file_noop
lt_cv_to_tool_file_cmd=func_convert_file_noop
lt_cv_truncate_bin='/bin/dd bs=4096 count=1'

## ----------------- ##
## Output variables. ##
## ----------------- ##

ACLOCAL='${SHELL} '\''/Users/miharek/Desktop/Magisterska/nicew-core/build/local/src/protobuf/protobuf-3.19.2/third_party/googletest/googletest/build-aux/missing'\'' aclocal-1.16'
AMDEPBACKSLASH='\'
AMDEP_FALSE='#'
AMDEP_TRUE=''
AMTAR='$${TAR-tar}'
AM_BACKSLASH='\'
AM_DEFAULT_V='$(AM_DEFAULT_VERBOSITY)'
AM_DEFAULT_VERBOSITY='1'
AM_V='$(V)'
AR='ar'
AUTOCONF='${SHELL} '\''/Users/miharek/Desktop/Magisterska/nicew-core/build/local/src/protobuf/protobuf-3.19.2/third_party/googletest/googletest/build-aux/missing'\'' autoconf'
AUTOHEADER='${SHELL} '\''/Users/miharek/Desktop/Magisterska/nicew-core/build/local/src/protobuf/protobuf-3.19.2/third_party/googletest/googletest/build-aux/missing'\'' autoheader'
AUTOMAKE='${SHELL} '\''/Users/miharek/Desktop/Magisterska/nicew-core/build/local/src/protobuf/protobuf-3.19.2/third_party/googletest/googletest/build-aux/missing'\'' automake-1.16'
AWK='awk'
CC='gcc'
CCDEPMODE='depmode=gcc3'
CFLAGS=''
CPPFLAGS=''
CSCOPE='cscope'
CTAGS='ctags'
CXX='g++'
CXXCPP='g++ -E'
CXXDEPMODE='depmode=gcc3'
CXXFLAGS=' -g -std=c++11 -DNDEBUG'
CYGPATH_W='echo'
DEFS='-DHAVE_CONFIG_H'
DEPDIR='.deps'
DLLTOOL='false'
DSYMUTIL='dsymutil'
DUMPBIN=''
ECHO_C='\c'
ECHO_N=''
ECHO_T=''
EGREP='/usr/bin/grep -E'
ETAGS='etags'
EXEEXT=''
FGREP='/usr/bin/grep -F'
GREP='/usr/bin/grep'
HAVE_PTHREADS_FALSE='#'
HAVE_PTHREADS_TRUE=''
HAVE_PYTHON_FALSE=''
HAVE_PYTHON_TRUE='#'
INSTALL_DATA='${INSTALL} -m 644'
INSTALL_PROGRAM='${INSTALL}'
INSTALL_SCRIPT='${INSTALL}'
INSTALL_STRIP_PROGRAM='$(install_sh) -c -s'
LD='/Applications/Xcode.app/Contents/Developer/Toolchains/XcodeDefault.xctoolchain/usr/bin/ld'
LDFLAGS='-L/Users/miharek/Desktop/Magisterska/nicew-core/build/local/lib'
LIBOBJS=''
LIBS=''
LIBTOOL='$(SHELL) $(top_builddir)/libtool'
LIPO='lipo'
LN_S='ln -s'
LTLIBOBJS=''
LT_SYS_LIBRARY_PATH='/Users/miharek/Desktop/Magisterska/nicew-core/build/local/lib'
MAKEINFO='${SHELL} '\''/Users/miharek/Desktop/Magisterska/nicew-core/build/local/src/protobuf/protobuf-3.19.2/third_party/googletest/googletest/build-aux/missing'\'' makeinfo'
MANIFEST_TOOL=':'
MKDIR_P='./build-aux/install-sh -c -d'
NM='/usr/bin/nm -B'
NMEDIT='nmedit'
OBJDUMP='objdump'
OBJEXT='o'
OTOOL64=':'
OTOOL='otool'
PACKAGE='gtest'
PACKAGE_BUGREPORT='googletestframework@googlegroups.com'
PACKAGE_NAME='Google C++ Testing Framework'
PACKAGE_STRING='Google C++ Testing Framework 1.8.0'
PACKAGE_TARNAME='gtest'
PACKAGE_URL=''
PACKAGE_VERSION='1.8.0'
PATH_SEPARATOR=':'
PTHREAD_CC='gcc'
PTHREAD_CFLAGS='-D_THREAD_SAFE '
PTHREAD_LIBS=''
PYTHON=':'
RANLIB='ranlib'
SED='/usr/bin/sed'
SET_MAKE=''
SHELL='/bin/sh'
STRIP='strip'
VERSION='1.8.0'
ac_ct_AR='ar'
ac_ct_CC='gcc'
ac_ct_CXX='g++'
ac_ct_DUMPBIN=''
acx_pthread_config=''
am__EXEEXT_FALSE=''
am__EXEEXT_TRUE='#'
am__fastdepCC_FALSE='#'
am__fastdepCC_TRUE=''
am__fastdepCXX_FALSE='#'
am__fastdepCXX_TRUE=''
am__include='include'
am__isrc=''
am__leading_dot='.'
am__nodep='_no'
am__quote=''
am__tar='$${TAR-tar} chof - "$$tardir"'
am__untar='$${TAR-tar} xf -'
bindir='${exec_prefix}/bin'
build='x86_64-apple-darwin21.5.0'
build_alias=''
build_cpu='x86_64'
build_os='darwin21.5.0'
build_vendor='apple'
datadir='${datarootdir}'
datarootdir='${prefix}/share'
docdir='${datarootdir}/doc/${PACKAGE_TARNAME}'
dvidir='${docdir}'
exec_prefix='${prefix}'
host='x86_64-apple-darwin21.5.0'
host_alias=''
host_cpu='x86_64'
host_os='darwin21.5.0'
host_vendor='apple'
htmldir='${docdir}'
includedir='${prefix}/include'
infodir='${datarootdir}/info'
install_sh='${SHELL} /Users/miharek/Desktop/Magisterska/nicew-core/build/local/src/protobuf/protobuf-3.19.2/third_party/googletest/googletest/build-aux/install-sh'
libdir='${exec_prefix}/lib'
libexecdir='${exec_prefix}/libexec'
localedir='${datarootdir}/locale'
localstatedir='${prefix}/var'
mandir='${datarootdir}/man'
mkdir_p='$(MKDIR_P)'
oldincludedir='/usr/include'
pdfdir='${docdir}'
prefix='/Users/miharek/Desktop/Magisterska/nicew-core/build/local'
program_transform_name='s,x,x,'
psdir='${docdir}'
runstatedir='${localstatedir}/run'
sbindir='${exec_prefix}/sbin'
sharedstatedir='${prefix}/com'
sysconfdir='${prefix}/etc'
target_alias=''

## ----------- ##
## confdefs.h. ##
## ----------- ##

/* confdefs.h */
#define PACKAGE_NAME "Google C++ Testing Framework"
#define PACKAGE_TARNAME "gtest"
#define PACKAGE_VERSION "1.8.0"
#define PACKAGE_STRING "Google C++ Testing Framework 1.8.0"
#define PACKAGE_BUGREPORT "googletestframework@googlegroups.com"
#define PACKAGE_URL ""
#define PACKAGE "gtest"
#define VERSION "1.8.0"
#define HAVE_STDIO_H 1
#define HAVE_STDLIB_H 1
#define HAVE_STRING_H 1
#define HAVE_INTTYPES_H 1
#define HAVE_STDINT_H 1
#define HAVE_STRINGS_H 1
#define HAVE_SYS_STAT_H 1
#define HAVE_SYS_TYPES_H 1
#define HAVE_UNISTD_H 1
#define STDC_HEADERS 1
#define HAVE_DLFCN_H 1
#define LT_OBJDIR ".libs/"
#define HAVE_PTHREAD 1

configure: exit 0
